ARM GAS  C:\Users\Jerry\AppData\Local\Temp\cc3Mwkba.s 			page 1


   1              		.cpu cortex-m0plus
   2              		.fpu softvfp
   3              		.eabi_attribute 20, 1
   4              		.eabi_attribute 21, 1
   5              		.eabi_attribute 23, 3
   6              		.eabi_attribute 24, 1
   7              		.eabi_attribute 25, 1
   8              		.eabi_attribute 26, 1
   9              		.eabi_attribute 30, 4
  10              		.eabi_attribute 34, 0
  11              		.eabi_attribute 18, 4
  12              		.code	16
  13              		.file	"ADC_PM.c"
  14              		.text
  15              	.Ltext0:
  16              		.cfi_sections	.debug_frame
  17              		.section	.text.ADC_Sleep,"ax",%progbits
  18              		.align	1
  19              		.global	ADC_Sleep
  20              		.code	16
  21              		.thumb_func
  22              		.type	ADC_Sleep, %function
  23              	ADC_Sleep:
  24              	.LFB1:
  25              		.file 1 "Generated_Source\\PSoC4\\ADC_PM.c"
   1:Generated_Source\PSoC4/ADC_PM.c **** /***************************************************************************//**
   2:Generated_Source\PSoC4/ADC_PM.c **** * \file ADC_PM.c  
   3:Generated_Source\PSoC4/ADC_PM.c **** * \version 1.20
   4:Generated_Source\PSoC4/ADC_PM.c **** *
   5:Generated_Source\PSoC4/ADC_PM.c **** * \brief
   6:Generated_Source\PSoC4/ADC_PM.c **** *  This file provides the power manager source code to the API for 
   7:Generated_Source\PSoC4/ADC_PM.c **** *  ADC component.
   8:Generated_Source\PSoC4/ADC_PM.c **** *
   9:Generated_Source\PSoC4/ADC_PM.c **** ********************************************************************************
  10:Generated_Source\PSoC4/ADC_PM.c **** * \copyright
  11:Generated_Source\PSoC4/ADC_PM.c **** * (c) 2015-2016, Cypress Semiconductor Corporation. All rights reserved.
  12:Generated_Source\PSoC4/ADC_PM.c **** * This software, including source code, documentation and related
  13:Generated_Source\PSoC4/ADC_PM.c **** * materials ("Software"), is owned by Cypress Semiconductor
  14:Generated_Source\PSoC4/ADC_PM.c **** * Corporation ("Cypress") and is protected by and subject to worldwide
  15:Generated_Source\PSoC4/ADC_PM.c **** * patent protection (United States and foreign), United States copyright
  16:Generated_Source\PSoC4/ADC_PM.c **** * laws and international treaty provisions. Therefore, you may use this
  17:Generated_Source\PSoC4/ADC_PM.c **** * Software only as provided in the license agreement accompanying the
  18:Generated_Source\PSoC4/ADC_PM.c **** * software package from which you obtained this Software ("EULA").
  19:Generated_Source\PSoC4/ADC_PM.c **** * If no EULA applies, Cypress hereby grants you a personal, nonexclusive,
  20:Generated_Source\PSoC4/ADC_PM.c **** * non-transferable license to copy, modify, and compile the
  21:Generated_Source\PSoC4/ADC_PM.c **** * Software source code solely for use in connection with Cypress's
  22:Generated_Source\PSoC4/ADC_PM.c **** * integrated circuit products. Any reproduction, modification, translation,
  23:Generated_Source\PSoC4/ADC_PM.c **** * compilation, or representation of this Software except as specified
  24:Generated_Source\PSoC4/ADC_PM.c **** * above is prohibited without the express written permission of Cypress.
  25:Generated_Source\PSoC4/ADC_PM.c **** * Disclaimer: THIS SOFTWARE IS PROVIDED AS-IS, WITH NO
  26:Generated_Source\PSoC4/ADC_PM.c **** * WARRANTY OF ANY KIND, EXPRESS OR IMPLIED, INCLUDING,
  27:Generated_Source\PSoC4/ADC_PM.c **** * BUT NOT LIMITED TO, NONINFRINGEMENT, IMPLIED
  28:Generated_Source\PSoC4/ADC_PM.c **** * WARRANTIES OF MERCHANTABILITY AND FITNESS FOR A
  29:Generated_Source\PSoC4/ADC_PM.c **** * PARTICULAR PURPOSE. Cypress reserves the right to make
  30:Generated_Source\PSoC4/ADC_PM.c **** * changes to the Software without notice. Cypress does not assume any
  31:Generated_Source\PSoC4/ADC_PM.c **** * liability arising out of the application or use of the Software or any
  32:Generated_Source\PSoC4/ADC_PM.c **** * product or circuit described in the Software. Cypress does not
ARM GAS  C:\Users\Jerry\AppData\Local\Temp\cc3Mwkba.s 			page 2


  33:Generated_Source\PSoC4/ADC_PM.c **** * authorize its products for use in any products where a malfunction or
  34:Generated_Source\PSoC4/ADC_PM.c **** * failure of the Cypress product may reasonably be expected to result in
  35:Generated_Source\PSoC4/ADC_PM.c **** * significant property damage, injury or death ("High Risk Product"). By
  36:Generated_Source\PSoC4/ADC_PM.c **** * including Cypress's product in a High Risk Product, the manufacturer
  37:Generated_Source\PSoC4/ADC_PM.c **** * of such system or application assumes all risk of such use and in doing
  38:Generated_Source\PSoC4/ADC_PM.c **** * so agrees to indemnify Cypress against all liability.
  39:Generated_Source\PSoC4/ADC_PM.c **** *******************************************************************************/
  40:Generated_Source\PSoC4/ADC_PM.c **** 
  41:Generated_Source\PSoC4/ADC_PM.c **** #include "ADC.h"
  42:Generated_Source\PSoC4/ADC_PM.c **** 
  43:Generated_Source\PSoC4/ADC_PM.c **** /**
  44:Generated_Source\PSoC4/ADC_PM.c **** * \addtogroup group_globals
  45:Generated_Source\PSoC4/ADC_PM.c **** * @{
  46:Generated_Source\PSoC4/ADC_PM.c **** */
  47:Generated_Source\PSoC4/ADC_PM.c **** /** Contains configuration of ADC before sleep. Enable state is the
  48:Generated_Source\PSoC4/ADC_PM.c **** *   only data required to be preserved. */
  49:Generated_Source\PSoC4/ADC_PM.c **** static ADC_BACKUP_STRUCT  ADC_backup =
  50:Generated_Source\PSoC4/ADC_PM.c **** {
  51:Generated_Source\PSoC4/ADC_PM.c ****     0u,
  52:Generated_Source\PSoC4/ADC_PM.c **** };
  53:Generated_Source\PSoC4/ADC_PM.c **** /** @} globals */
  54:Generated_Source\PSoC4/ADC_PM.c **** 
  55:Generated_Source\PSoC4/ADC_PM.c **** 
  56:Generated_Source\PSoC4/ADC_PM.c **** /*******************************************************************************   
  57:Generated_Source\PSoC4/ADC_PM.c **** * Function Name: ADC_Sleep
  58:Generated_Source\PSoC4/ADC_PM.c **** ****************************************************************************//**
  59:Generated_Source\PSoC4/ADC_PM.c **** *
  60:Generated_Source\PSoC4/ADC_PM.c **** * \brief This is the preferred routine to prepare the component for sleep. The 
  61:Generated_Source\PSoC4/ADC_PM.c **** * ADC_Sleep() routine saves the current component state. Then it 
  62:Generated_Source\PSoC4/ADC_PM.c **** * calls the ADC_Stop() function and calls 
  63:Generated_Source\PSoC4/ADC_PM.c **** * ADC_SaveConfig() to save the hardware configuration.
  64:Generated_Source\PSoC4/ADC_PM.c **** * 
  65:Generated_Source\PSoC4/ADC_PM.c **** * Call the ADC_Sleep() function before calling the 
  66:Generated_Source\PSoC4/ADC_PM.c **** * CySysPmDeepSleep() or the CySysPmHibernate() function. See the PSoC Creator 
  67:Generated_Source\PSoC4/ADC_PM.c **** * System Reference Guide for more information about power-management functions.
  68:Generated_Source\PSoC4/ADC_PM.c **** * 
  69:Generated_Source\PSoC4/ADC_PM.c **** * \param None
  70:Generated_Source\PSoC4/ADC_PM.c **** * 
  71:Generated_Source\PSoC4/ADC_PM.c **** * \return None
  72:Generated_Source\PSoC4/ADC_PM.c **** *
  73:Generated_Source\PSoC4/ADC_PM.c **** * \sideeffect If this function is called twice in the enable state of the 
  74:Generated_Source\PSoC4/ADC_PM.c **** * component, the disabled state of the component will be stored. So 
  75:Generated_Source\PSoC4/ADC_PM.c **** * ADC_Enable() and ADC_StartConvert() must be called 
  76:Generated_Source\PSoC4/ADC_PM.c **** * after ADC_Wakeup() in this case.
  77:Generated_Source\PSoC4/ADC_PM.c **** *
  78:Generated_Source\PSoC4/ADC_PM.c **** * <b>Code Snippet</b>
  79:Generated_Source\PSoC4/ADC_PM.c **** *  \snippet main.c snippet_ADC_Sleep
  80:Generated_Source\PSoC4/ADC_PM.c **** *
  81:Generated_Source\PSoC4/ADC_PM.c **** * \globalvars
  82:Generated_Source\PSoC4/ADC_PM.c **** *  \ref ADC_backup (W)
  83:Generated_Source\PSoC4/ADC_PM.c **** *
  84:Generated_Source\PSoC4/ADC_PM.c **** * \globalvars
  85:Generated_Source\PSoC4/ADC_PM.c **** *  \ref ADC_backup
  86:Generated_Source\PSoC4/ADC_PM.c **** *
  87:Generated_Source\PSoC4/ADC_PM.c **** *******************************************************************************/
  88:Generated_Source\PSoC4/ADC_PM.c **** void ADC_Sleep(void) 
  89:Generated_Source\PSoC4/ADC_PM.c **** {
ARM GAS  C:\Users\Jerry\AppData\Local\Temp\cc3Mwkba.s 			page 3


  26              		.loc 1 89 0
  27              		.cfi_startproc
  90:Generated_Source\PSoC4/ADC_PM.c ****     uint32 dftRegVal = (uint32) ADC_SAR_DFT_CTRL_REG;
  91:Generated_Source\PSoC4/ADC_PM.c **** 
  92:Generated_Source\PSoC4/ADC_PM.c ****     ADC_backup.enableState = 0u;
  93:Generated_Source\PSoC4/ADC_PM.c ****     
  94:Generated_Source\PSoC4/ADC_PM.c ****     /* Save nonretention SAR_DFT_CTRL register state. */
  95:Generated_Source\PSoC4/ADC_PM.c ****     if((dftRegVal & ADC_SAR_DFT_CTRL_DCEN_MSK) != 0u)
  28              		.loc 1 95 0
  29 0000 8022     		mov	r2, #128
  89:Generated_Source\PSoC4/ADC_PM.c ****     uint32 dftRegVal = (uint32) ADC_SAR_DFT_CTRL_REG;
  30              		.loc 1 89 0
  31 0002 38B5     		push	{r3, r4, r5, lr}
  32              		.cfi_def_cfa_offset 16
  33              		.cfi_offset 3, -16
  34              		.cfi_offset 4, -12
  35              		.cfi_offset 5, -8
  36              		.cfi_offset 14, -4
  90:Generated_Source\PSoC4/ADC_PM.c ****     uint32 dftRegVal = (uint32) ADC_SAR_DFT_CTRL_REG;
  37              		.loc 1 90 0
  38 0004 194B     		ldr	r3, .L20
  39              		.loc 1 95 0
  40 0006 9205     		lsl	r2, r2, #22
  90:Generated_Source\PSoC4/ADC_PM.c ****     uint32 dftRegVal = (uint32) ADC_SAR_DFT_CTRL_REG;
  41              		.loc 1 90 0
  42 0008 1968     		ldr	r1, [r3]
  43              	.LVL0:
  44 000a 194C     		ldr	r4, .L20+4
  45              		.loc 1 95 0
  46 000c 0A40     		and	r2, r1
  47 000e 00D0     		beq	.L18
  96:Generated_Source\PSoC4/ADC_PM.c ****     {
  97:Generated_Source\PSoC4/ADC_PM.c ****         ADC_backup.enableState |= ADC_SLEEP_DFT_DCEN;
  48              		.loc 1 97 0
  49 0010 0822     		mov	r2, #8
  50              	.L18:
  51 0012 2270     		strb	r2, [r4]
  98:Generated_Source\PSoC4/ADC_PM.c ****     }
  99:Generated_Source\PSoC4/ADC_PM.c ****     if((dftRegVal & ADC_SAR_DFT_CTRL_DLY_INC_MSK) != 0u)
  52              		.loc 1 99 0
  53 0014 CA07     		lsl	r2, r1, #31
  54 0016 03D5     		bpl	.L4
 100:Generated_Source\PSoC4/ADC_PM.c ****     {
 101:Generated_Source\PSoC4/ADC_PM.c ****         ADC_backup.enableState |= ADC_SLEEP_DFT_DLY_INC;
  55              		.loc 1 101 0
  56 0018 1021     		mov	r1, #16
  57              	.LVL1:
  58 001a 2278     		ldrb	r2, [r4]
  59 001c 0A43     		orr	r2, r1
  60 001e 2270     		strb	r2, [r4]
  61              	.L4:
 102:Generated_Source\PSoC4/ADC_PM.c ****     }
 103:Generated_Source\PSoC4/ADC_PM.c ****     
 104:Generated_Source\PSoC4/ADC_PM.c ****     /* During deepsleep/ hibernate mode keep SARMUX active, i.e. do not open
 105:Generated_Source\PSoC4/ADC_PM.c ****     *   all switches (disconnect), to be used for ADFT
 106:Generated_Source\PSoC4/ADC_PM.c ****     */
 107:Generated_Source\PSoC4/ADC_PM.c ****     ADC_SAR_DFT_CTRL_REG |= ADC_SAR_DFT_CTRL_ADFT_OVERRIDE_MSK;
ARM GAS  C:\Users\Jerry\AppData\Local\Temp\cc3Mwkba.s 			page 4


  62              		.loc 1 107 0
  63 0020 8021     		mov	r1, #128
  64 0022 1A68     		ldr	r2, [r3]
  65 0024 0906     		lsl	r1, r1, #24
  66 0026 0A43     		orr	r2, r1
 108:Generated_Source\PSoC4/ADC_PM.c ****     
 109:Generated_Source\PSoC4/ADC_PM.c ****     if((ADC_SAR_CTRL_REG  & ADC_SAR_CTRL_ENABLED_MSK) != 0u)
  67              		.loc 1 109 0
  68 0028 124D     		ldr	r5, .L20+8
 107:Generated_Source\PSoC4/ADC_PM.c ****     
  69              		.loc 1 107 0
  70 002a 1A60     		str	r2, [r3]
  71              		.loc 1 109 0
  72 002c 2B68     		ldr	r3, [r5]
  73 002e 002B     		cmp	r3, #0
  74 0030 1ADA     		bge	.L1
 110:Generated_Source\PSoC4/ADC_PM.c ****     {
 111:Generated_Source\PSoC4/ADC_PM.c ****         ADC_backup.enableState |= ADC_ENABLED;
  75              		.loc 1 111 0
  76 0032 0122     		mov	r2, #1
  77 0034 2378     		ldrb	r3, [r4]
  78 0036 1A43     		orr	r2, r3
  79 0038 2270     		strb	r2, [r4]
 112:Generated_Source\PSoC4/ADC_PM.c ****         if((ADC_SAR_SAMPLE_CTRL_REG & ADC_SAR_SAMPLE_CTRL_CONTINUOUS_MSK) != 0u)
  80              		.loc 1 112 0
  81 003a 0F4A     		ldr	r2, .L20+12
  82 003c 1268     		ldr	r2, [r2]
  83 003e D203     		lsl	r2, r2, #15
  84 0040 02D5     		bpl	.L7
 113:Generated_Source\PSoC4/ADC_PM.c ****         {
 114:Generated_Source\PSoC4/ADC_PM.c ****             ADC_backup.enableState |= ADC_STARTED;
  85              		.loc 1 114 0
  86 0042 0322     		mov	r2, #3
  87 0044 1343     		orr	r3, r2
  88 0046 2370     		strb	r3, [r4]
  89              	.L7:
 115:Generated_Source\PSoC4/ADC_PM.c ****         }
 116:Generated_Source\PSoC4/ADC_PM.c **** 
 117:Generated_Source\PSoC4/ADC_PM.c ****         ADC_StopConvert();
  90              		.loc 1 117 0
  91 0048 FFF7FEFF 		bl	ADC_StopConvert
  92              	.LVL2:
 118:Generated_Source\PSoC4/ADC_PM.c ****         ADC_Stop();
  93              		.loc 1 118 0
  94 004c FFF7FEFF 		bl	ADC_Stop
  95              	.LVL3:
 119:Generated_Source\PSoC4/ADC_PM.c ****         
 120:Generated_Source\PSoC4/ADC_PM.c ****         /* Disable the SAR internal pump before entering the chip low power mode */
 121:Generated_Source\PSoC4/ADC_PM.c ****         if((ADC_SAR_CTRL_REG & ADC_SAR_CTRL_BOOSTPUMP_EN_MSK) != 0u)
  96              		.loc 1 121 0
  97 0050 2B68     		ldr	r3, [r5]
  98 0052 084A     		ldr	r2, .L20+8
  99 0054 DB02     		lsl	r3, r3, #11
 100 0056 07D5     		bpl	.L1
 122:Generated_Source\PSoC4/ADC_PM.c ****         {
 123:Generated_Source\PSoC4/ADC_PM.c ****             ADC_SAR_CTRL_REG &= (uint32)~ADC_SAR_CTRL_BOOSTPUMP_EN_MSK;
 101              		.loc 1 123 0
ARM GAS  C:\Users\Jerry\AppData\Local\Temp\cc3Mwkba.s 			page 5


 102 0058 1168     		ldr	r1, [r2]
 103 005a 084B     		ldr	r3, .L20+16
 104 005c 0B40     		and	r3, r1
 105 005e 1360     		str	r3, [r2]
 124:Generated_Source\PSoC4/ADC_PM.c ****             ADC_backup.enableState |= ADC_BOOSTPUMP_ENABLED;
 106              		.loc 1 124 0
 107 0060 0422     		mov	r2, #4
 108 0062 2378     		ldrb	r3, [r4]
 109 0064 1343     		orr	r3, r2
 110 0066 2370     		strb	r3, [r4]
 111              	.L1:
 125:Generated_Source\PSoC4/ADC_PM.c ****         }
 126:Generated_Source\PSoC4/ADC_PM.c ****     }
 127:Generated_Source\PSoC4/ADC_PM.c **** }
 112              		.loc 1 127 0
 113              		@ sp needed
 114 0068 38BD     		pop	{r3, r4, r5, pc}
 115              	.L21:
 116 006a C046     		.align	2
 117              	.L20:
 118 006c 30003A40 		.word	1077542960
 119 0070 00000000 		.word	.LANCHOR0
 120 0074 00003A40 		.word	1077542912
 121 0078 04003A40 		.word	1077542916
 122 007c FFFFEFFF 		.word	-1048577
 123              		.cfi_endproc
 124              	.LFE1:
 125              		.size	ADC_Sleep, .-ADC_Sleep
 126              		.section	.text.ADC_Wakeup,"ax",%progbits
 127              		.align	1
 128              		.global	ADC_Wakeup
 129              		.code	16
 130              		.thumb_func
 131              		.type	ADC_Wakeup, %function
 132              	ADC_Wakeup:
 133              	.LFB2:
 128:Generated_Source\PSoC4/ADC_PM.c **** 
 129:Generated_Source\PSoC4/ADC_PM.c **** 
 130:Generated_Source\PSoC4/ADC_PM.c **** /*******************************************************************************
 131:Generated_Source\PSoC4/ADC_PM.c **** * Function Name: ADC_Wakeup
 132:Generated_Source\PSoC4/ADC_PM.c **** ****************************************************************************//**
 133:Generated_Source\PSoC4/ADC_PM.c **** *
 134:Generated_Source\PSoC4/ADC_PM.c **** * \brief This is the preferred routine to restore the component to the state when 
 135:Generated_Source\PSoC4/ADC_PM.c **** * ADC_Sleep() was called. The ADC_Wakeup() function 
 136:Generated_Source\PSoC4/ADC_PM.c **** * calls the ADC_RestoreConfig() function to restore the 
 137:Generated_Source\PSoC4/ADC_PM.c **** * configuration. If the component was enabled before the ADC_Sleep() 
 138:Generated_Source\PSoC4/ADC_PM.c **** * function was called, the ADC_Wakeup() function also re-enables the 
 139:Generated_Source\PSoC4/ADC_PM.c **** * component.
 140:Generated_Source\PSoC4/ADC_PM.c **** *
 141:Generated_Source\PSoC4/ADC_PM.c **** * \param None
 142:Generated_Source\PSoC4/ADC_PM.c **** * 
 143:Generated_Source\PSoC4/ADC_PM.c **** * \return None
 144:Generated_Source\PSoC4/ADC_PM.c **** *
 145:Generated_Source\PSoC4/ADC_PM.c **** * \sideeffect
 146:Generated_Source\PSoC4/ADC_PM.c **** * Calling this function without previously calling ADC_Sleep() may lead to 
 147:Generated_Source\PSoC4/ADC_PM.c **** * unpredictable results.
 148:Generated_Source\PSoC4/ADC_PM.c **** *
ARM GAS  C:\Users\Jerry\AppData\Local\Temp\cc3Mwkba.s 			page 6


 149:Generated_Source\PSoC4/ADC_PM.c **** * <b>Code Snippet</b>
 150:Generated_Source\PSoC4/ADC_PM.c **** *  \snippet main.c snippet_ADC_Wakeup
 151:Generated_Source\PSoC4/ADC_PM.c **** *
 152:Generated_Source\PSoC4/ADC_PM.c **** * \globalvars
 153:Generated_Source\PSoC4/ADC_PM.c **** *  \ref ADC_backup (R)
 154:Generated_Source\PSoC4/ADC_PM.c **** *
 155:Generated_Source\PSoC4/ADC_PM.c **** * \globalvars
 156:Generated_Source\PSoC4/ADC_PM.c **** *  \ref ADC_backup
 157:Generated_Source\PSoC4/ADC_PM.c **** * 
 158:Generated_Source\PSoC4/ADC_PM.c **** *******************************************************************************/
 159:Generated_Source\PSoC4/ADC_PM.c **** void ADC_Wakeup(void)
 160:Generated_Source\PSoC4/ADC_PM.c **** {
 134              		.loc 1 160 0
 135              		.cfi_startproc
 136              	.LVL4:
 137 0000 10B5     		push	{r4, lr}
 138              		.cfi_def_cfa_offset 8
 139              		.cfi_offset 4, -8
 140              		.cfi_offset 14, -4
 161:Generated_Source\PSoC4/ADC_PM.c ****     uint32 dftRegVal = (uint32)ADC_SAR_DFT_CTRL_HIZ_MSK;
 162:Generated_Source\PSoC4/ADC_PM.c ****     
 163:Generated_Source\PSoC4/ADC_PM.c ****     /* Restore nonretention SAR_DFT_CTRL register state. */
 164:Generated_Source\PSoC4/ADC_PM.c ****     if ((ADC_backup.enableState & ADC_SLEEP_DFT_DCEN) != 0u)
 141              		.loc 1 164 0
 142 0002 0F4C     		ldr	r4, .L40
 161:Generated_Source\PSoC4/ADC_PM.c ****     uint32 dftRegVal = (uint32)ADC_SAR_DFT_CTRL_HIZ_MSK;
 143              		.loc 1 161 0
 144 0004 0222     		mov	r2, #2
 145              		.loc 1 164 0
 146 0006 2378     		ldrb	r3, [r4]
 147 0008 1907     		lsl	r1, r3, #28
 148 000a 00D5     		bpl	.L23
 165:Generated_Source\PSoC4/ADC_PM.c ****     {
 166:Generated_Source\PSoC4/ADC_PM.c ****         dftRegVal |= ADC_SAR_DFT_CTRL_DCEN_MSK;
 149              		.loc 1 166 0
 150 000c 0D4A     		ldr	r2, .L40+4
 151              	.L23:
 152              	.LVL5:
 167:Generated_Source\PSoC4/ADC_PM.c ****     }
 168:Generated_Source\PSoC4/ADC_PM.c ****     if ((ADC_backup.enableState & ADC_SLEEP_DFT_DLY_INC) != 0u)
 153              		.loc 1 168 0
 154 000e D906     		lsl	r1, r3, #27
 155 0010 01D5     		bpl	.L24
 169:Generated_Source\PSoC4/ADC_PM.c ****     {
 170:Generated_Source\PSoC4/ADC_PM.c ****         dftRegVal |= ADC_SAR_DFT_CTRL_DLY_INC_MSK;
 156              		.loc 1 170 0
 157 0012 0121     		mov	r1, #1
 158 0014 0A43     		orr	r2, r1
 159              	.LVL6:
 160              	.L24:
 171:Generated_Source\PSoC4/ADC_PM.c ****     }
 172:Generated_Source\PSoC4/ADC_PM.c ****     ADC_SAR_DFT_CTRL_REG = dftRegVal;
 161              		.loc 1 172 0
 162 0016 0C49     		ldr	r1, .L40+8
 163 0018 0A60     		str	r2, [r1]
 173:Generated_Source\PSoC4/ADC_PM.c ****     
 174:Generated_Source\PSoC4/ADC_PM.c ****     if((ADC_backup.enableState & ADC_ENABLED) != 0u)
ARM GAS  C:\Users\Jerry\AppData\Local\Temp\cc3Mwkba.s 			page 7


 164              		.loc 1 174 0
 165 001a DA07     		lsl	r2, r3, #31
 166 001c 0ED5     		bpl	.L22
 167              	.LVL7:
 175:Generated_Source\PSoC4/ADC_PM.c ****     {
 176:Generated_Source\PSoC4/ADC_PM.c ****         /* Enable the SAR internal pump  */
 177:Generated_Source\PSoC4/ADC_PM.c ****         if((ADC_backup.enableState & ADC_BOOSTPUMP_ENABLED) != 0u)
 168              		.loc 1 177 0
 169 001e 5B07     		lsl	r3, r3, #29
 170 0020 05D5     		bpl	.L27
 178:Generated_Source\PSoC4/ADC_PM.c ****         {
 179:Generated_Source\PSoC4/ADC_PM.c ****             ADC_SAR_CTRL_REG |= ADC_SAR_CTRL_BOOSTPUMP_EN_MSK;
 171              		.loc 1 179 0
 172 0022 8021     		mov	r1, #128
 173              	.LVL8:
 174 0024 094A     		ldr	r2, .L40+12
 175 0026 4903     		lsl	r1, r1, #13
 176 0028 1368     		ldr	r3, [r2]
 177 002a 0B43     		orr	r3, r1
 178 002c 1360     		str	r3, [r2]
 179              	.LVL9:
 180              	.L27:
 180:Generated_Source\PSoC4/ADC_PM.c ****         }
 181:Generated_Source\PSoC4/ADC_PM.c ****         
 182:Generated_Source\PSoC4/ADC_PM.c ****         ADC_Enable();
 181              		.loc 1 182 0
 182 002e FFF7FEFF 		bl	ADC_Enable
 183              	.LVL10:
 183:Generated_Source\PSoC4/ADC_PM.c ****         
 184:Generated_Source\PSoC4/ADC_PM.c ****         if((ADC_backup.enableState & ADC_STARTED) != 0u)
 184              		.loc 1 184 0
 185 0032 2378     		ldrb	r3, [r4]
 186 0034 9B07     		lsl	r3, r3, #30
 187 0036 01D5     		bpl	.L22
 185:Generated_Source\PSoC4/ADC_PM.c ****         {
 186:Generated_Source\PSoC4/ADC_PM.c ****             ADC_StartConvert();
 188              		.loc 1 186 0
 189 0038 FFF7FEFF 		bl	ADC_StartConvert
 190              	.LVL11:
 191              	.L22:
 187:Generated_Source\PSoC4/ADC_PM.c ****         }
 188:Generated_Source\PSoC4/ADC_PM.c ****     }
 189:Generated_Source\PSoC4/ADC_PM.c **** }
 192              		.loc 1 189 0
 193              		@ sp needed
 194 003c 10BD     		pop	{r4, pc}
 195              	.L41:
 196 003e C046     		.align	2
 197              	.L40:
 198 0040 00000000 		.word	.LANCHOR0
 199 0044 02000020 		.word	536870914
 200 0048 30003A40 		.word	1077542960
 201 004c 00003A40 		.word	1077542912
 202              		.cfi_endproc
 203              	.LFE2:
 204              		.size	ADC_Wakeup, .-ADC_Wakeup
 205              		.section	.text.ADC_SaveConfig,"ax",%progbits
ARM GAS  C:\Users\Jerry\AppData\Local\Temp\cc3Mwkba.s 			page 8


 206              		.align	1
 207              		.global	ADC_SaveConfig
 208              		.code	16
 209              		.thumb_func
 210              		.type	ADC_SaveConfig, %function
 211              	ADC_SaveConfig:
 212              	.LFB3:
 190:Generated_Source\PSoC4/ADC_PM.c **** 
 191:Generated_Source\PSoC4/ADC_PM.c **** /* ****************************************************************************
 192:Generated_Source\PSoC4/ADC_PM.c **** * Function Name: ADC_SaveConfig
 193:Generated_Source\PSoC4/ADC_PM.c **** ****************************************************************************//*
 194:Generated_Source\PSoC4/ADC_PM.c **** *
 195:Generated_Source\PSoC4/ADC_PM.c **** * \brief Saves the current configuration of ADC non-retention registers.
 196:Generated_Source\PSoC4/ADC_PM.c **** *
 197:Generated_Source\PSoC4/ADC_PM.c **** * \param None
 198:Generated_Source\PSoC4/ADC_PM.c **** * 
 199:Generated_Source\PSoC4/ADC_PM.c **** * \return None
 200:Generated_Source\PSoC4/ADC_PM.c **** * 
 201:Generated_Source\PSoC4/ADC_PM.c **** * \sideeffect None
 202:Generated_Source\PSoC4/ADC_PM.c **** *
 203:Generated_Source\PSoC4/ADC_PM.c **** * <b>Code Snippet</b>
 204:Generated_Source\PSoC4/ADC_PM.c **** *  \snippet main.c snippet_ADC_SaveConfig
 205:Generated_Source\PSoC4/ADC_PM.c **** *
 206:Generated_Source\PSoC4/ADC_PM.c **** * 
 207:Generated_Source\PSoC4/ADC_PM.c **** *******************************************************************************/
 208:Generated_Source\PSoC4/ADC_PM.c **** void ADC_SaveConfig(void)
 209:Generated_Source\PSoC4/ADC_PM.c **** {
 213              		.loc 1 209 0
 214              		.cfi_startproc
 210:Generated_Source\PSoC4/ADC_PM.c ****      /* All configuration registers are marked as [reset_all_retention] */
 211:Generated_Source\PSoC4/ADC_PM.c **** }
 215              		.loc 1 211 0
 216              		@ sp needed
 217 0000 7047     		bx	lr
 218              		.cfi_endproc
 219              	.LFE3:
 220              		.size	ADC_SaveConfig, .-ADC_SaveConfig
 221              		.section	.text.ADC_RestoreConfig,"ax",%progbits
 222              		.align	1
 223              		.global	ADC_RestoreConfig
 224              		.code	16
 225              		.thumb_func
 226              		.type	ADC_RestoreConfig, %function
 227              	ADC_RestoreConfig:
 228              	.LFB4:
 212:Generated_Source\PSoC4/ADC_PM.c **** 
 213:Generated_Source\PSoC4/ADC_PM.c **** /* ****************************************************************************
 214:Generated_Source\PSoC4/ADC_PM.c **** * Function Name: ADC_RestoreConfig
 215:Generated_Source\PSoC4/ADC_PM.c **** ****************************************************************************//*
 216:Generated_Source\PSoC4/ADC_PM.c **** *
 217:Generated_Source\PSoC4/ADC_PM.c **** * \brief Restores the configuration of ADC non-retention registers.
 218:Generated_Source\PSoC4/ADC_PM.c **** * 
 219:Generated_Source\PSoC4/ADC_PM.c **** * \param None
 220:Generated_Source\PSoC4/ADC_PM.c **** * 
 221:Generated_Source\PSoC4/ADC_PM.c **** * \return None
 222:Generated_Source\PSoC4/ADC_PM.c **** *
 223:Generated_Source\PSoC4/ADC_PM.c **** * \sideeffect Calling this function without previously calling 
ARM GAS  C:\Users\Jerry\AppData\Local\Temp\cc3Mwkba.s 			page 9


 224:Generated_Source\PSoC4/ADC_PM.c **** * ADC_SaveConfig() or ADC_Sleep will lead to 
 225:Generated_Source\PSoC4/ADC_PM.c **** * unpredictable results.
 226:Generated_Source\PSoC4/ADC_PM.c **** *
 227:Generated_Source\PSoC4/ADC_PM.c **** * <b>Code Snippet</b>
 228:Generated_Source\PSoC4/ADC_PM.c **** *  \snippet main.c snippet_ADC_RestoreConfig
 229:Generated_Source\PSoC4/ADC_PM.c **** *
 230:Generated_Source\PSoC4/ADC_PM.c **** * 
 231:Generated_Source\PSoC4/ADC_PM.c **** *******************************************************************************/
 232:Generated_Source\PSoC4/ADC_PM.c **** void ADC_RestoreConfig(void)
 233:Generated_Source\PSoC4/ADC_PM.c **** {
 229              		.loc 1 233 0
 230              		.cfi_startproc
 234:Generated_Source\PSoC4/ADC_PM.c ****     /* All configuration registers are marked as [reset_all_retention] */
 235:Generated_Source\PSoC4/ADC_PM.c **** }
 231              		.loc 1 235 0
 232              		@ sp needed
 233 0000 7047     		bx	lr
 234              		.cfi_endproc
 235              	.LFE4:
 236              		.size	ADC_RestoreConfig, .-ADC_RestoreConfig
 237              		.bss
 238              		.set	.LANCHOR0,. + 0
 239              		.type	ADC_backup, %object
 240              		.size	ADC_backup, 1
 241              	ADC_backup:
 242 0000 00       		.space	1
 243              		.text
 244              	.Letext0:
 245              		.file 2 "Generated_Source\\PSoC4\\cytypes.h"
 246              		.file 3 "Generated_Source\\PSoC4\\ADC.h"
 247              		.section	.debug_info,"",%progbits
 248              	.Ldebug_info0:
 249 0000 8A010000 		.4byte	0x18a
 250 0004 0400     		.2byte	0x4
 251 0006 00000000 		.4byte	.Ldebug_abbrev0
 252 000a 04       		.byte	0x4
 253 000b 01       		.uleb128 0x1
 254 000c 56000000 		.4byte	.LASF27
 255 0010 01       		.byte	0x1
 256 0011 14000000 		.4byte	.LASF28
 257 0015 F9010000 		.4byte	.LASF29
 258 0019 00000000 		.4byte	.Ldebug_ranges0+0
 259 001d 00000000 		.4byte	0
 260 0021 00000000 		.4byte	.Ldebug_line0
 261 0025 02       		.uleb128 0x2
 262 0026 01       		.byte	0x1
 263 0027 06       		.byte	0x6
 264 0028 D7010000 		.4byte	.LASF0
 265 002c 02       		.uleb128 0x2
 266 002d 01       		.byte	0x1
 267 002e 08       		.byte	0x8
 268 002f EE000000 		.4byte	.LASF1
 269 0033 02       		.uleb128 0x2
 270 0034 02       		.byte	0x2
 271 0035 05       		.byte	0x5
 272 0036 25010000 		.4byte	.LASF2
 273 003a 02       		.uleb128 0x2
ARM GAS  C:\Users\Jerry\AppData\Local\Temp\cc3Mwkba.s 			page 10


 274 003b 02       		.byte	0x2
 275 003c 07       		.byte	0x7
 276 003d 43000000 		.4byte	.LASF3
 277 0041 02       		.uleb128 0x2
 278 0042 04       		.byte	0x4
 279 0043 05       		.byte	0x5
 280 0044 C2010000 		.4byte	.LASF4
 281 0048 02       		.uleb128 0x2
 282 0049 04       		.byte	0x4
 283 004a 07       		.byte	0x7
 284 004b FC000000 		.4byte	.LASF5
 285 004f 02       		.uleb128 0x2
 286 0050 08       		.byte	0x8
 287 0051 05       		.byte	0x5
 288 0052 00000000 		.4byte	.LASF6
 289 0056 02       		.uleb128 0x2
 290 0057 08       		.byte	0x8
 291 0058 07       		.byte	0x7
 292 0059 4E010000 		.4byte	.LASF7
 293 005d 03       		.uleb128 0x3
 294 005e 04       		.byte	0x4
 295 005f 05       		.byte	0x5
 296 0060 696E7400 		.ascii	"int\000"
 297 0064 02       		.uleb128 0x2
 298 0065 04       		.byte	0x4
 299 0066 07       		.byte	0x7
 300 0067 36010000 		.4byte	.LASF8
 301 006b 04       		.uleb128 0x4
 302 006c 0E010000 		.4byte	.LASF9
 303 0070 02       		.byte	0x2
 304 0071 B901     		.2byte	0x1b9
 305 0073 2C000000 		.4byte	0x2c
 306 0077 04       		.uleb128 0x4
 307 0078 2F010000 		.4byte	.LASF10
 308 007c 02       		.byte	0x2
 309 007d BB01     		.2byte	0x1bb
 310 007f 48000000 		.4byte	0x48
 311 0083 02       		.uleb128 0x2
 312 0084 04       		.byte	0x4
 313 0085 04       		.byte	0x4
 314 0086 E8000000 		.4byte	.LASF11
 315 008a 02       		.uleb128 0x2
 316 008b 08       		.byte	0x8
 317 008c 04       		.byte	0x4
 318 008d 1E010000 		.4byte	.LASF12
 319 0091 02       		.uleb128 0x2
 320 0092 01       		.byte	0x1
 321 0093 08       		.byte	0x8
 322 0094 9B010000 		.4byte	.LASF13
 323 0098 04       		.uleb128 0x4
 324 0099 0E000000 		.4byte	.LASF14
 325 009d 02       		.byte	0x2
 326 009e 6502     		.2byte	0x265
 327 00a0 A4000000 		.4byte	0xa4
 328 00a4 05       		.uleb128 0x5
 329 00a5 77000000 		.4byte	0x77
 330 00a9 02       		.uleb128 0x2
ARM GAS  C:\Users\Jerry\AppData\Local\Temp\cc3Mwkba.s 			page 11


 331 00aa 04       		.byte	0x4
 332 00ab 07       		.byte	0x7
 333 00ac 6F010000 		.4byte	.LASF15
 334 00b0 06       		.uleb128 0x6
 335 00b1 01       		.byte	0x1
 336 00b2 03       		.byte	0x3
 337 00b3 58       		.byte	0x58
 338 00b4 C5000000 		.4byte	0xc5
 339 00b8 07       		.uleb128 0x7
 340 00b9 CB010000 		.4byte	.LASF30
 341 00bd 03       		.byte	0x3
 342 00be 5B       		.byte	0x5b
 343 00bf 6B000000 		.4byte	0x6b
 344 00c3 00       		.byte	0
 345 00c4 00       		.byte	0
 346 00c5 08       		.uleb128 0x8
 347 00c6 89010000 		.4byte	.LASF16
 348 00ca 03       		.byte	0x3
 349 00cb 5C       		.byte	0x5c
 350 00cc B0000000 		.4byte	0xb0
 351 00d0 09       		.uleb128 0x9
 352 00d1 14010000 		.4byte	.LASF17
 353 00d5 01       		.byte	0x1
 354 00d6 58       		.byte	0x58
 355 00d7 00000000 		.4byte	.LFB1
 356 00db 80000000 		.4byte	.LFE1-.LFB1
 357 00df 01       		.uleb128 0x1
 358 00e0 9C       		.byte	0x9c
 359 00e1 07010000 		.4byte	0x107
 360 00e5 0A       		.uleb128 0xa
 361 00e6 65010000 		.4byte	.LASF19
 362 00ea 01       		.byte	0x1
 363 00eb 5A       		.byte	0x5a
 364 00ec 77000000 		.4byte	0x77
 365 00f0 00000000 		.4byte	.LLST0
 366 00f4 0B       		.uleb128 0xb
 367 00f5 4C000000 		.4byte	.LVL2
 368 00f9 71010000 		.4byte	0x171
 369 00fd 0B       		.uleb128 0xb
 370 00fe 50000000 		.4byte	.LVL3
 371 0102 78010000 		.4byte	0x178
 372 0106 00       		.byte	0
 373 0107 09       		.uleb128 0x9
 374 0108 EE010000 		.4byte	.LASF18
 375 010c 01       		.byte	0x1
 376 010d 9F       		.byte	0x9f
 377 010e 00000000 		.4byte	.LFB2
 378 0112 50000000 		.4byte	.LFE2-.LFB2
 379 0116 01       		.uleb128 0x1
 380 0117 9C       		.byte	0x9c
 381 0118 3E010000 		.4byte	0x13e
 382 011c 0A       		.uleb128 0xa
 383 011d 65010000 		.4byte	.LASF19
 384 0121 01       		.byte	0x1
 385 0122 A1       		.byte	0xa1
 386 0123 77000000 		.4byte	0x77
 387 0127 13000000 		.4byte	.LLST1
ARM GAS  C:\Users\Jerry\AppData\Local\Temp\cc3Mwkba.s 			page 12


 388 012b 0B       		.uleb128 0xb
 389 012c 32000000 		.4byte	.LVL10
 390 0130 7F010000 		.4byte	0x17f
 391 0134 0B       		.uleb128 0xb
 392 0135 3C000000 		.4byte	.LVL11
 393 0139 86010000 		.4byte	0x186
 394 013d 00       		.byte	0
 395 013e 0C       		.uleb128 0xc
 396 013f 34000000 		.4byte	.LASF20
 397 0143 01       		.byte	0x1
 398 0144 D0       		.byte	0xd0
 399 0145 00000000 		.4byte	.LFB3
 400 0149 02000000 		.4byte	.LFE3-.LFB3
 401 014d 01       		.uleb128 0x1
 402 014e 9C       		.byte	0x9c
 403 014f 0C       		.uleb128 0xc
 404 0150 A0010000 		.4byte	.LASF21
 405 0154 01       		.byte	0x1
 406 0155 E8       		.byte	0xe8
 407 0156 00000000 		.4byte	.LFB4
 408 015a 02000000 		.4byte	.LFE4-.LFB4
 409 015e 01       		.uleb128 0x1
 410 015f 9C       		.byte	0x9c
 411 0160 0D       		.uleb128 0xd
 412 0161 E3010000 		.4byte	.LASF22
 413 0165 01       		.byte	0x1
 414 0166 31       		.byte	0x31
 415 0167 C5000000 		.4byte	0xc5
 416 016b 05       		.uleb128 0x5
 417 016c 03       		.byte	0x3
 418 016d 00000000 		.4byte	ADC_backup
 419 0171 0E       		.uleb128 0xe
 420 0172 B2010000 		.4byte	.LASF23
 421 0176 03       		.byte	0x3
 422 0177 B5       		.byte	0xb5
 423 0178 0E       		.uleb128 0xe
 424 0179 25020000 		.4byte	.LASF24
 425 017d 03       		.byte	0x3
 426 017e B3       		.byte	0xb3
 427 017f 0E       		.uleb128 0xe
 428 0180 43010000 		.4byte	.LASF25
 429 0184 03       		.byte	0x3
 430 0185 A9       		.byte	0xa9
 431 0186 0E       		.uleb128 0xe
 432 0187 78010000 		.4byte	.LASF26
 433 018b 03       		.byte	0x3
 434 018c B4       		.byte	0xb4
 435 018d 00       		.byte	0
 436              		.section	.debug_abbrev,"",%progbits
 437              	.Ldebug_abbrev0:
 438 0000 01       		.uleb128 0x1
 439 0001 11       		.uleb128 0x11
 440 0002 01       		.byte	0x1
 441 0003 25       		.uleb128 0x25
 442 0004 0E       		.uleb128 0xe
 443 0005 13       		.uleb128 0x13
 444 0006 0B       		.uleb128 0xb
ARM GAS  C:\Users\Jerry\AppData\Local\Temp\cc3Mwkba.s 			page 13


 445 0007 03       		.uleb128 0x3
 446 0008 0E       		.uleb128 0xe
 447 0009 1B       		.uleb128 0x1b
 448 000a 0E       		.uleb128 0xe
 449 000b 55       		.uleb128 0x55
 450 000c 17       		.uleb128 0x17
 451 000d 11       		.uleb128 0x11
 452 000e 01       		.uleb128 0x1
 453 000f 10       		.uleb128 0x10
 454 0010 17       		.uleb128 0x17
 455 0011 00       		.byte	0
 456 0012 00       		.byte	0
 457 0013 02       		.uleb128 0x2
 458 0014 24       		.uleb128 0x24
 459 0015 00       		.byte	0
 460 0016 0B       		.uleb128 0xb
 461 0017 0B       		.uleb128 0xb
 462 0018 3E       		.uleb128 0x3e
 463 0019 0B       		.uleb128 0xb
 464 001a 03       		.uleb128 0x3
 465 001b 0E       		.uleb128 0xe
 466 001c 00       		.byte	0
 467 001d 00       		.byte	0
 468 001e 03       		.uleb128 0x3
 469 001f 24       		.uleb128 0x24
 470 0020 00       		.byte	0
 471 0021 0B       		.uleb128 0xb
 472 0022 0B       		.uleb128 0xb
 473 0023 3E       		.uleb128 0x3e
 474 0024 0B       		.uleb128 0xb
 475 0025 03       		.uleb128 0x3
 476 0026 08       		.uleb128 0x8
 477 0027 00       		.byte	0
 478 0028 00       		.byte	0
 479 0029 04       		.uleb128 0x4
 480 002a 16       		.uleb128 0x16
 481 002b 00       		.byte	0
 482 002c 03       		.uleb128 0x3
 483 002d 0E       		.uleb128 0xe
 484 002e 3A       		.uleb128 0x3a
 485 002f 0B       		.uleb128 0xb
 486 0030 3B       		.uleb128 0x3b
 487 0031 05       		.uleb128 0x5
 488 0032 49       		.uleb128 0x49
 489 0033 13       		.uleb128 0x13
 490 0034 00       		.byte	0
 491 0035 00       		.byte	0
 492 0036 05       		.uleb128 0x5
 493 0037 35       		.uleb128 0x35
 494 0038 00       		.byte	0
 495 0039 49       		.uleb128 0x49
 496 003a 13       		.uleb128 0x13
 497 003b 00       		.byte	0
 498 003c 00       		.byte	0
 499 003d 06       		.uleb128 0x6
 500 003e 13       		.uleb128 0x13
 501 003f 01       		.byte	0x1
ARM GAS  C:\Users\Jerry\AppData\Local\Temp\cc3Mwkba.s 			page 14


 502 0040 0B       		.uleb128 0xb
 503 0041 0B       		.uleb128 0xb
 504 0042 3A       		.uleb128 0x3a
 505 0043 0B       		.uleb128 0xb
 506 0044 3B       		.uleb128 0x3b
 507 0045 0B       		.uleb128 0xb
 508 0046 01       		.uleb128 0x1
 509 0047 13       		.uleb128 0x13
 510 0048 00       		.byte	0
 511 0049 00       		.byte	0
 512 004a 07       		.uleb128 0x7
 513 004b 0D       		.uleb128 0xd
 514 004c 00       		.byte	0
 515 004d 03       		.uleb128 0x3
 516 004e 0E       		.uleb128 0xe
 517 004f 3A       		.uleb128 0x3a
 518 0050 0B       		.uleb128 0xb
 519 0051 3B       		.uleb128 0x3b
 520 0052 0B       		.uleb128 0xb
 521 0053 49       		.uleb128 0x49
 522 0054 13       		.uleb128 0x13
 523 0055 38       		.uleb128 0x38
 524 0056 0B       		.uleb128 0xb
 525 0057 00       		.byte	0
 526 0058 00       		.byte	0
 527 0059 08       		.uleb128 0x8
 528 005a 16       		.uleb128 0x16
 529 005b 00       		.byte	0
 530 005c 03       		.uleb128 0x3
 531 005d 0E       		.uleb128 0xe
 532 005e 3A       		.uleb128 0x3a
 533 005f 0B       		.uleb128 0xb
 534 0060 3B       		.uleb128 0x3b
 535 0061 0B       		.uleb128 0xb
 536 0062 49       		.uleb128 0x49
 537 0063 13       		.uleb128 0x13
 538 0064 00       		.byte	0
 539 0065 00       		.byte	0
 540 0066 09       		.uleb128 0x9
 541 0067 2E       		.uleb128 0x2e
 542 0068 01       		.byte	0x1
 543 0069 3F       		.uleb128 0x3f
 544 006a 19       		.uleb128 0x19
 545 006b 03       		.uleb128 0x3
 546 006c 0E       		.uleb128 0xe
 547 006d 3A       		.uleb128 0x3a
 548 006e 0B       		.uleb128 0xb
 549 006f 3B       		.uleb128 0x3b
 550 0070 0B       		.uleb128 0xb
 551 0071 27       		.uleb128 0x27
 552 0072 19       		.uleb128 0x19
 553 0073 11       		.uleb128 0x11
 554 0074 01       		.uleb128 0x1
 555 0075 12       		.uleb128 0x12
 556 0076 06       		.uleb128 0x6
 557 0077 40       		.uleb128 0x40
 558 0078 18       		.uleb128 0x18
ARM GAS  C:\Users\Jerry\AppData\Local\Temp\cc3Mwkba.s 			page 15


 559 0079 9742     		.uleb128 0x2117
 560 007b 19       		.uleb128 0x19
 561 007c 01       		.uleb128 0x1
 562 007d 13       		.uleb128 0x13
 563 007e 00       		.byte	0
 564 007f 00       		.byte	0
 565 0080 0A       		.uleb128 0xa
 566 0081 34       		.uleb128 0x34
 567 0082 00       		.byte	0
 568 0083 03       		.uleb128 0x3
 569 0084 0E       		.uleb128 0xe
 570 0085 3A       		.uleb128 0x3a
 571 0086 0B       		.uleb128 0xb
 572 0087 3B       		.uleb128 0x3b
 573 0088 0B       		.uleb128 0xb
 574 0089 49       		.uleb128 0x49
 575 008a 13       		.uleb128 0x13
 576 008b 02       		.uleb128 0x2
 577 008c 17       		.uleb128 0x17
 578 008d 00       		.byte	0
 579 008e 00       		.byte	0
 580 008f 0B       		.uleb128 0xb
 581 0090 898201   		.uleb128 0x4109
 582 0093 00       		.byte	0
 583 0094 11       		.uleb128 0x11
 584 0095 01       		.uleb128 0x1
 585 0096 31       		.uleb128 0x31
 586 0097 13       		.uleb128 0x13
 587 0098 00       		.byte	0
 588 0099 00       		.byte	0
 589 009a 0C       		.uleb128 0xc
 590 009b 2E       		.uleb128 0x2e
 591 009c 00       		.byte	0
 592 009d 3F       		.uleb128 0x3f
 593 009e 19       		.uleb128 0x19
 594 009f 03       		.uleb128 0x3
 595 00a0 0E       		.uleb128 0xe
 596 00a1 3A       		.uleb128 0x3a
 597 00a2 0B       		.uleb128 0xb
 598 00a3 3B       		.uleb128 0x3b
 599 00a4 0B       		.uleb128 0xb
 600 00a5 27       		.uleb128 0x27
 601 00a6 19       		.uleb128 0x19
 602 00a7 11       		.uleb128 0x11
 603 00a8 01       		.uleb128 0x1
 604 00a9 12       		.uleb128 0x12
 605 00aa 06       		.uleb128 0x6
 606 00ab 40       		.uleb128 0x40
 607 00ac 18       		.uleb128 0x18
 608 00ad 9742     		.uleb128 0x2117
 609 00af 19       		.uleb128 0x19
 610 00b0 00       		.byte	0
 611 00b1 00       		.byte	0
 612 00b2 0D       		.uleb128 0xd
 613 00b3 34       		.uleb128 0x34
 614 00b4 00       		.byte	0
 615 00b5 03       		.uleb128 0x3
ARM GAS  C:\Users\Jerry\AppData\Local\Temp\cc3Mwkba.s 			page 16


 616 00b6 0E       		.uleb128 0xe
 617 00b7 3A       		.uleb128 0x3a
 618 00b8 0B       		.uleb128 0xb
 619 00b9 3B       		.uleb128 0x3b
 620 00ba 0B       		.uleb128 0xb
 621 00bb 49       		.uleb128 0x49
 622 00bc 13       		.uleb128 0x13
 623 00bd 02       		.uleb128 0x2
 624 00be 18       		.uleb128 0x18
 625 00bf 00       		.byte	0
 626 00c0 00       		.byte	0
 627 00c1 0E       		.uleb128 0xe
 628 00c2 2E       		.uleb128 0x2e
 629 00c3 00       		.byte	0
 630 00c4 3F       		.uleb128 0x3f
 631 00c5 19       		.uleb128 0x19
 632 00c6 03       		.uleb128 0x3
 633 00c7 0E       		.uleb128 0xe
 634 00c8 3A       		.uleb128 0x3a
 635 00c9 0B       		.uleb128 0xb
 636 00ca 3B       		.uleb128 0x3b
 637 00cb 0B       		.uleb128 0xb
 638 00cc 27       		.uleb128 0x27
 639 00cd 19       		.uleb128 0x19
 640 00ce 3C       		.uleb128 0x3c
 641 00cf 19       		.uleb128 0x19
 642 00d0 00       		.byte	0
 643 00d1 00       		.byte	0
 644 00d2 00       		.byte	0
 645              		.section	.debug_loc,"",%progbits
 646              	.Ldebug_loc0:
 647              	.LLST0:
 648 0000 0A000000 		.4byte	.LVL0
 649 0004 1A000000 		.4byte	.LVL1
 650 0008 0100     		.2byte	0x1
 651 000a 51       		.byte	0x51
 652 000b 00000000 		.4byte	0
 653 000f 00000000 		.4byte	0
 654              	.LLST1:
 655 0013 00000000 		.4byte	.LVL4
 656 0017 0E000000 		.4byte	.LVL5
 657 001b 0200     		.2byte	0x2
 658 001d 32       		.byte	0x32
 659 001e 9F       		.byte	0x9f
 660 001f 0E000000 		.4byte	.LVL5
 661 0023 1E000000 		.4byte	.LVL7
 662 0027 0100     		.2byte	0x1
 663 0029 52       		.byte	0x52
 664 002a 1E000000 		.4byte	.LVL7
 665 002e 24000000 		.4byte	.LVL8
 666 0032 0200     		.2byte	0x2
 667 0034 71       		.byte	0x71
 668 0035 00       		.sleb128 0
 669 0036 24000000 		.4byte	.LVL8
 670 003a 2E000000 		.4byte	.LVL9
 671 003e 0500     		.2byte	0x5
 672 0040 0C       		.byte	0xc
ARM GAS  C:\Users\Jerry\AppData\Local\Temp\cc3Mwkba.s 			page 17


 673 0041 30003A40 		.4byte	0x403a0030
 674 0045 00000000 		.4byte	0
 675 0049 00000000 		.4byte	0
 676              		.section	.debug_aranges,"",%progbits
 677 0000 34000000 		.4byte	0x34
 678 0004 0200     		.2byte	0x2
 679 0006 00000000 		.4byte	.Ldebug_info0
 680 000a 04       		.byte	0x4
 681 000b 00       		.byte	0
 682 000c 0000     		.2byte	0
 683 000e 0000     		.2byte	0
 684 0010 00000000 		.4byte	.LFB1
 685 0014 80000000 		.4byte	.LFE1-.LFB1
 686 0018 00000000 		.4byte	.LFB2
 687 001c 50000000 		.4byte	.LFE2-.LFB2
 688 0020 00000000 		.4byte	.LFB3
 689 0024 02000000 		.4byte	.LFE3-.LFB3
 690 0028 00000000 		.4byte	.LFB4
 691 002c 02000000 		.4byte	.LFE4-.LFB4
 692 0030 00000000 		.4byte	0
 693 0034 00000000 		.4byte	0
 694              		.section	.debug_ranges,"",%progbits
 695              	.Ldebug_ranges0:
 696 0000 00000000 		.4byte	.LFB1
 697 0004 80000000 		.4byte	.LFE1
 698 0008 00000000 		.4byte	.LFB2
 699 000c 50000000 		.4byte	.LFE2
 700 0010 00000000 		.4byte	.LFB3
 701 0014 02000000 		.4byte	.LFE3
 702 0018 00000000 		.4byte	.LFB4
 703 001c 02000000 		.4byte	.LFE4
 704 0020 00000000 		.4byte	0
 705 0024 00000000 		.4byte	0
 706              		.section	.debug_line,"",%progbits
 707              	.Ldebug_line0:
 708 0000 BA000000 		.section	.debug_str,"MS",%progbits,1
 708      02004C00 
 708      00000201 
 708      FB0E0D00 
 708      01010101 
 709              	.LASF6:
 710 0000 6C6F6E67 		.ascii	"long long int\000"
 710      206C6F6E 
 710      6720696E 
 710      7400
 711              	.LASF14:
 712 000e 72656733 		.ascii	"reg32\000"
 712      3200
 713              	.LASF28:
 714 0014 47656E65 		.ascii	"Generated_Source\\PSoC4\\ADC_PM.c\000"
 714      72617465 
 714      645F536F 
 714      75726365 
 714      5C50536F 
 715              	.LASF20:
 716 0034 4144435F 		.ascii	"ADC_SaveConfig\000"
 716      53617665 
ARM GAS  C:\Users\Jerry\AppData\Local\Temp\cc3Mwkba.s 			page 18


 716      436F6E66 
 716      696700
 717              	.LASF3:
 718 0043 73686F72 		.ascii	"short unsigned int\000"
 718      7420756E 
 718      7369676E 
 718      65642069 
 718      6E7400
 719              	.LASF27:
 720 0056 474E5520 		.ascii	"GNU C 4.9.3 20150303 (release) [ARM/embedded-4_9-br"
 720      4320342E 
 720      392E3320 
 720      32303135 
 720      30333033 
 721 0089 616E6368 		.ascii	"anch revision 221220] -mcpu=cortex-m0plus -mthumb -"
 721      20726576 
 721      6973696F 
 721      6E203232 
 721      31323230 
 722 00bc 67202D4F 		.ascii	"g -Os -ffunction-sections -ffat-lto-objects\000"
 722      73202D66 
 722      66756E63 
 722      74696F6E 
 722      2D736563 
 723              	.LASF11:
 724 00e8 666C6F61 		.ascii	"float\000"
 724      7400
 725              	.LASF1:
 726 00ee 756E7369 		.ascii	"unsigned char\000"
 726      676E6564 
 726      20636861 
 726      7200
 727              	.LASF5:
 728 00fc 6C6F6E67 		.ascii	"long unsigned int\000"
 728      20756E73 
 728      69676E65 
 728      6420696E 
 728      7400
 729              	.LASF9:
 730 010e 75696E74 		.ascii	"uint8\000"
 730      3800
 731              	.LASF17:
 732 0114 4144435F 		.ascii	"ADC_Sleep\000"
 732      536C6565 
 732      7000
 733              	.LASF12:
 734 011e 646F7562 		.ascii	"double\000"
 734      6C6500
 735              	.LASF2:
 736 0125 73686F72 		.ascii	"short int\000"
 736      7420696E 
 736      7400
 737              	.LASF10:
 738 012f 75696E74 		.ascii	"uint32\000"
 738      333200
 739              	.LASF8:
 740 0136 756E7369 		.ascii	"unsigned int\000"
ARM GAS  C:\Users\Jerry\AppData\Local\Temp\cc3Mwkba.s 			page 19


 740      676E6564 
 740      20696E74 
 740      00
 741              	.LASF25:
 742 0143 4144435F 		.ascii	"ADC_Enable\000"
 742      456E6162 
 742      6C6500
 743              	.LASF7:
 744 014e 6C6F6E67 		.ascii	"long long unsigned int\000"
 744      206C6F6E 
 744      6720756E 
 744      7369676E 
 744      65642069 
 745              	.LASF19:
 746 0165 64667452 		.ascii	"dftRegVal\000"
 746      65675661 
 746      6C00
 747              	.LASF15:
 748 016f 73697A65 		.ascii	"sizetype\000"
 748      74797065 
 748      00
 749              	.LASF26:
 750 0178 4144435F 		.ascii	"ADC_StartConvert\000"
 750      53746172 
 750      74436F6E 
 750      76657274 
 750      00
 751              	.LASF16:
 752 0189 4144435F 		.ascii	"ADC_BACKUP_STRUCT\000"
 752      4241434B 
 752      55505F53 
 752      54525543 
 752      5400
 753              	.LASF13:
 754 019b 63686172 		.ascii	"char\000"
 754      00
 755              	.LASF21:
 756 01a0 4144435F 		.ascii	"ADC_RestoreConfig\000"
 756      52657374 
 756      6F726543 
 756      6F6E6669 
 756      6700
 757              	.LASF23:
 758 01b2 4144435F 		.ascii	"ADC_StopConvert\000"
 758      53746F70 
 758      436F6E76 
 758      65727400 
 759              	.LASF4:
 760 01c2 6C6F6E67 		.ascii	"long int\000"
 760      20696E74 
 760      00
 761              	.LASF30:
 762 01cb 656E6162 		.ascii	"enableState\000"
 762      6C655374 
 762      61746500 
 763              	.LASF0:
 764 01d7 7369676E 		.ascii	"signed char\000"
ARM GAS  C:\Users\Jerry\AppData\Local\Temp\cc3Mwkba.s 			page 20


 764      65642063 
 764      68617200 
 765              	.LASF22:
 766 01e3 4144435F 		.ascii	"ADC_backup\000"
 766      6261636B 
 766      757000
 767              	.LASF18:
 768 01ee 4144435F 		.ascii	"ADC_Wakeup\000"
 768      57616B65 
 768      757000
 769              	.LASF29:
 770 01f9 433A5C63 		.ascii	"C:\\cypress\\TalkingClock\\Talking_Clock.cydsn\000"
 770      79707265 
 770      73735C54 
 770      616C6B69 
 770      6E67436C 
 771              	.LASF24:
 772 0225 4144435F 		.ascii	"ADC_Stop\000"
 772      53746F70 
 772      00
 773              		.ident	"GCC: (GNU Tools for ARM Embedded Processors) 4.9.3 20150303 (release) [ARM/embedded-4_9-br
