ARM GAS  C:\Users\Jerry\AppData\Local\Temp\ccr9cius.s 			page 1


   1              		.cpu cortex-m0plus
   2              		.fpu softvfp
   3              		.eabi_attribute 20, 1
   4              		.eabi_attribute 21, 1
   5              		.eabi_attribute 23, 3
   6              		.eabi_attribute 24, 1
   7              		.eabi_attribute 25, 1
   8              		.eabi_attribute 26, 1
   9              		.eabi_attribute 30, 4
  10              		.eabi_attribute 34, 0
  11              		.eabi_attribute 18, 4
  12              		.code	16
  13              		.file	"DMA_Synth.c"
  14              		.text
  15              	.Ltext0:
  16              		.cfi_sections	.debug_frame
  17              		.section	.text.DMA_Synth_Init,"ax",%progbits
  18              		.align	1
  19              		.global	DMA_Synth_Init
  20              		.code	16
  21              		.thumb_func
  22              		.type	DMA_Synth_Init, %function
  23              	DMA_Synth_Init:
  24              	.LFB33:
  25              		.file 1 "Generated_Source\\PSoC4\\DMA_Synth.c"
   1:Generated_Source\PSoC4/DMA_Synth.c **** /*******************************************************************************
   2:Generated_Source\PSoC4/DMA_Synth.c **** * File Name: DMA_Synth.h
   3:Generated_Source\PSoC4/DMA_Synth.c **** * Version 1.0
   4:Generated_Source\PSoC4/DMA_Synth.c **** *
   5:Generated_Source\PSoC4/DMA_Synth.c **** * Description:
   6:Generated_Source\PSoC4/DMA_Synth.c **** *  This file contains all of the channel DMA API functions.
   7:Generated_Source\PSoC4/DMA_Synth.c **** *
   8:Generated_Source\PSoC4/DMA_Synth.c **** ********************************************************************************
   9:Generated_Source\PSoC4/DMA_Synth.c **** * Copyright 2015, Cypress Semiconductor Corporation. All rights reserved.
  10:Generated_Source\PSoC4/DMA_Synth.c **** * You may use this file only in accordance with the license, terms, conditions,
  11:Generated_Source\PSoC4/DMA_Synth.c **** * disclaimers, and limitations in the end user license agreement accompanying
  12:Generated_Source\PSoC4/DMA_Synth.c **** * the software package with which this file was provided.
  13:Generated_Source\PSoC4/DMA_Synth.c **** *******************************************************************************/
  14:Generated_Source\PSoC4/DMA_Synth.c **** 
  15:Generated_Source\PSoC4/DMA_Synth.c **** #include "DMA_Synth.h"
  16:Generated_Source\PSoC4/DMA_Synth.c **** 
  17:Generated_Source\PSoC4/DMA_Synth.c **** uint8 DMA_Synth_initVar = 0u;
  18:Generated_Source\PSoC4/DMA_Synth.c **** 
  19:Generated_Source\PSoC4/DMA_Synth.c **** 
  20:Generated_Source\PSoC4/DMA_Synth.c **** /*******************************************************************************
  21:Generated_Source\PSoC4/DMA_Synth.c **** * Function Name: DMA_Synth_Start
  22:Generated_Source\PSoC4/DMA_Synth.c **** ********************************************************************************
  23:Generated_Source\PSoC4/DMA_Synth.c **** *
  24:Generated_Source\PSoC4/DMA_Synth.c **** * Summary:
  25:Generated_Source\PSoC4/DMA_Synth.c **** *  Calls Init() to configure the DMA channel based on the customizer settings if
  26:Generated_Source\PSoC4/DMA_Synth.c **** *  the channel has not been initialized before.
  27:Generated_Source\PSoC4/DMA_Synth.c **** *  Sets source and destination address, validates descriptor 0 and enables the
  28:Generated_Source\PSoC4/DMA_Synth.c **** *  channel. After calling this function the DMA channel is active and waiting
  29:Generated_Source\PSoC4/DMA_Synth.c **** *  for a trigger.
  30:Generated_Source\PSoC4/DMA_Synth.c **** *
  31:Generated_Source\PSoC4/DMA_Synth.c **** * Parameters:
  32:Generated_Source\PSoC4/DMA_Synth.c **** *  srcAddress: Address of DMA transfer source for descriptor 0.
ARM GAS  C:\Users\Jerry\AppData\Local\Temp\ccr9cius.s 			page 2


  33:Generated_Source\PSoC4/DMA_Synth.c **** *  dstAddress: Address of DMA transfer destination for descriptor 0.
  34:Generated_Source\PSoC4/DMA_Synth.c **** *                   
  35:Generated_Source\PSoC4/DMA_Synth.c **** * Return:
  36:Generated_Source\PSoC4/DMA_Synth.c **** *  None.
  37:Generated_Source\PSoC4/DMA_Synth.c **** *
  38:Generated_Source\PSoC4/DMA_Synth.c **** *******************************************************************************/
  39:Generated_Source\PSoC4/DMA_Synth.c **** void DMA_Synth_Start(void * srcAddress, void * dstAddress)
  40:Generated_Source\PSoC4/DMA_Synth.c **** {
  41:Generated_Source\PSoC4/DMA_Synth.c ****     if(0u == DMA_Synth_initVar)
  42:Generated_Source\PSoC4/DMA_Synth.c ****     {
  43:Generated_Source\PSoC4/DMA_Synth.c ****         DMA_Synth_Init();
  44:Generated_Source\PSoC4/DMA_Synth.c ****         DMA_Synth_initVar = 1u;
  45:Generated_Source\PSoC4/DMA_Synth.c ****     }
  46:Generated_Source\PSoC4/DMA_Synth.c ****     CyDmaEnable();
  47:Generated_Source\PSoC4/DMA_Synth.c ****     DMA_Synth_SetSrcAddress(0, srcAddress);
  48:Generated_Source\PSoC4/DMA_Synth.c ****     DMA_Synth_SetDstAddress(0, dstAddress);
  49:Generated_Source\PSoC4/DMA_Synth.c ****     DMA_Synth_ValidateDescriptor(0);
  50:Generated_Source\PSoC4/DMA_Synth.c ****     DMA_Synth_ChEnable();
  51:Generated_Source\PSoC4/DMA_Synth.c **** }
  52:Generated_Source\PSoC4/DMA_Synth.c **** 
  53:Generated_Source\PSoC4/DMA_Synth.c **** 
  54:Generated_Source\PSoC4/DMA_Synth.c **** /*******************************************************************************
  55:Generated_Source\PSoC4/DMA_Synth.c **** * Function Name: DMA_Synth_Init
  56:Generated_Source\PSoC4/DMA_Synth.c **** ********************************************************************************
  57:Generated_Source\PSoC4/DMA_Synth.c **** *
  58:Generated_Source\PSoC4/DMA_Synth.c **** * Summary:
  59:Generated_Source\PSoC4/DMA_Synth.c **** *  Initializes the DMA channel based on the parameters set in the component
  60:Generated_Source\PSoC4/DMA_Synth.c **** *  customizer. It is not necessary to call DMA_Synth_Init() because the
  61:Generated_Source\PSoC4/DMA_Synth.c **** *  DMA_Synth_Start() API calls this function, which is the preferred method
  62:Generated_Source\PSoC4/DMA_Synth.c **** *  to begin component operation.
  63:Generated_Source\PSoC4/DMA_Synth.c **** *
  64:Generated_Source\PSoC4/DMA_Synth.c **** * Parameters:
  65:Generated_Source\PSoC4/DMA_Synth.c **** *  None.
  66:Generated_Source\PSoC4/DMA_Synth.c **** *                   
  67:Generated_Source\PSoC4/DMA_Synth.c **** * Return:
  68:Generated_Source\PSoC4/DMA_Synth.c **** *  None.
  69:Generated_Source\PSoC4/DMA_Synth.c **** *
  70:Generated_Source\PSoC4/DMA_Synth.c **** * Side effect:
  71:Generated_Source\PSoC4/DMA_Synth.c **** *  The first descriptor is set to descriptor 0. This function should not be
  72:Generated_Source\PSoC4/DMA_Synth.c **** *  called while the channel is enabled. All settings will be reset to their
  73:Generated_Source\PSoC4/DMA_Synth.c **** *  initial values.
  74:Generated_Source\PSoC4/DMA_Synth.c **** *
  75:Generated_Source\PSoC4/DMA_Synth.c **** *******************************************************************************/
  76:Generated_Source\PSoC4/DMA_Synth.c **** void DMA_Synth_Init(void)
  77:Generated_Source\PSoC4/DMA_Synth.c **** {
  26              		.loc 1 77 0
  27              		.cfi_startproc
  78:Generated_Source\PSoC4/DMA_Synth.c ****     CYDMA_CH_CTL_BASE.ctl[DMA_Synth_CHANNEL] = DMA_Synth_CHANNEL_CFG;
  28              		.loc 1 78 0
  29 0000 8022     		mov	r2, #128
  79:Generated_Source\PSoC4/DMA_Synth.c ****     CYDMA_DESCR_BASE.descriptor[DMA_Synth_CHANNEL][0].ctl = DMA_Synth_DESCR0_CFG;
  80:Generated_Source\PSoC4/DMA_Synth.c ****     CYDMA_DESCR_BASE.descriptor[DMA_Synth_CHANNEL][1].ctl = DMA_Synth_DESCR1_CFG;
  81:Generated_Source\PSoC4/DMA_Synth.c **** 
  82:Generated_Source\PSoC4/DMA_Synth.c ****     /* If the Generate IRQ option is selected for descriptor 0 or 1, set the
  83:Generated_Source\PSoC4/DMA_Synth.c ****     * channel bit field in the DMA interrupt mask register.
  84:Generated_Source\PSoC4/DMA_Synth.c ****     */
  85:Generated_Source\PSoC4/DMA_Synth.c ****     #if (0u != ((DMA_Synth_DESCR0_CFG | DMA_Synth_DESCR1_CFG) & CYDMA_GENERATE_IRQ))
ARM GAS  C:\Users\Jerry\AppData\Local\Temp\ccr9cius.s 			page 3


  86:Generated_Source\PSoC4/DMA_Synth.c ****         CYDMA_INTR_MASK_REG |= DMA_Synth_CHANNEL_MASK;
  30              		.loc 1 86 0
  31 0002 0121     		mov	r1, #1
  78:Generated_Source\PSoC4/DMA_Synth.c ****     CYDMA_CH_CTL_BASE.ctl[DMA_Synth_CHANNEL] = DMA_Synth_CHANNEL_CFG;
  32              		.loc 1 78 0
  33 0004 054B     		ldr	r3, .L2
  34 0006 9205     		lsl	r2, r2, #22
  35 0008 1A60     		str	r2, [r3]
  79:Generated_Source\PSoC4/DMA_Synth.c ****     CYDMA_DESCR_BASE.descriptor[DMA_Synth_CHANNEL][0].ctl = DMA_Synth_DESCR0_CFG;
  36              		.loc 1 79 0
  37 000a 054B     		ldr	r3, .L2+4
  38 000c 054A     		ldr	r2, .L2+8
  87:Generated_Source\PSoC4/DMA_Synth.c ****     #endif /* (0u != ((DMA_Synth_DESCR0_CFG | DMA_Synth_DESCR1_CFG) & CYDMA_GENERATE_IRQ)) */
  88:Generated_Source\PSoC4/DMA_Synth.c **** }
  39              		.loc 1 88 0
  40              		@ sp needed
  79:Generated_Source\PSoC4/DMA_Synth.c ****     CYDMA_DESCR_BASE.descriptor[DMA_Synth_CHANNEL][0].ctl = DMA_Synth_DESCR0_CFG;
  41              		.loc 1 79 0
  42 000e 9A60     		str	r2, [r3, #8]
  80:Generated_Source\PSoC4/DMA_Synth.c **** 
  43              		.loc 1 80 0
  44 0010 9A61     		str	r2, [r3, #24]
  86:Generated_Source\PSoC4/DMA_Synth.c ****     #endif /* (0u != ((DMA_Synth_DESCR0_CFG | DMA_Synth_DESCR1_CFG) & CYDMA_GENERATE_IRQ)) */
  45              		.loc 1 86 0
  46 0012 054A     		ldr	r2, .L2+12
  47 0014 1368     		ldr	r3, [r2]
  48 0016 0B43     		orr	r3, r1
  49 0018 1360     		str	r3, [r2]
  50              		.loc 1 88 0
  51 001a 7047     		bx	lr
  52              	.L3:
  53              		.align	2
  54              	.L2:
  55 001c 80101040 		.word	1074794624
  56 0020 00181040 		.word	1074796544
  57 0024 13009128 		.word	680591379
  58 0028 F8171040 		.word	1074796536
  59              		.cfi_endproc
  60              	.LFE33:
  61              		.size	DMA_Synth_Init, .-DMA_Synth_Init
  62              		.section	.text.DMA_Synth_Start,"ax",%progbits
  63              		.align	1
  64              		.global	DMA_Synth_Start
  65              		.code	16
  66              		.thumb_func
  67              		.type	DMA_Synth_Start, %function
  68              	DMA_Synth_Start:
  69              	.LFB32:
  40:Generated_Source\PSoC4/DMA_Synth.c ****     if(0u == DMA_Synth_initVar)
  70              		.loc 1 40 0
  71              		.cfi_startproc
  72              	.LVL0:
  73 0000 70B5     		push	{r4, r5, r6, lr}
  74              		.cfi_def_cfa_offset 16
  75              		.cfi_offset 4, -16
  76              		.cfi_offset 5, -12
  77              		.cfi_offset 6, -8
ARM GAS  C:\Users\Jerry\AppData\Local\Temp\ccr9cius.s 			page 4


  78              		.cfi_offset 14, -4
  41:Generated_Source\PSoC4/DMA_Synth.c ****     {
  79              		.loc 1 41 0
  80 0002 0F4C     		ldr	r4, .L7
  40:Generated_Source\PSoC4/DMA_Synth.c ****     if(0u == DMA_Synth_initVar)
  81              		.loc 1 40 0
  82 0004 061C     		mov	r6, r0
  41:Generated_Source\PSoC4/DMA_Synth.c ****     {
  83              		.loc 1 41 0
  84 0006 2378     		ldrb	r3, [r4]
  40:Generated_Source\PSoC4/DMA_Synth.c ****     if(0u == DMA_Synth_initVar)
  85              		.loc 1 40 0
  86 0008 0D1C     		mov	r5, r1
  41:Generated_Source\PSoC4/DMA_Synth.c ****     {
  87              		.loc 1 41 0
  88 000a 002B     		cmp	r3, #0
  89 000c 03D1     		bne	.L5
  43:Generated_Source\PSoC4/DMA_Synth.c ****         DMA_Synth_initVar = 1u;
  90              		.loc 1 43 0
  91 000e FFF7FEFF 		bl	DMA_Synth_Init
  92              	.LVL1:
  44:Generated_Source\PSoC4/DMA_Synth.c ****     }
  93              		.loc 1 44 0
  94 0012 0123     		mov	r3, #1
  95 0014 2370     		strb	r3, [r4]
  96              	.L5:
  46:Generated_Source\PSoC4/DMA_Synth.c ****     DMA_Synth_SetSrcAddress(0, srcAddress);
  97              		.loc 1 46 0
  98 0016 FFF7FEFF 		bl	CyDmaEnable
  99              	.LVL2:
 100              	.LBB10:
 101              	.LBB11:
 102              		.file 2 "Generated_Source\\PSoC4\\DMA_Synth.h"
   1:Generated_Source\PSoC4/DMA_Synth.h **** /*******************************************************************************
   2:Generated_Source\PSoC4/DMA_Synth.h **** * File Name: DMA_Synth.h
   3:Generated_Source\PSoC4/DMA_Synth.h **** * Version 1.0
   4:Generated_Source\PSoC4/DMA_Synth.h **** *
   5:Generated_Source\PSoC4/DMA_Synth.h **** * Description:
   6:Generated_Source\PSoC4/DMA_Synth.h **** *  This file provides DMA channel defines and API function definitions.
   7:Generated_Source\PSoC4/DMA_Synth.h **** *
   8:Generated_Source\PSoC4/DMA_Synth.h **** ********************************************************************************
   9:Generated_Source\PSoC4/DMA_Synth.h **** * Copyright 2015, Cypress Semiconductor Corporation. All rights reserved.
  10:Generated_Source\PSoC4/DMA_Synth.h **** * You may use this file only in accordance with the license, terms, conditions,
  11:Generated_Source\PSoC4/DMA_Synth.h **** * disclaimers, and limitations in the end user license agreement accompanying
  12:Generated_Source\PSoC4/DMA_Synth.h **** * the software package with which this file was provided.
  13:Generated_Source\PSoC4/DMA_Synth.h **** *******************************************************************************/
  14:Generated_Source\PSoC4/DMA_Synth.h **** 
  15:Generated_Source\PSoC4/DMA_Synth.h **** #ifndef CY_DMA_CHANNEL_DMA_Synth_H
  16:Generated_Source\PSoC4/DMA_Synth.h **** #define CY_DMA_CHANNEL_DMA_Synth_H
  17:Generated_Source\PSoC4/DMA_Synth.h **** 
  18:Generated_Source\PSoC4/DMA_Synth.h **** #include "CyDMA.h"
  19:Generated_Source\PSoC4/DMA_Synth.h **** 
  20:Generated_Source\PSoC4/DMA_Synth.h ****     
  21:Generated_Source\PSoC4/DMA_Synth.h **** /***************************************
  22:Generated_Source\PSoC4/DMA_Synth.h **** *   Conditional Compilation Parameters
  23:Generated_Source\PSoC4/DMA_Synth.h **** ***************************************/
  24:Generated_Source\PSoC4/DMA_Synth.h **** 
ARM GAS  C:\Users\Jerry\AppData\Local\Temp\ccr9cius.s 			page 5


  25:Generated_Source\PSoC4/DMA_Synth.h **** #define DMA_Synth_CHANNEL           (DMA_Synth__CHANNEL_NUMBER)
  26:Generated_Source\PSoC4/DMA_Synth.h **** #define DMA_Synth_CHANNEL_MASK      ((uint32)(1UL << DMA_Synth_CHANNEL))
  27:Generated_Source\PSoC4/DMA_Synth.h **** 
  28:Generated_Source\PSoC4/DMA_Synth.h **** 
  29:Generated_Source\PSoC4/DMA_Synth.h **** /***************************************
  30:Generated_Source\PSoC4/DMA_Synth.h **** *        Function Prototypes
  31:Generated_Source\PSoC4/DMA_Synth.h **** ***************************************/
  32:Generated_Source\PSoC4/DMA_Synth.h **** 
  33:Generated_Source\PSoC4/DMA_Synth.h **** /* Functions specific to this DMA channel */
  34:Generated_Source\PSoC4/DMA_Synth.h **** void DMA_Synth_Init(void);
  35:Generated_Source\PSoC4/DMA_Synth.h **** void DMA_Synth_Start(void * srcAddress, void * dstAddress);
  36:Generated_Source\PSoC4/DMA_Synth.h **** 
  37:Generated_Source\PSoC4/DMA_Synth.h **** /* Inline functions that call global API functions */
  38:Generated_Source\PSoC4/DMA_Synth.h **** static void   DMA_Synth_ChEnable(void);
  39:Generated_Source\PSoC4/DMA_Synth.h **** static void   DMA_Synth_ChDisable(void);
  40:Generated_Source\PSoC4/DMA_Synth.h **** static void   DMA_Synth_Trigger(void);
  41:Generated_Source\PSoC4/DMA_Synth.h **** static void   DMA_Synth_SetPriority(int32 priority);
  42:Generated_Source\PSoC4/DMA_Synth.h **** static int32  DMA_Synth_GetPriority(void);
  43:Generated_Source\PSoC4/DMA_Synth.h **** static void   DMA_Synth_SetNextDescriptor(int32 descriptor);
  44:Generated_Source\PSoC4/DMA_Synth.h **** static int32  DMA_Synth_GetNextDescriptor(void);
  45:Generated_Source\PSoC4/DMA_Synth.h **** static void   DMA_Synth_SetConfiguration(int32 descriptor, const cydma_init_struct * config);
  46:Generated_Source\PSoC4/DMA_Synth.h **** static void   DMA_Synth_ValidateDescriptor(int32 descriptor);
  47:Generated_Source\PSoC4/DMA_Synth.h **** static uint32 DMA_Synth_GetDescriptorStatus(int32 descriptor);
  48:Generated_Source\PSoC4/DMA_Synth.h **** static void   DMA_Synth_SetSrcAddress(int32 descriptor, void * srcAddress);
  49:Generated_Source\PSoC4/DMA_Synth.h **** static void * DMA_Synth_GetSrcAddress(int32 descriptor);
  50:Generated_Source\PSoC4/DMA_Synth.h **** static void   DMA_Synth_SetDstAddress(int32 descriptor, void * dstAddress);
  51:Generated_Source\PSoC4/DMA_Synth.h **** static void * DMA_Synth_GetDstAddress(int32 descriptor);
  52:Generated_Source\PSoC4/DMA_Synth.h **** static void   DMA_Synth_SetDataElementSize(int32 descriptor, uint32 dataElementSize);
  53:Generated_Source\PSoC4/DMA_Synth.h **** static uint32 DMA_Synth_GetDataElementSize(int32 descriptor);
  54:Generated_Source\PSoC4/DMA_Synth.h **** static void   DMA_Synth_SetNumDataElements(int32 descriptor, int32 numDataElements);
  55:Generated_Source\PSoC4/DMA_Synth.h **** static int32  DMA_Synth_GetNumDataElements(int32 descriptor);
  56:Generated_Source\PSoC4/DMA_Synth.h **** static void   DMA_Synth_SetSrcDstTransferWidth(int32 descriptor, uint32 transferWidth);
  57:Generated_Source\PSoC4/DMA_Synth.h **** static uint32 DMA_Synth_GetSrcDstTransferWidth(int32 descriptor);
  58:Generated_Source\PSoC4/DMA_Synth.h **** static void   DMA_Synth_SetAddressIncrement(int32 descriptor, uint32 addressIncrement);
  59:Generated_Source\PSoC4/DMA_Synth.h **** static uint32 DMA_Synth_GetAddressIncrement(int32 descriptor);
  60:Generated_Source\PSoC4/DMA_Synth.h **** static void   DMA_Synth_SetTriggerType(int32 descriptor, uint32 triggerType);
  61:Generated_Source\PSoC4/DMA_Synth.h **** static uint32 DMA_Synth_GetTriggerType(int32 descriptor);
  62:Generated_Source\PSoC4/DMA_Synth.h **** static void   DMA_Synth_SetTransferMode(int32 descriptor, uint32 transferMode);
  63:Generated_Source\PSoC4/DMA_Synth.h **** static uint32 DMA_Synth_GetTransferMode(int32 descriptor);
  64:Generated_Source\PSoC4/DMA_Synth.h **** static void   DMA_Synth_SetPreemptable(int32 descriptor, uint32 preemptable);
  65:Generated_Source\PSoC4/DMA_Synth.h **** static uint32 DMA_Synth_GetPreemptable(int32 descriptor);
  66:Generated_Source\PSoC4/DMA_Synth.h **** static void   DMA_Synth_SetPostCompletionActions(int32 descriptor, uint32 actions);
  67:Generated_Source\PSoC4/DMA_Synth.h **** static uint32 DMA_Synth_GetPostCompletionAction(int32 descriptor);
  68:Generated_Source\PSoC4/DMA_Synth.h **** static cydma_callback_t DMA_Synth_SetInterruptCallback(cydma_callback_t callback);
  69:Generated_Source\PSoC4/DMA_Synth.h **** static cydma_callback_t DMA_Synth_GetInterruptCallback(void);
  70:Generated_Source\PSoC4/DMA_Synth.h **** 
  71:Generated_Source\PSoC4/DMA_Synth.h **** 
  72:Generated_Source\PSoC4/DMA_Synth.h **** /*******************************************************************************
  73:Generated_Source\PSoC4/DMA_Synth.h **** * Function Name: DMA_Synth_ChEnable
  74:Generated_Source\PSoC4/DMA_Synth.h **** ********************************************************************************
  75:Generated_Source\PSoC4/DMA_Synth.h **** *
  76:Generated_Source\PSoC4/DMA_Synth.h **** * Summary:
  77:Generated_Source\PSoC4/DMA_Synth.h **** *  Enables the DMA channel. It is not necessary to call DMA_Synth_ChEnable()
  78:Generated_Source\PSoC4/DMA_Synth.h **** *  because the DMA_Synth_Start() API calls this function, which is the
  79:Generated_Source\PSoC4/DMA_Synth.h **** *  preferred method to begin the component operation.
  80:Generated_Source\PSoC4/DMA_Synth.h **** *
  81:Generated_Source\PSoC4/DMA_Synth.h **** * Parameters:
ARM GAS  C:\Users\Jerry\AppData\Local\Temp\ccr9cius.s 			page 6


  82:Generated_Source\PSoC4/DMA_Synth.h **** *  None.
  83:Generated_Source\PSoC4/DMA_Synth.h **** *                   
  84:Generated_Source\PSoC4/DMA_Synth.h **** * Return:
  85:Generated_Source\PSoC4/DMA_Synth.h **** *  None.
  86:Generated_Source\PSoC4/DMA_Synth.h **** *
  87:Generated_Source\PSoC4/DMA_Synth.h **** * Side effect:
  88:Generated_Source\PSoC4/DMA_Synth.h **** *  If this function is called before DMA_Synth_Start(), or DMA_Synth_Init()
  89:Generated_Source\PSoC4/DMA_Synth.h **** *  or DMA_Synth_SetConfiguration(), and DMA_Synth_SetSrcAddress()
  90:Generated_Source\PSoC4/DMA_Synth.h **** *  and DMA_Synth_SetDstAddress the operation of the DMA is 
  91:Generated_Source\PSoC4/DMA_Synth.h **** *  undefined and could result in system data corruption. 
  92:Generated_Source\PSoC4/DMA_Synth.h **** *
  93:Generated_Source\PSoC4/DMA_Synth.h **** *******************************************************************************/
  94:Generated_Source\PSoC4/DMA_Synth.h **** static CY_INLINE void DMA_Synth_ChEnable(void)
  95:Generated_Source\PSoC4/DMA_Synth.h **** {
  96:Generated_Source\PSoC4/DMA_Synth.h ****     CyDmaChEnable(DMA_Synth_CHANNEL);
  97:Generated_Source\PSoC4/DMA_Synth.h **** }
  98:Generated_Source\PSoC4/DMA_Synth.h **** 
  99:Generated_Source\PSoC4/DMA_Synth.h **** 
 100:Generated_Source\PSoC4/DMA_Synth.h **** /*******************************************************************************
 101:Generated_Source\PSoC4/DMA_Synth.h **** * Function Name: DMA_Synth_ChDisable
 102:Generated_Source\PSoC4/DMA_Synth.h **** ********************************************************************************
 103:Generated_Source\PSoC4/DMA_Synth.h **** *
 104:Generated_Source\PSoC4/DMA_Synth.h **** * Summary:
 105:Generated_Source\PSoC4/DMA_Synth.h **** *  Disables the DMA channel.
 106:Generated_Source\PSoC4/DMA_Synth.h **** *
 107:Generated_Source\PSoC4/DMA_Synth.h **** * Parameters:
 108:Generated_Source\PSoC4/DMA_Synth.h **** *  None.
 109:Generated_Source\PSoC4/DMA_Synth.h **** *                   
 110:Generated_Source\PSoC4/DMA_Synth.h **** * Return:
 111:Generated_Source\PSoC4/DMA_Synth.h **** *  None.
 112:Generated_Source\PSoC4/DMA_Synth.h **** *
 113:Generated_Source\PSoC4/DMA_Synth.h **** * Side effect:
 114:Generated_Source\PSoC4/DMA_Synth.h **** *  If this function is called during a DMA transfer the transfer is aborted. 
 115:Generated_Source\PSoC4/DMA_Synth.h **** *
 116:Generated_Source\PSoC4/DMA_Synth.h **** *******************************************************************************/
 117:Generated_Source\PSoC4/DMA_Synth.h **** static CY_INLINE void DMA_Synth_ChDisable(void)
 118:Generated_Source\PSoC4/DMA_Synth.h **** {
 119:Generated_Source\PSoC4/DMA_Synth.h ****     CyDmaChDisable(DMA_Synth_CHANNEL);
 120:Generated_Source\PSoC4/DMA_Synth.h **** }
 121:Generated_Source\PSoC4/DMA_Synth.h **** 
 122:Generated_Source\PSoC4/DMA_Synth.h **** 
 123:Generated_Source\PSoC4/DMA_Synth.h **** /*******************************************************************************
 124:Generated_Source\PSoC4/DMA_Synth.h **** * Function Name: DMA_Synth_Trigger
 125:Generated_Source\PSoC4/DMA_Synth.h **** ********************************************************************************
 126:Generated_Source\PSoC4/DMA_Synth.h **** *
 127:Generated_Source\PSoC4/DMA_Synth.h **** * Summary:
 128:Generated_Source\PSoC4/DMA_Synth.h **** *  Triggers the DMA channel, this is useful only for software triggers. This is
 129:Generated_Source\PSoC4/DMA_Synth.h **** *  not needed when hardware triggers are used.
 130:Generated_Source\PSoC4/DMA_Synth.h **** *
 131:Generated_Source\PSoC4/DMA_Synth.h **** * Parameters:
 132:Generated_Source\PSoC4/DMA_Synth.h **** *  None.
 133:Generated_Source\PSoC4/DMA_Synth.h **** *                   
 134:Generated_Source\PSoC4/DMA_Synth.h **** * Return:
 135:Generated_Source\PSoC4/DMA_Synth.h **** *  None. 
 136:Generated_Source\PSoC4/DMA_Synth.h **** *
 137:Generated_Source\PSoC4/DMA_Synth.h **** *******************************************************************************/
 138:Generated_Source\PSoC4/DMA_Synth.h **** static CY_INLINE void DMA_Synth_Trigger(void)
ARM GAS  C:\Users\Jerry\AppData\Local\Temp\ccr9cius.s 			page 7


 139:Generated_Source\PSoC4/DMA_Synth.h **** {
 140:Generated_Source\PSoC4/DMA_Synth.h ****     CyDmaTrigger(DMA_Synth_CHANNEL);
 141:Generated_Source\PSoC4/DMA_Synth.h **** }
 142:Generated_Source\PSoC4/DMA_Synth.h **** 
 143:Generated_Source\PSoC4/DMA_Synth.h **** 
 144:Generated_Source\PSoC4/DMA_Synth.h **** /*******************************************************************************
 145:Generated_Source\PSoC4/DMA_Synth.h **** * Function Name: DMA_Synth_SetPriority
 146:Generated_Source\PSoC4/DMA_Synth.h **** ********************************************************************************
 147:Generated_Source\PSoC4/DMA_Synth.h **** *
 148:Generated_Source\PSoC4/DMA_Synth.h **** * Summary:
 149:Generated_Source\PSoC4/DMA_Synth.h **** *  Sets the priority for the channel.
 150:Generated_Source\PSoC4/DMA_Synth.h **** *
 151:Generated_Source\PSoC4/DMA_Synth.h **** * Parameters:
 152:Generated_Source\PSoC4/DMA_Synth.h **** *  priority: Priority for channel. Priority can be 0,1,2, or 3.
 153:Generated_Source\PSoC4/DMA_Synth.h **** *            0 is the highest priority.
 154:Generated_Source\PSoC4/DMA_Synth.h **** *                   
 155:Generated_Source\PSoC4/DMA_Synth.h **** * Return:
 156:Generated_Source\PSoC4/DMA_Synth.h **** *  None.
 157:Generated_Source\PSoC4/DMA_Synth.h **** *
 158:Generated_Source\PSoC4/DMA_Synth.h **** * Side effect:
 159:Generated_Source\PSoC4/DMA_Synth.h **** *  This function should not be called while the channel is enabled.
 160:Generated_Source\PSoC4/DMA_Synth.h **** *
 161:Generated_Source\PSoC4/DMA_Synth.h **** *******************************************************************************/
 162:Generated_Source\PSoC4/DMA_Synth.h **** static CY_INLINE void DMA_Synth_SetPriority(int32 priority)
 163:Generated_Source\PSoC4/DMA_Synth.h **** {
 164:Generated_Source\PSoC4/DMA_Synth.h ****     CyDmaSetPriority(DMA_Synth_CHANNEL, priority);
 165:Generated_Source\PSoC4/DMA_Synth.h **** }
 166:Generated_Source\PSoC4/DMA_Synth.h **** 
 167:Generated_Source\PSoC4/DMA_Synth.h **** 
 168:Generated_Source\PSoC4/DMA_Synth.h **** /*******************************************************************************
 169:Generated_Source\PSoC4/DMA_Synth.h **** * Function Name: DMA_Synth_GetPriority
 170:Generated_Source\PSoC4/DMA_Synth.h **** ********************************************************************************
 171:Generated_Source\PSoC4/DMA_Synth.h **** *
 172:Generated_Source\PSoC4/DMA_Synth.h **** * Summary:
 173:Generated_Source\PSoC4/DMA_Synth.h **** *  Gets the priority for the channel.
 174:Generated_Source\PSoC4/DMA_Synth.h **** *
 175:Generated_Source\PSoC4/DMA_Synth.h **** * Parameters:
 176:Generated_Source\PSoC4/DMA_Synth.h **** *  None.
 177:Generated_Source\PSoC4/DMA_Synth.h **** *                   
 178:Generated_Source\PSoC4/DMA_Synth.h **** * Return:
 179:Generated_Source\PSoC4/DMA_Synth.h **** *  Priority for channel. Priority can be 0,1,2, or 3. 0 is the highest priority.
 180:Generated_Source\PSoC4/DMA_Synth.h **** *
 181:Generated_Source\PSoC4/DMA_Synth.h **** *******************************************************************************/
 182:Generated_Source\PSoC4/DMA_Synth.h **** static CY_INLINE int32 DMA_Synth_GetPriority(void)
 183:Generated_Source\PSoC4/DMA_Synth.h **** {
 184:Generated_Source\PSoC4/DMA_Synth.h ****     return (CyDmaGetPriority(DMA_Synth_CHANNEL));
 185:Generated_Source\PSoC4/DMA_Synth.h **** }
 186:Generated_Source\PSoC4/DMA_Synth.h **** 
 187:Generated_Source\PSoC4/DMA_Synth.h **** 
 188:Generated_Source\PSoC4/DMA_Synth.h **** /*******************************************************************************
 189:Generated_Source\PSoC4/DMA_Synth.h **** * Function Name: DMA_Synth_SetNextDescriptor
 190:Generated_Source\PSoC4/DMA_Synth.h **** ********************************************************************************
 191:Generated_Source\PSoC4/DMA_Synth.h **** *
 192:Generated_Source\PSoC4/DMA_Synth.h **** * Summary:
 193:Generated_Source\PSoC4/DMA_Synth.h **** *  Sets the descriptor that should be run the next time the channel is
 194:Generated_Source\PSoC4/DMA_Synth.h **** *  triggered.
 195:Generated_Source\PSoC4/DMA_Synth.h **** *
ARM GAS  C:\Users\Jerry\AppData\Local\Temp\ccr9cius.s 			page 8


 196:Generated_Source\PSoC4/DMA_Synth.h **** * Parameters:
 197:Generated_Source\PSoC4/DMA_Synth.h **** *  descriptor: Next Descriptor to run (0 or 1).
 198:Generated_Source\PSoC4/DMA_Synth.h **** *                   
 199:Generated_Source\PSoC4/DMA_Synth.h **** * Side effect:
 200:Generated_Source\PSoC4/DMA_Synth.h **** *  This function should not be called while the channel is enabled.
 201:Generated_Source\PSoC4/DMA_Synth.h **** *
 202:Generated_Source\PSoC4/DMA_Synth.h **** *******************************************************************************/
 203:Generated_Source\PSoC4/DMA_Synth.h **** static CY_INLINE void DMA_Synth_SetNextDescriptor(int32 descriptor)
 204:Generated_Source\PSoC4/DMA_Synth.h **** {
 205:Generated_Source\PSoC4/DMA_Synth.h ****     CyDmaSetNextDescriptor(DMA_Synth_CHANNEL, descriptor);
 206:Generated_Source\PSoC4/DMA_Synth.h **** }
 207:Generated_Source\PSoC4/DMA_Synth.h **** 
 208:Generated_Source\PSoC4/DMA_Synth.h **** 
 209:Generated_Source\PSoC4/DMA_Synth.h **** /*******************************************************************************
 210:Generated_Source\PSoC4/DMA_Synth.h **** * Function Name: DMA_Synth_GetNextDescriptor
 211:Generated_Source\PSoC4/DMA_Synth.h **** ********************************************************************************
 212:Generated_Source\PSoC4/DMA_Synth.h **** *
 213:Generated_Source\PSoC4/DMA_Synth.h **** * Summary:
 214:Generated_Source\PSoC4/DMA_Synth.h **** *  Returns the next descriptor that should be run, as set by 
 215:Generated_Source\PSoC4/DMA_Synth.h **** *  DMA_Synth_SetNextDescriptor().
 216:Generated_Source\PSoC4/DMA_Synth.h **** *
 217:Generated_Source\PSoC4/DMA_Synth.h **** * Parameters:
 218:Generated_Source\PSoC4/DMA_Synth.h **** *  None.
 219:Generated_Source\PSoC4/DMA_Synth.h **** *                   
 220:Generated_Source\PSoC4/DMA_Synth.h **** * Return:
 221:Generated_Source\PSoC4/DMA_Synth.h **** *  Next Descriptor to run (0 or 1).
 222:Generated_Source\PSoC4/DMA_Synth.h **** *
 223:Generated_Source\PSoC4/DMA_Synth.h **** *******************************************************************************/
 224:Generated_Source\PSoC4/DMA_Synth.h **** static CY_INLINE int32 DMA_Synth_GetNextDescriptor(void)
 225:Generated_Source\PSoC4/DMA_Synth.h **** {
 226:Generated_Source\PSoC4/DMA_Synth.h ****     return (CyDmaGetNextDescriptor(DMA_Synth_CHANNEL));
 227:Generated_Source\PSoC4/DMA_Synth.h **** }
 228:Generated_Source\PSoC4/DMA_Synth.h **** 
 229:Generated_Source\PSoC4/DMA_Synth.h **** 
 230:Generated_Source\PSoC4/DMA_Synth.h **** /*******************************************************************************
 231:Generated_Source\PSoC4/DMA_Synth.h **** * Function Name: DMA_Synth_SetConfiguration
 232:Generated_Source\PSoC4/DMA_Synth.h **** ********************************************************************************
 233:Generated_Source\PSoC4/DMA_Synth.h **** *
 234:Generated_Source\PSoC4/DMA_Synth.h **** * Summary:
 235:Generated_Source\PSoC4/DMA_Synth.h **** *  Sets configuration information for the specified descriptor.
 236:Generated_Source\PSoC4/DMA_Synth.h **** *
 237:Generated_Source\PSoC4/DMA_Synth.h **** * Parameters:
 238:Generated_Source\PSoC4/DMA_Synth.h **** *  descriptor: Descriptor (0 or 1) modified by this function.
 239:Generated_Source\PSoC4/DMA_Synth.h **** *  config: Pointer to a configuration structure. Refer to cydma_init_struct
 240:Generated_Source\PSoC4/DMA_Synth.h **** *          structure definition in CyDMA_P4.h or the component datasheet.
 241:Generated_Source\PSoC4/DMA_Synth.h **** *                   
 242:Generated_Source\PSoC4/DMA_Synth.h **** * Return:
 243:Generated_Source\PSoC4/DMA_Synth.h **** *  None.
 244:Generated_Source\PSoC4/DMA_Synth.h **** *
 245:Generated_Source\PSoC4/DMA_Synth.h **** * Side effect:
 246:Generated_Source\PSoC4/DMA_Synth.h **** *  The status register associated with the specified descriptor is reset to
 247:Generated_Source\PSoC4/DMA_Synth.h **** *  zero after this function call. This function also validates the descriptor.
 248:Generated_Source\PSoC4/DMA_Synth.h **** *  This function should not be called while the descriptor is active.
 249:Generated_Source\PSoC4/DMA_Synth.h **** *  This can be checked by calling CyDmaGetStatus().
 250:Generated_Source\PSoC4/DMA_Synth.h **** *
 251:Generated_Source\PSoC4/DMA_Synth.h **** *******************************************************************************/
 252:Generated_Source\PSoC4/DMA_Synth.h **** static CY_INLINE void DMA_Synth_SetConfiguration(int32 descriptor, const cydma_init_struct * config
ARM GAS  C:\Users\Jerry\AppData\Local\Temp\ccr9cius.s 			page 9


 253:Generated_Source\PSoC4/DMA_Synth.h **** {
 254:Generated_Source\PSoC4/DMA_Synth.h ****     CyDmaSetConfiguration(DMA_Synth_CHANNEL, descriptor, config);
 255:Generated_Source\PSoC4/DMA_Synth.h **** }
 256:Generated_Source\PSoC4/DMA_Synth.h **** 
 257:Generated_Source\PSoC4/DMA_Synth.h **** 
 258:Generated_Source\PSoC4/DMA_Synth.h **** /*******************************************************************************
 259:Generated_Source\PSoC4/DMA_Synth.h **** * Function Name: DMA_Synth_ValidateDescriptor
 260:Generated_Source\PSoC4/DMA_Synth.h **** ********************************************************************************
 261:Generated_Source\PSoC4/DMA_Synth.h **** *
 262:Generated_Source\PSoC4/DMA_Synth.h **** * Summary:
 263:Generated_Source\PSoC4/DMA_Synth.h **** *  Validates the specified descriptor after it has been invalidated.
 264:Generated_Source\PSoC4/DMA_Synth.h **** *
 265:Generated_Source\PSoC4/DMA_Synth.h **** * Parameters:
 266:Generated_Source\PSoC4/DMA_Synth.h **** *  descriptor: Descriptor (0 or 1) modified by this function.
 267:Generated_Source\PSoC4/DMA_Synth.h **** *                   
 268:Generated_Source\PSoC4/DMA_Synth.h **** * Return:
 269:Generated_Source\PSoC4/DMA_Synth.h **** *  None. 
 270:Generated_Source\PSoC4/DMA_Synth.h **** *
 271:Generated_Source\PSoC4/DMA_Synth.h **** * Side effect:
 272:Generated_Source\PSoC4/DMA_Synth.h **** *  The status register associated with the specified descriptor is reset to
 273:Generated_Source\PSoC4/DMA_Synth.h **** *  zero after this function call. This function should not be called while the
 274:Generated_Source\PSoC4/DMA_Synth.h **** *  descriptor is active. This can be checked by calling CyDmaGetStatus().
 275:Generated_Source\PSoC4/DMA_Synth.h **** *
 276:Generated_Source\PSoC4/DMA_Synth.h **** *******************************************************************************/
 277:Generated_Source\PSoC4/DMA_Synth.h **** static CY_INLINE void DMA_Synth_ValidateDescriptor(int32 descriptor)
 278:Generated_Source\PSoC4/DMA_Synth.h **** {
 279:Generated_Source\PSoC4/DMA_Synth.h ****     CyDmaValidateDescriptor(DMA_Synth_CHANNEL, descriptor);
 280:Generated_Source\PSoC4/DMA_Synth.h **** }
 281:Generated_Source\PSoC4/DMA_Synth.h **** 
 282:Generated_Source\PSoC4/DMA_Synth.h **** 
 283:Generated_Source\PSoC4/DMA_Synth.h **** /*******************************************************************************
 284:Generated_Source\PSoC4/DMA_Synth.h **** * Function Name: DMA_Synth_GetDescriptorStatus
 285:Generated_Source\PSoC4/DMA_Synth.h **** ********************************************************************************
 286:Generated_Source\PSoC4/DMA_Synth.h **** *
 287:Generated_Source\PSoC4/DMA_Synth.h **** * Summary:
 288:Generated_Source\PSoC4/DMA_Synth.h **** *  Returns the status of the specified descriptor.
 289:Generated_Source\PSoC4/DMA_Synth.h **** *
 290:Generated_Source\PSoC4/DMA_Synth.h **** * Parameters:
 291:Generated_Source\PSoC4/DMA_Synth.h **** *  descriptor: Descriptor (0 or 1) modified by this function.
 292:Generated_Source\PSoC4/DMA_Synth.h **** *                   
 293:Generated_Source\PSoC4/DMA_Synth.h **** * Return:
 294:Generated_Source\PSoC4/DMA_Synth.h **** *  Returns the contents of the specified descriptors status register. Refer to 
 295:Generated_Source\PSoC4/DMA_Synth.h **** *  descriptor status register bit definitions in CyDMA_P4.h or the API
 296:Generated_Source\PSoC4/DMA_Synth.h **** *  description in the DMA channel datasheet for more information.
 297:Generated_Source\PSoC4/DMA_Synth.h **** *
 298:Generated_Source\PSoC4/DMA_Synth.h **** *******************************************************************************/
 299:Generated_Source\PSoC4/DMA_Synth.h **** static CY_INLINE uint32 DMA_Synth_GetDescriptorStatus(int32 descriptor)
 300:Generated_Source\PSoC4/DMA_Synth.h **** {
 301:Generated_Source\PSoC4/DMA_Synth.h ****     return (CyDmaGetDescriptorStatus(DMA_Synth_CHANNEL, descriptor));
 302:Generated_Source\PSoC4/DMA_Synth.h **** }
 303:Generated_Source\PSoC4/DMA_Synth.h **** 
 304:Generated_Source\PSoC4/DMA_Synth.h **** 
 305:Generated_Source\PSoC4/DMA_Synth.h **** /*******************************************************************************
 306:Generated_Source\PSoC4/DMA_Synth.h **** * Function Name: DMA_Synth_SetSrcAddress
 307:Generated_Source\PSoC4/DMA_Synth.h **** ********************************************************************************
 308:Generated_Source\PSoC4/DMA_Synth.h **** *
 309:Generated_Source\PSoC4/DMA_Synth.h **** * Summary:
ARM GAS  C:\Users\Jerry\AppData\Local\Temp\ccr9cius.s 			page 10


 310:Generated_Source\PSoC4/DMA_Synth.h **** *  Configures the source address for the specified descriptor.
 311:Generated_Source\PSoC4/DMA_Synth.h **** *
 312:Generated_Source\PSoC4/DMA_Synth.h **** * Parameters:
 313:Generated_Source\PSoC4/DMA_Synth.h **** *  descriptor: Descriptor (0 or 1) modified by this function.
 314:Generated_Source\PSoC4/DMA_Synth.h **** *  srcAddress: Address of DMA transfer source.
 315:Generated_Source\PSoC4/DMA_Synth.h **** *                   
 316:Generated_Source\PSoC4/DMA_Synth.h **** * Return:
 317:Generated_Source\PSoC4/DMA_Synth.h **** *  None.
 318:Generated_Source\PSoC4/DMA_Synth.h **** *
 319:Generated_Source\PSoC4/DMA_Synth.h **** * Side effect:
 320:Generated_Source\PSoC4/DMA_Synth.h **** *  This function should not be called when the specified descriptor is active
 321:Generated_Source\PSoC4/DMA_Synth.h **** *  in the DMA transfer engine. This can be checked by calling CyDmaGetStatus(). 
 322:Generated_Source\PSoC4/DMA_Synth.h **** *
 323:Generated_Source\PSoC4/DMA_Synth.h **** *******************************************************************************/
 324:Generated_Source\PSoC4/DMA_Synth.h **** static CY_INLINE void DMA_Synth_SetSrcAddress(int32 descriptor, void * srcAddress)
 325:Generated_Source\PSoC4/DMA_Synth.h **** {
 326:Generated_Source\PSoC4/DMA_Synth.h ****     CyDmaSetSrcAddress(DMA_Synth_CHANNEL, descriptor, srcAddress);
 103              		.loc 2 326 0
 104 001a 0020     		mov	r0, #0
 105 001c 321C     		mov	r2, r6
 106 001e 011C     		mov	r1, r0
 107 0020 FFF7FEFF 		bl	CyDmaSetSrcAddress
 108              	.LVL3:
 109              	.LBE11:
 110              	.LBE10:
 111              	.LBB12:
 112              	.LBB13:
 327:Generated_Source\PSoC4/DMA_Synth.h **** }
 328:Generated_Source\PSoC4/DMA_Synth.h **** 
 329:Generated_Source\PSoC4/DMA_Synth.h **** 
 330:Generated_Source\PSoC4/DMA_Synth.h **** /*******************************************************************************
 331:Generated_Source\PSoC4/DMA_Synth.h **** * Function Name: DMA_Synth_GetSrcAddress
 332:Generated_Source\PSoC4/DMA_Synth.h **** ********************************************************************************
 333:Generated_Source\PSoC4/DMA_Synth.h **** *
 334:Generated_Source\PSoC4/DMA_Synth.h **** * Summary:
 335:Generated_Source\PSoC4/DMA_Synth.h **** *  Returns the source address for the specified descriptor, set by either 
 336:Generated_Source\PSoC4/DMA_Synth.h **** *  DMA_Synth_Start() or DMA_Synth_SetSrcAddress().
 337:Generated_Source\PSoC4/DMA_Synth.h **** *
 338:Generated_Source\PSoC4/DMA_Synth.h **** * Parameters:
 339:Generated_Source\PSoC4/DMA_Synth.h **** *  descriptor: Specifies descriptor (0 or 1) used by this function.
 340:Generated_Source\PSoC4/DMA_Synth.h **** *                   
 341:Generated_Source\PSoC4/DMA_Synth.h **** * Return:
 342:Generated_Source\PSoC4/DMA_Synth.h **** *  Source address written to specified descriptor.
 343:Generated_Source\PSoC4/DMA_Synth.h **** *
 344:Generated_Source\PSoC4/DMA_Synth.h **** *******************************************************************************/
 345:Generated_Source\PSoC4/DMA_Synth.h **** static CY_INLINE void * DMA_Synth_GetSrcAddress(int32 descriptor)
 346:Generated_Source\PSoC4/DMA_Synth.h **** {
 347:Generated_Source\PSoC4/DMA_Synth.h ****     return (CyDmaGetSrcAddress(DMA_Synth_CHANNEL, descriptor));
 348:Generated_Source\PSoC4/DMA_Synth.h **** }
 349:Generated_Source\PSoC4/DMA_Synth.h **** 
 350:Generated_Source\PSoC4/DMA_Synth.h **** 
 351:Generated_Source\PSoC4/DMA_Synth.h **** /*******************************************************************************
 352:Generated_Source\PSoC4/DMA_Synth.h **** * Function Name: DMA_Synth_SetDstAddress
 353:Generated_Source\PSoC4/DMA_Synth.h **** ********************************************************************************
 354:Generated_Source\PSoC4/DMA_Synth.h **** *
 355:Generated_Source\PSoC4/DMA_Synth.h **** * Summary:
 356:Generated_Source\PSoC4/DMA_Synth.h **** *  Configures the destination address for the specified descriptor.
ARM GAS  C:\Users\Jerry\AppData\Local\Temp\ccr9cius.s 			page 11


 357:Generated_Source\PSoC4/DMA_Synth.h **** *
 358:Generated_Source\PSoC4/DMA_Synth.h **** * Parameters:
 359:Generated_Source\PSoC4/DMA_Synth.h **** *  descriptor: Descriptor (0 or 1) modified by this function.
 360:Generated_Source\PSoC4/DMA_Synth.h **** *  dstAddress: Address of DMA transfer destination.
 361:Generated_Source\PSoC4/DMA_Synth.h **** *                   
 362:Generated_Source\PSoC4/DMA_Synth.h **** * Return:
 363:Generated_Source\PSoC4/DMA_Synth.h **** *  None.
 364:Generated_Source\PSoC4/DMA_Synth.h **** *
 365:Generated_Source\PSoC4/DMA_Synth.h **** * Side effect:
 366:Generated_Source\PSoC4/DMA_Synth.h **** *  This function should not be called when the specified descriptor is active
 367:Generated_Source\PSoC4/DMA_Synth.h **** *  in the DMA transfer engine. This can be checked by calling CyDmaGetStatus(). 
 368:Generated_Source\PSoC4/DMA_Synth.h **** *
 369:Generated_Source\PSoC4/DMA_Synth.h **** *******************************************************************************/
 370:Generated_Source\PSoC4/DMA_Synth.h **** static CY_INLINE void DMA_Synth_SetDstAddress(int32 descriptor, void * dstAddress)
 371:Generated_Source\PSoC4/DMA_Synth.h **** {
 372:Generated_Source\PSoC4/DMA_Synth.h ****     CyDmaSetDstAddress(DMA_Synth_CHANNEL, descriptor, dstAddress);
 113              		.loc 2 372 0
 114 0024 0020     		mov	r0, #0
 115 0026 2A1C     		mov	r2, r5
 116 0028 011C     		mov	r1, r0
 117 002a FFF7FEFF 		bl	CyDmaSetDstAddress
 118              	.LVL4:
 119              	.LBE13:
 120              	.LBE12:
 121              	.LBB14:
 122              	.LBB15:
 279:Generated_Source\PSoC4/DMA_Synth.h **** }
 123              		.loc 2 279 0
 124 002e 0020     		mov	r0, #0
 125 0030 011C     		mov	r1, r0
 126 0032 FFF7FEFF 		bl	CyDmaValidateDescriptor
 127              	.LVL5:
 128              	.LBE15:
 129              	.LBE14:
 130              	.LBB16:
 131              	.LBB17:
  96:Generated_Source\PSoC4/DMA_Synth.h **** }
 132              		.loc 2 96 0
 133 0036 0020     		mov	r0, #0
 134 0038 FFF7FEFF 		bl	CyDmaChEnable
 135              	.LVL6:
 136              	.LBE17:
 137              	.LBE16:
  51:Generated_Source\PSoC4/DMA_Synth.c **** 
 138              		.loc 1 51 0
 139              		@ sp needed
 140              	.LVL7:
 141              	.LVL8:
 142 003c 70BD     		pop	{r4, r5, r6, pc}
 143              	.L8:
 144 003e C046     		.align	2
 145              	.L7:
 146 0040 00000000 		.word	.LANCHOR0
 147              		.cfi_endproc
 148              	.LFE32:
 149              		.size	DMA_Synth_Start, .-DMA_Synth_Start
 150              		.global	DMA_Synth_initVar
ARM GAS  C:\Users\Jerry\AppData\Local\Temp\ccr9cius.s 			page 12


 151              		.bss
 152              		.set	.LANCHOR0,. + 0
 153              		.type	DMA_Synth_initVar, %object
 154              		.size	DMA_Synth_initVar, 1
 155              	DMA_Synth_initVar:
 156 0000 00       		.space	1
 157              		.text
 158              	.Letext0:
 159              		.file 3 "Generated_Source\\PSoC4\\cytypes.h"
 160              		.file 4 "Generated_Source\\PSoC4\\CyDMA.h"
 161              		.section	.debug_info,"",%progbits
 162              	.Ldebug_info0:
 163 0000 6B030000 		.4byte	0x36b
 164 0004 0400     		.2byte	0x4
 165 0006 00000000 		.4byte	.Ldebug_abbrev0
 166 000a 04       		.byte	0x4
 167 000b 01       		.uleb128 0x1
 168 000c 2E020000 		.4byte	.LASF31
 169 0010 01       		.byte	0x1
 170 0011 F5000000 		.4byte	.LASF32
 171 0015 18000000 		.4byte	.LASF33
 172 0019 00000000 		.4byte	.Ldebug_ranges0+0
 173 001d 00000000 		.4byte	0
 174 0021 00000000 		.4byte	.Ldebug_line0
 175 0025 02       		.uleb128 0x2
 176 0026 01       		.byte	0x1
 177 0027 06       		.byte	0x6
 178 0028 74010000 		.4byte	.LASF0
 179 002c 02       		.uleb128 0x2
 180 002d 01       		.byte	0x1
 181 002e 08       		.byte	0x8
 182 002f 47010000 		.4byte	.LASF1
 183 0033 02       		.uleb128 0x2
 184 0034 02       		.byte	0x2
 185 0035 05       		.byte	0x5
 186 0036 7A000000 		.4byte	.LASF2
 187 003a 02       		.uleb128 0x2
 188 003b 02       		.byte	0x2
 189 003c 07       		.byte	0x7
 190 003d AA010000 		.4byte	.LASF3
 191 0041 02       		.uleb128 0x2
 192 0042 04       		.byte	0x4
 193 0043 05       		.byte	0x5
 194 0044 18010000 		.4byte	.LASF4
 195 0048 02       		.uleb128 0x2
 196 0049 04       		.byte	0x4
 197 004a 07       		.byte	0x7
 198 004b 0F020000 		.4byte	.LASF5
 199 004f 02       		.uleb128 0x2
 200 0050 08       		.byte	0x8
 201 0051 05       		.byte	0x5
 202 0052 E7000000 		.4byte	.LASF6
 203 0056 02       		.uleb128 0x2
 204 0057 08       		.byte	0x8
 205 0058 07       		.byte	0x7
 206 0059 80010000 		.4byte	.LASF7
 207 005d 03       		.uleb128 0x3
ARM GAS  C:\Users\Jerry\AppData\Local\Temp\ccr9cius.s 			page 13


 208 005e 04       		.byte	0x4
 209 005f 05       		.byte	0x5
 210 0060 696E7400 		.ascii	"int\000"
 211 0064 02       		.uleb128 0x2
 212 0065 04       		.byte	0x4
 213 0066 07       		.byte	0x7
 214 0067 97010000 		.4byte	.LASF8
 215 006b 04       		.uleb128 0x4
 216 006c BE000000 		.4byte	.LASF9
 217 0070 03       		.byte	0x3
 218 0071 B901     		.2byte	0x1b9
 219 0073 2C000000 		.4byte	0x2c
 220 0077 04       		.uleb128 0x4
 221 0078 08020000 		.4byte	.LASF10
 222 007c 03       		.byte	0x3
 223 007d BB01     		.2byte	0x1bb
 224 007f 48000000 		.4byte	0x48
 225 0083 04       		.uleb128 0x4
 226 0084 21020000 		.4byte	.LASF11
 227 0088 03       		.byte	0x3
 228 0089 BE01     		.2byte	0x1be
 229 008b 41000000 		.4byte	0x41
 230 008f 02       		.uleb128 0x2
 231 0090 04       		.byte	0x4
 232 0091 04       		.byte	0x4
 233 0092 E1000000 		.4byte	.LASF12
 234 0096 02       		.uleb128 0x2
 235 0097 08       		.byte	0x8
 236 0098 04       		.byte	0x4
 237 0099 27020000 		.4byte	.LASF13
 238 009d 02       		.uleb128 0x2
 239 009e 01       		.byte	0x1
 240 009f 08       		.byte	0x8
 241 00a0 E0010000 		.4byte	.LASF14
 242 00a4 04       		.uleb128 0x4
 243 00a5 A4010000 		.4byte	.LASF15
 244 00a9 03       		.byte	0x3
 245 00aa 6502     		.2byte	0x265
 246 00ac B0000000 		.4byte	0xb0
 247 00b0 05       		.uleb128 0x5
 248 00b1 77000000 		.4byte	0x77
 249 00b5 06       		.uleb128 0x6
 250 00b6 20       		.byte	0x20
 251 00b7 04       		.byte	0x4
 252 00b8 26       		.byte	0x26
 253 00b9 CA000000 		.4byte	0xca
 254 00bd 07       		.uleb128 0x7
 255 00be 63746C00 		.ascii	"ctl\000"
 256 00c2 04       		.byte	0x4
 257 00c3 28       		.byte	0x28
 258 00c4 CA000000 		.4byte	0xca
 259 00c8 00       		.byte	0
 260 00c9 00       		.byte	0
 261 00ca 08       		.uleb128 0x8
 262 00cb 77000000 		.4byte	0x77
 263 00cf DA000000 		.4byte	0xda
 264 00d3 09       		.uleb128 0x9
ARM GAS  C:\Users\Jerry\AppData\Local\Temp\ccr9cius.s 			page 14


 265 00d4 DA000000 		.4byte	0xda
 266 00d8 07       		.byte	0x7
 267 00d9 00       		.byte	0
 268 00da 02       		.uleb128 0x2
 269 00db 04       		.byte	0x4
 270 00dc 07       		.byte	0x7
 271 00dd 84000000 		.4byte	.LASF16
 272 00e1 0A       		.uleb128 0xa
 273 00e2 A5000000 		.4byte	.LASF17
 274 00e6 04       		.byte	0x4
 275 00e7 29       		.byte	0x29
 276 00e8 B5000000 		.4byte	0xb5
 277 00ec 06       		.uleb128 0x6
 278 00ed 10       		.byte	0x10
 279 00ee 04       		.byte	0x4
 280 00ef 2C       		.byte	0x2c
 281 00f0 25010000 		.4byte	0x125
 282 00f4 07       		.uleb128 0x7
 283 00f5 73726300 		.ascii	"src\000"
 284 00f9 04       		.byte	0x4
 285 00fa 2E       		.byte	0x2e
 286 00fb 25010000 		.4byte	0x125
 287 00ff 00       		.byte	0
 288 0100 07       		.uleb128 0x7
 289 0101 64737400 		.ascii	"dst\000"
 290 0105 04       		.byte	0x4
 291 0106 2F       		.byte	0x2f
 292 0107 25010000 		.4byte	0x125
 293 010b 04       		.byte	0x4
 294 010c 07       		.uleb128 0x7
 295 010d 63746C00 		.ascii	"ctl\000"
 296 0111 04       		.byte	0x4
 297 0112 30       		.byte	0x30
 298 0113 77000000 		.4byte	0x77
 299 0117 08       		.byte	0x8
 300 0118 0B       		.uleb128 0xb
 301 0119 BD010000 		.4byte	.LASF18
 302 011d 04       		.byte	0x4
 303 011e 31       		.byte	0x31
 304 011f 77000000 		.4byte	0x77
 305 0123 0C       		.byte	0xc
 306 0124 00       		.byte	0
 307 0125 0C       		.uleb128 0xc
 308 0126 04       		.byte	0x4
 309 0127 0A       		.uleb128 0xa
 310 0128 E5010000 		.4byte	.LASF19
 311 012c 04       		.byte	0x4
 312 012d 32       		.byte	0x32
 313 012e EC000000 		.4byte	0xec
 314 0132 0D       		.uleb128 0xd
 315 0133 0001     		.2byte	0x100
 316 0135 04       		.byte	0x4
 317 0136 38       		.byte	0x38
 318 0137 48010000 		.4byte	0x148
 319 013b 0B       		.uleb128 0xb
 320 013c EC020000 		.4byte	.LASF20
 321 0140 04       		.byte	0x4
ARM GAS  C:\Users\Jerry\AppData\Local\Temp\ccr9cius.s 			page 15


 322 0141 3A       		.byte	0x3a
 323 0142 48010000 		.4byte	0x148
 324 0146 00       		.byte	0
 325 0147 00       		.byte	0
 326 0148 08       		.uleb128 0x8
 327 0149 27010000 		.4byte	0x127
 328 014d 5E010000 		.4byte	0x15e
 329 0151 09       		.uleb128 0x9
 330 0152 DA000000 		.4byte	0xda
 331 0156 07       		.byte	0x7
 332 0157 09       		.uleb128 0x9
 333 0158 DA000000 		.4byte	0xda
 334 015c 01       		.byte	0x1
 335 015d 00       		.byte	0
 336 015e 0A       		.uleb128 0xa
 337 015f C4010000 		.4byte	.LASF21
 338 0163 04       		.byte	0x4
 339 0164 3B       		.byte	0x3b
 340 0165 32010000 		.4byte	0x132
 341 0169 0E       		.uleb128 0xe
 342 016a C4000000 		.4byte	.LASF22
 343 016e 02       		.byte	0x2
 344 016f 1501     		.2byte	0x115
 345 0171 03       		.byte	0x3
 346 0172 83010000 		.4byte	0x183
 347 0176 0F       		.uleb128 0xf
 348 0177 EC020000 		.4byte	.LASF20
 349 017b 02       		.byte	0x2
 350 017c 1501     		.2byte	0x115
 351 017e 83000000 		.4byte	0x83
 352 0182 00       		.byte	0
 353 0183 0E       		.uleb128 0xe
 354 0184 8D000000 		.4byte	.LASF23
 355 0188 02       		.byte	0x2
 356 0189 4401     		.2byte	0x144
 357 018b 03       		.byte	0x3
 358 018c A9010000 		.4byte	0x1a9
 359 0190 0F       		.uleb128 0xf
 360 0191 EC020000 		.4byte	.LASF20
 361 0195 02       		.byte	0x2
 362 0196 4401     		.2byte	0x144
 363 0198 83000000 		.4byte	0x83
 364 019c 0F       		.uleb128 0xf
 365 019d FD010000 		.4byte	.LASF24
 366 01a1 02       		.byte	0x2
 367 01a2 4401     		.2byte	0x144
 368 01a4 25010000 		.4byte	0x125
 369 01a8 00       		.byte	0
 370 01a9 0E       		.uleb128 0xe
 371 01aa 00000000 		.4byte	.LASF25
 372 01ae 02       		.byte	0x2
 373 01af 7201     		.2byte	0x172
 374 01b1 03       		.byte	0x3
 375 01b2 CF010000 		.4byte	0x1cf
 376 01b6 0F       		.uleb128 0xf
 377 01b7 EC020000 		.4byte	.LASF20
 378 01bb 02       		.byte	0x2
ARM GAS  C:\Users\Jerry\AppData\Local\Temp\ccr9cius.s 			page 16


 379 01bc 7201     		.2byte	0x172
 380 01be 83000000 		.4byte	0x83
 381 01c2 0F       		.uleb128 0xf
 382 01c3 44000000 		.4byte	.LASF26
 383 01c7 02       		.byte	0x2
 384 01c8 7201     		.2byte	0x172
 385 01ca 25010000 		.4byte	0x125
 386 01ce 00       		.byte	0
 387 01cf 10       		.uleb128 0x10
 388 01d0 55010000 		.4byte	.LASF34
 389 01d4 01       		.byte	0x1
 390 01d5 4C       		.byte	0x4c
 391 01d6 00000000 		.4byte	.LFB33
 392 01da 2C000000 		.4byte	.LFE33-.LFB33
 393 01de 01       		.uleb128 0x1
 394 01df 9C       		.byte	0x9c
 395 01e0 11       		.uleb128 0x11
 396 01e1 21010000 		.4byte	.LASF35
 397 01e5 02       		.byte	0x2
 398 01e6 5E       		.byte	0x5e
 399 01e7 03       		.byte	0x3
 400 01e8 12       		.uleb128 0x12
 401 01e9 64010000 		.4byte	.LASF36
 402 01ed 01       		.byte	0x1
 403 01ee 27       		.byte	0x27
 404 01ef 00000000 		.4byte	.LFB32
 405 01f3 44000000 		.4byte	.LFE32-.LFB32
 406 01f7 01       		.uleb128 0x1
 407 01f8 9C       		.byte	0x9c
 408 01f9 F9020000 		.4byte	0x2f9
 409 01fd 13       		.uleb128 0x13
 410 01fe FD010000 		.4byte	.LASF24
 411 0202 01       		.byte	0x1
 412 0203 27       		.byte	0x27
 413 0204 25010000 		.4byte	0x125
 414 0208 00000000 		.4byte	.LLST0
 415 020c 13       		.uleb128 0x13
 416 020d 44000000 		.4byte	.LASF26
 417 0211 01       		.byte	0x1
 418 0212 27       		.byte	0x27
 419 0213 25010000 		.4byte	0x125
 420 0217 2C000000 		.4byte	.LLST1
 421 021b 14       		.uleb128 0x14
 422 021c 83010000 		.4byte	0x183
 423 0220 1A000000 		.4byte	.LBB10
 424 0224 0A000000 		.4byte	.LBE10-.LBB10
 425 0228 01       		.byte	0x1
 426 0229 2F       		.byte	0x2f
 427 022a 58020000 		.4byte	0x258
 428 022e 15       		.uleb128 0x15
 429 022f 90010000 		.4byte	0x190
 430 0233 00       		.byte	0
 431 0234 16       		.uleb128 0x16
 432 0235 9C010000 		.4byte	0x19c
 433 0239 58000000 		.4byte	.LLST2
 434 023d 17       		.uleb128 0x17
 435 023e 24000000 		.4byte	.LVL3
ARM GAS  C:\Users\Jerry\AppData\Local\Temp\ccr9cius.s 			page 17


 436 0242 0A030000 		.4byte	0x30a
 437 0246 18       		.uleb128 0x18
 438 0247 01       		.uleb128 0x1
 439 0248 52       		.byte	0x52
 440 0249 02       		.uleb128 0x2
 441 024a 76       		.byte	0x76
 442 024b 00       		.sleb128 0
 443 024c 18       		.uleb128 0x18
 444 024d 01       		.uleb128 0x1
 445 024e 51       		.byte	0x51
 446 024f 01       		.uleb128 0x1
 447 0250 30       		.byte	0x30
 448 0251 18       		.uleb128 0x18
 449 0252 01       		.uleb128 0x1
 450 0253 50       		.byte	0x50
 451 0254 01       		.uleb128 0x1
 452 0255 30       		.byte	0x30
 453 0256 00       		.byte	0
 454 0257 00       		.byte	0
 455 0258 14       		.uleb128 0x14
 456 0259 A9010000 		.4byte	0x1a9
 457 025d 24000000 		.4byte	.LBB12
 458 0261 0A000000 		.4byte	.LBE12-.LBB12
 459 0265 01       		.byte	0x1
 460 0266 30       		.byte	0x30
 461 0267 95020000 		.4byte	0x295
 462 026b 15       		.uleb128 0x15
 463 026c B6010000 		.4byte	0x1b6
 464 0270 00       		.byte	0
 465 0271 16       		.uleb128 0x16
 466 0272 C2010000 		.4byte	0x1c2
 467 0276 79000000 		.4byte	.LLST3
 468 027a 17       		.uleb128 0x17
 469 027b 2E000000 		.4byte	.LVL4
 470 027f 25030000 		.4byte	0x325
 471 0283 18       		.uleb128 0x18
 472 0284 01       		.uleb128 0x1
 473 0285 52       		.byte	0x52
 474 0286 02       		.uleb128 0x2
 475 0287 75       		.byte	0x75
 476 0288 00       		.sleb128 0
 477 0289 18       		.uleb128 0x18
 478 028a 01       		.uleb128 0x1
 479 028b 51       		.byte	0x51
 480 028c 01       		.uleb128 0x1
 481 028d 30       		.byte	0x30
 482 028e 18       		.uleb128 0x18
 483 028f 01       		.uleb128 0x1
 484 0290 50       		.byte	0x50
 485 0291 01       		.uleb128 0x1
 486 0292 30       		.byte	0x30
 487 0293 00       		.byte	0
 488 0294 00       		.byte	0
 489 0295 14       		.uleb128 0x14
 490 0296 69010000 		.4byte	0x169
 491 029a 2E000000 		.4byte	.LBB14
 492 029e 08000000 		.4byte	.LBE14-.LBB14
ARM GAS  C:\Users\Jerry\AppData\Local\Temp\ccr9cius.s 			page 18


 493 02a2 01       		.byte	0x1
 494 02a3 31       		.byte	0x31
 495 02a4 C3020000 		.4byte	0x2c3
 496 02a8 15       		.uleb128 0x15
 497 02a9 76010000 		.4byte	0x176
 498 02ad 00       		.byte	0
 499 02ae 17       		.uleb128 0x17
 500 02af 36000000 		.4byte	.LVL5
 501 02b3 40030000 		.4byte	0x340
 502 02b7 18       		.uleb128 0x18
 503 02b8 01       		.uleb128 0x1
 504 02b9 51       		.byte	0x51
 505 02ba 01       		.uleb128 0x1
 506 02bb 30       		.byte	0x30
 507 02bc 18       		.uleb128 0x18
 508 02bd 01       		.uleb128 0x1
 509 02be 50       		.byte	0x50
 510 02bf 01       		.uleb128 0x1
 511 02c0 30       		.byte	0x30
 512 02c1 00       		.byte	0
 513 02c2 00       		.byte	0
 514 02c3 14       		.uleb128 0x14
 515 02c4 E0010000 		.4byte	0x1e0
 516 02c8 36000000 		.4byte	.LBB16
 517 02cc 06000000 		.4byte	.LBE16-.LBB16
 518 02d0 01       		.byte	0x1
 519 02d1 32       		.byte	0x32
 520 02d2 E6020000 		.4byte	0x2e6
 521 02d6 17       		.uleb128 0x17
 522 02d7 3C000000 		.4byte	.LVL6
 523 02db 56030000 		.4byte	0x356
 524 02df 18       		.uleb128 0x18
 525 02e0 01       		.uleb128 0x1
 526 02e1 50       		.byte	0x50
 527 02e2 01       		.uleb128 0x1
 528 02e3 30       		.byte	0x30
 529 02e4 00       		.byte	0
 530 02e5 00       		.byte	0
 531 02e6 19       		.uleb128 0x19
 532 02e7 12000000 		.4byte	.LVL1
 533 02eb CF010000 		.4byte	0x1cf
 534 02ef 19       		.uleb128 0x19
 535 02f0 1A000000 		.4byte	.LVL2
 536 02f4 67030000 		.4byte	0x367
 537 02f8 00       		.byte	0
 538 02f9 1A       		.uleb128 0x1a
 539 02fa C0020000 		.4byte	.LASF37
 540 02fe 01       		.byte	0x1
 541 02ff 11       		.byte	0x11
 542 0300 6B000000 		.4byte	0x6b
 543 0304 05       		.uleb128 0x5
 544 0305 03       		.byte	0x3
 545 0306 00000000 		.4byte	DMA_Synth_initVar
 546 030a 1B       		.uleb128 0x1b
 547 030b 67000000 		.4byte	.LASF27
 548 030f 04       		.byte	0x4
 549 0310 93       		.byte	0x93
ARM GAS  C:\Users\Jerry\AppData\Local\Temp\ccr9cius.s 			page 19


 550 0311 25030000 		.4byte	0x325
 551 0315 1C       		.uleb128 0x1c
 552 0316 83000000 		.4byte	0x83
 553 031a 1C       		.uleb128 0x1c
 554 031b 83000000 		.4byte	0x83
 555 031f 1C       		.uleb128 0x1c
 556 0320 25010000 		.4byte	0x125
 557 0324 00       		.byte	0
 558 0325 1B       		.uleb128 0x1b
 559 0326 34010000 		.4byte	.LASF28
 560 032a 04       		.byte	0x4
 561 032b 96       		.byte	0x96
 562 032c 40030000 		.4byte	0x340
 563 0330 1C       		.uleb128 0x1c
 564 0331 83000000 		.4byte	0x83
 565 0335 1C       		.uleb128 0x1c
 566 0336 83000000 		.4byte	0x83
 567 033a 1C       		.uleb128 0x1c
 568 033b 25010000 		.4byte	0x125
 569 033f 00       		.byte	0
 570 0340 1B       		.uleb128 0x1b
 571 0341 4F000000 		.4byte	.LASF29
 572 0345 04       		.byte	0x4
 573 0346 8F       		.byte	0x8f
 574 0347 56030000 		.4byte	0x356
 575 034b 1C       		.uleb128 0x1c
 576 034c 83000000 		.4byte	0x83
 577 0350 1C       		.uleb128 0x1c
 578 0351 83000000 		.4byte	0x83
 579 0355 00       		.byte	0
 580 0356 1B       		.uleb128 0x1b
 581 0357 D2020000 		.4byte	.LASF30
 582 035b 04       		.byte	0x4
 583 035c 82       		.byte	0x82
 584 035d 67030000 		.4byte	0x367
 585 0361 1C       		.uleb128 0x1c
 586 0362 83000000 		.4byte	0x83
 587 0366 00       		.byte	0
 588 0367 1D       		.uleb128 0x1d
 589 0368 E0020000 		.4byte	.LASF38
 590 036c 04       		.byte	0x4
 591 036d 6D       		.byte	0x6d
 592 036e 00       		.byte	0
 593              		.section	.debug_abbrev,"",%progbits
 594              	.Ldebug_abbrev0:
 595 0000 01       		.uleb128 0x1
 596 0001 11       		.uleb128 0x11
 597 0002 01       		.byte	0x1
 598 0003 25       		.uleb128 0x25
 599 0004 0E       		.uleb128 0xe
 600 0005 13       		.uleb128 0x13
 601 0006 0B       		.uleb128 0xb
 602 0007 03       		.uleb128 0x3
 603 0008 0E       		.uleb128 0xe
 604 0009 1B       		.uleb128 0x1b
 605 000a 0E       		.uleb128 0xe
 606 000b 55       		.uleb128 0x55
ARM GAS  C:\Users\Jerry\AppData\Local\Temp\ccr9cius.s 			page 20


 607 000c 17       		.uleb128 0x17
 608 000d 11       		.uleb128 0x11
 609 000e 01       		.uleb128 0x1
 610 000f 10       		.uleb128 0x10
 611 0010 17       		.uleb128 0x17
 612 0011 00       		.byte	0
 613 0012 00       		.byte	0
 614 0013 02       		.uleb128 0x2
 615 0014 24       		.uleb128 0x24
 616 0015 00       		.byte	0
 617 0016 0B       		.uleb128 0xb
 618 0017 0B       		.uleb128 0xb
 619 0018 3E       		.uleb128 0x3e
 620 0019 0B       		.uleb128 0xb
 621 001a 03       		.uleb128 0x3
 622 001b 0E       		.uleb128 0xe
 623 001c 00       		.byte	0
 624 001d 00       		.byte	0
 625 001e 03       		.uleb128 0x3
 626 001f 24       		.uleb128 0x24
 627 0020 00       		.byte	0
 628 0021 0B       		.uleb128 0xb
 629 0022 0B       		.uleb128 0xb
 630 0023 3E       		.uleb128 0x3e
 631 0024 0B       		.uleb128 0xb
 632 0025 03       		.uleb128 0x3
 633 0026 08       		.uleb128 0x8
 634 0027 00       		.byte	0
 635 0028 00       		.byte	0
 636 0029 04       		.uleb128 0x4
 637 002a 16       		.uleb128 0x16
 638 002b 00       		.byte	0
 639 002c 03       		.uleb128 0x3
 640 002d 0E       		.uleb128 0xe
 641 002e 3A       		.uleb128 0x3a
 642 002f 0B       		.uleb128 0xb
 643 0030 3B       		.uleb128 0x3b
 644 0031 05       		.uleb128 0x5
 645 0032 49       		.uleb128 0x49
 646 0033 13       		.uleb128 0x13
 647 0034 00       		.byte	0
 648 0035 00       		.byte	0
 649 0036 05       		.uleb128 0x5
 650 0037 35       		.uleb128 0x35
 651 0038 00       		.byte	0
 652 0039 49       		.uleb128 0x49
 653 003a 13       		.uleb128 0x13
 654 003b 00       		.byte	0
 655 003c 00       		.byte	0
 656 003d 06       		.uleb128 0x6
 657 003e 13       		.uleb128 0x13
 658 003f 01       		.byte	0x1
 659 0040 0B       		.uleb128 0xb
 660 0041 0B       		.uleb128 0xb
 661 0042 3A       		.uleb128 0x3a
 662 0043 0B       		.uleb128 0xb
 663 0044 3B       		.uleb128 0x3b
ARM GAS  C:\Users\Jerry\AppData\Local\Temp\ccr9cius.s 			page 21


 664 0045 0B       		.uleb128 0xb
 665 0046 01       		.uleb128 0x1
 666 0047 13       		.uleb128 0x13
 667 0048 00       		.byte	0
 668 0049 00       		.byte	0
 669 004a 07       		.uleb128 0x7
 670 004b 0D       		.uleb128 0xd
 671 004c 00       		.byte	0
 672 004d 03       		.uleb128 0x3
 673 004e 08       		.uleb128 0x8
 674 004f 3A       		.uleb128 0x3a
 675 0050 0B       		.uleb128 0xb
 676 0051 3B       		.uleb128 0x3b
 677 0052 0B       		.uleb128 0xb
 678 0053 49       		.uleb128 0x49
 679 0054 13       		.uleb128 0x13
 680 0055 38       		.uleb128 0x38
 681 0056 0B       		.uleb128 0xb
 682 0057 00       		.byte	0
 683 0058 00       		.byte	0
 684 0059 08       		.uleb128 0x8
 685 005a 01       		.uleb128 0x1
 686 005b 01       		.byte	0x1
 687 005c 49       		.uleb128 0x49
 688 005d 13       		.uleb128 0x13
 689 005e 01       		.uleb128 0x1
 690 005f 13       		.uleb128 0x13
 691 0060 00       		.byte	0
 692 0061 00       		.byte	0
 693 0062 09       		.uleb128 0x9
 694 0063 21       		.uleb128 0x21
 695 0064 00       		.byte	0
 696 0065 49       		.uleb128 0x49
 697 0066 13       		.uleb128 0x13
 698 0067 2F       		.uleb128 0x2f
 699 0068 0B       		.uleb128 0xb
 700 0069 00       		.byte	0
 701 006a 00       		.byte	0
 702 006b 0A       		.uleb128 0xa
 703 006c 16       		.uleb128 0x16
 704 006d 00       		.byte	0
 705 006e 03       		.uleb128 0x3
 706 006f 0E       		.uleb128 0xe
 707 0070 3A       		.uleb128 0x3a
 708 0071 0B       		.uleb128 0xb
 709 0072 3B       		.uleb128 0x3b
 710 0073 0B       		.uleb128 0xb
 711 0074 49       		.uleb128 0x49
 712 0075 13       		.uleb128 0x13
 713 0076 00       		.byte	0
 714 0077 00       		.byte	0
 715 0078 0B       		.uleb128 0xb
 716 0079 0D       		.uleb128 0xd
 717 007a 00       		.byte	0
 718 007b 03       		.uleb128 0x3
 719 007c 0E       		.uleb128 0xe
 720 007d 3A       		.uleb128 0x3a
ARM GAS  C:\Users\Jerry\AppData\Local\Temp\ccr9cius.s 			page 22


 721 007e 0B       		.uleb128 0xb
 722 007f 3B       		.uleb128 0x3b
 723 0080 0B       		.uleb128 0xb
 724 0081 49       		.uleb128 0x49
 725 0082 13       		.uleb128 0x13
 726 0083 38       		.uleb128 0x38
 727 0084 0B       		.uleb128 0xb
 728 0085 00       		.byte	0
 729 0086 00       		.byte	0
 730 0087 0C       		.uleb128 0xc
 731 0088 0F       		.uleb128 0xf
 732 0089 00       		.byte	0
 733 008a 0B       		.uleb128 0xb
 734 008b 0B       		.uleb128 0xb
 735 008c 00       		.byte	0
 736 008d 00       		.byte	0
 737 008e 0D       		.uleb128 0xd
 738 008f 13       		.uleb128 0x13
 739 0090 01       		.byte	0x1
 740 0091 0B       		.uleb128 0xb
 741 0092 05       		.uleb128 0x5
 742 0093 3A       		.uleb128 0x3a
 743 0094 0B       		.uleb128 0xb
 744 0095 3B       		.uleb128 0x3b
 745 0096 0B       		.uleb128 0xb
 746 0097 01       		.uleb128 0x1
 747 0098 13       		.uleb128 0x13
 748 0099 00       		.byte	0
 749 009a 00       		.byte	0
 750 009b 0E       		.uleb128 0xe
 751 009c 2E       		.uleb128 0x2e
 752 009d 01       		.byte	0x1
 753 009e 03       		.uleb128 0x3
 754 009f 0E       		.uleb128 0xe
 755 00a0 3A       		.uleb128 0x3a
 756 00a1 0B       		.uleb128 0xb
 757 00a2 3B       		.uleb128 0x3b
 758 00a3 05       		.uleb128 0x5
 759 00a4 27       		.uleb128 0x27
 760 00a5 19       		.uleb128 0x19
 761 00a6 20       		.uleb128 0x20
 762 00a7 0B       		.uleb128 0xb
 763 00a8 01       		.uleb128 0x1
 764 00a9 13       		.uleb128 0x13
 765 00aa 00       		.byte	0
 766 00ab 00       		.byte	0
 767 00ac 0F       		.uleb128 0xf
 768 00ad 05       		.uleb128 0x5
 769 00ae 00       		.byte	0
 770 00af 03       		.uleb128 0x3
 771 00b0 0E       		.uleb128 0xe
 772 00b1 3A       		.uleb128 0x3a
 773 00b2 0B       		.uleb128 0xb
 774 00b3 3B       		.uleb128 0x3b
 775 00b4 05       		.uleb128 0x5
 776 00b5 49       		.uleb128 0x49
 777 00b6 13       		.uleb128 0x13
ARM GAS  C:\Users\Jerry\AppData\Local\Temp\ccr9cius.s 			page 23


 778 00b7 00       		.byte	0
 779 00b8 00       		.byte	0
 780 00b9 10       		.uleb128 0x10
 781 00ba 2E       		.uleb128 0x2e
 782 00bb 00       		.byte	0
 783 00bc 3F       		.uleb128 0x3f
 784 00bd 19       		.uleb128 0x19
 785 00be 03       		.uleb128 0x3
 786 00bf 0E       		.uleb128 0xe
 787 00c0 3A       		.uleb128 0x3a
 788 00c1 0B       		.uleb128 0xb
 789 00c2 3B       		.uleb128 0x3b
 790 00c3 0B       		.uleb128 0xb
 791 00c4 27       		.uleb128 0x27
 792 00c5 19       		.uleb128 0x19
 793 00c6 11       		.uleb128 0x11
 794 00c7 01       		.uleb128 0x1
 795 00c8 12       		.uleb128 0x12
 796 00c9 06       		.uleb128 0x6
 797 00ca 40       		.uleb128 0x40
 798 00cb 18       		.uleb128 0x18
 799 00cc 9742     		.uleb128 0x2117
 800 00ce 19       		.uleb128 0x19
 801 00cf 00       		.byte	0
 802 00d0 00       		.byte	0
 803 00d1 11       		.uleb128 0x11
 804 00d2 2E       		.uleb128 0x2e
 805 00d3 00       		.byte	0
 806 00d4 03       		.uleb128 0x3
 807 00d5 0E       		.uleb128 0xe
 808 00d6 3A       		.uleb128 0x3a
 809 00d7 0B       		.uleb128 0xb
 810 00d8 3B       		.uleb128 0x3b
 811 00d9 0B       		.uleb128 0xb
 812 00da 27       		.uleb128 0x27
 813 00db 19       		.uleb128 0x19
 814 00dc 20       		.uleb128 0x20
 815 00dd 0B       		.uleb128 0xb
 816 00de 00       		.byte	0
 817 00df 00       		.byte	0
 818 00e0 12       		.uleb128 0x12
 819 00e1 2E       		.uleb128 0x2e
 820 00e2 01       		.byte	0x1
 821 00e3 3F       		.uleb128 0x3f
 822 00e4 19       		.uleb128 0x19
 823 00e5 03       		.uleb128 0x3
 824 00e6 0E       		.uleb128 0xe
 825 00e7 3A       		.uleb128 0x3a
 826 00e8 0B       		.uleb128 0xb
 827 00e9 3B       		.uleb128 0x3b
 828 00ea 0B       		.uleb128 0xb
 829 00eb 27       		.uleb128 0x27
 830 00ec 19       		.uleb128 0x19
 831 00ed 11       		.uleb128 0x11
 832 00ee 01       		.uleb128 0x1
 833 00ef 12       		.uleb128 0x12
 834 00f0 06       		.uleb128 0x6
ARM GAS  C:\Users\Jerry\AppData\Local\Temp\ccr9cius.s 			page 24


 835 00f1 40       		.uleb128 0x40
 836 00f2 18       		.uleb128 0x18
 837 00f3 9742     		.uleb128 0x2117
 838 00f5 19       		.uleb128 0x19
 839 00f6 01       		.uleb128 0x1
 840 00f7 13       		.uleb128 0x13
 841 00f8 00       		.byte	0
 842 00f9 00       		.byte	0
 843 00fa 13       		.uleb128 0x13
 844 00fb 05       		.uleb128 0x5
 845 00fc 00       		.byte	0
 846 00fd 03       		.uleb128 0x3
 847 00fe 0E       		.uleb128 0xe
 848 00ff 3A       		.uleb128 0x3a
 849 0100 0B       		.uleb128 0xb
 850 0101 3B       		.uleb128 0x3b
 851 0102 0B       		.uleb128 0xb
 852 0103 49       		.uleb128 0x49
 853 0104 13       		.uleb128 0x13
 854 0105 02       		.uleb128 0x2
 855 0106 17       		.uleb128 0x17
 856 0107 00       		.byte	0
 857 0108 00       		.byte	0
 858 0109 14       		.uleb128 0x14
 859 010a 1D       		.uleb128 0x1d
 860 010b 01       		.byte	0x1
 861 010c 31       		.uleb128 0x31
 862 010d 13       		.uleb128 0x13
 863 010e 11       		.uleb128 0x11
 864 010f 01       		.uleb128 0x1
 865 0110 12       		.uleb128 0x12
 866 0111 06       		.uleb128 0x6
 867 0112 58       		.uleb128 0x58
 868 0113 0B       		.uleb128 0xb
 869 0114 59       		.uleb128 0x59
 870 0115 0B       		.uleb128 0xb
 871 0116 01       		.uleb128 0x1
 872 0117 13       		.uleb128 0x13
 873 0118 00       		.byte	0
 874 0119 00       		.byte	0
 875 011a 15       		.uleb128 0x15
 876 011b 05       		.uleb128 0x5
 877 011c 00       		.byte	0
 878 011d 31       		.uleb128 0x31
 879 011e 13       		.uleb128 0x13
 880 011f 1C       		.uleb128 0x1c
 881 0120 0B       		.uleb128 0xb
 882 0121 00       		.byte	0
 883 0122 00       		.byte	0
 884 0123 16       		.uleb128 0x16
 885 0124 05       		.uleb128 0x5
 886 0125 00       		.byte	0
 887 0126 31       		.uleb128 0x31
 888 0127 13       		.uleb128 0x13
 889 0128 02       		.uleb128 0x2
 890 0129 17       		.uleb128 0x17
 891 012a 00       		.byte	0
ARM GAS  C:\Users\Jerry\AppData\Local\Temp\ccr9cius.s 			page 25


 892 012b 00       		.byte	0
 893 012c 17       		.uleb128 0x17
 894 012d 898201   		.uleb128 0x4109
 895 0130 01       		.byte	0x1
 896 0131 11       		.uleb128 0x11
 897 0132 01       		.uleb128 0x1
 898 0133 31       		.uleb128 0x31
 899 0134 13       		.uleb128 0x13
 900 0135 00       		.byte	0
 901 0136 00       		.byte	0
 902 0137 18       		.uleb128 0x18
 903 0138 8A8201   		.uleb128 0x410a
 904 013b 00       		.byte	0
 905 013c 02       		.uleb128 0x2
 906 013d 18       		.uleb128 0x18
 907 013e 9142     		.uleb128 0x2111
 908 0140 18       		.uleb128 0x18
 909 0141 00       		.byte	0
 910 0142 00       		.byte	0
 911 0143 19       		.uleb128 0x19
 912 0144 898201   		.uleb128 0x4109
 913 0147 00       		.byte	0
 914 0148 11       		.uleb128 0x11
 915 0149 01       		.uleb128 0x1
 916 014a 31       		.uleb128 0x31
 917 014b 13       		.uleb128 0x13
 918 014c 00       		.byte	0
 919 014d 00       		.byte	0
 920 014e 1A       		.uleb128 0x1a
 921 014f 34       		.uleb128 0x34
 922 0150 00       		.byte	0
 923 0151 03       		.uleb128 0x3
 924 0152 0E       		.uleb128 0xe
 925 0153 3A       		.uleb128 0x3a
 926 0154 0B       		.uleb128 0xb
 927 0155 3B       		.uleb128 0x3b
 928 0156 0B       		.uleb128 0xb
 929 0157 49       		.uleb128 0x49
 930 0158 13       		.uleb128 0x13
 931 0159 3F       		.uleb128 0x3f
 932 015a 19       		.uleb128 0x19
 933 015b 02       		.uleb128 0x2
 934 015c 18       		.uleb128 0x18
 935 015d 00       		.byte	0
 936 015e 00       		.byte	0
 937 015f 1B       		.uleb128 0x1b
 938 0160 2E       		.uleb128 0x2e
 939 0161 01       		.byte	0x1
 940 0162 3F       		.uleb128 0x3f
 941 0163 19       		.uleb128 0x19
 942 0164 03       		.uleb128 0x3
 943 0165 0E       		.uleb128 0xe
 944 0166 3A       		.uleb128 0x3a
 945 0167 0B       		.uleb128 0xb
 946 0168 3B       		.uleb128 0x3b
 947 0169 0B       		.uleb128 0xb
 948 016a 27       		.uleb128 0x27
ARM GAS  C:\Users\Jerry\AppData\Local\Temp\ccr9cius.s 			page 26


 949 016b 19       		.uleb128 0x19
 950 016c 3C       		.uleb128 0x3c
 951 016d 19       		.uleb128 0x19
 952 016e 01       		.uleb128 0x1
 953 016f 13       		.uleb128 0x13
 954 0170 00       		.byte	0
 955 0171 00       		.byte	0
 956 0172 1C       		.uleb128 0x1c
 957 0173 05       		.uleb128 0x5
 958 0174 00       		.byte	0
 959 0175 49       		.uleb128 0x49
 960 0176 13       		.uleb128 0x13
 961 0177 00       		.byte	0
 962 0178 00       		.byte	0
 963 0179 1D       		.uleb128 0x1d
 964 017a 2E       		.uleb128 0x2e
 965 017b 00       		.byte	0
 966 017c 3F       		.uleb128 0x3f
 967 017d 19       		.uleb128 0x19
 968 017e 03       		.uleb128 0x3
 969 017f 0E       		.uleb128 0xe
 970 0180 3A       		.uleb128 0x3a
 971 0181 0B       		.uleb128 0xb
 972 0182 3B       		.uleb128 0x3b
 973 0183 0B       		.uleb128 0xb
 974 0184 27       		.uleb128 0x27
 975 0185 19       		.uleb128 0x19
 976 0186 3C       		.uleb128 0x3c
 977 0187 19       		.uleb128 0x19
 978 0188 00       		.byte	0
 979 0189 00       		.byte	0
 980 018a 00       		.byte	0
 981              		.section	.debug_loc,"",%progbits
 982              	.Ldebug_loc0:
 983              	.LLST0:
 984 0000 00000000 		.4byte	.LVL0
 985 0004 11000000 		.4byte	.LVL1-1
 986 0008 0100     		.2byte	0x1
 987 000a 50       		.byte	0x50
 988 000b 11000000 		.4byte	.LVL1-1
 989 000f 3C000000 		.4byte	.LVL8
 990 0013 0100     		.2byte	0x1
 991 0015 56       		.byte	0x56
 992 0016 3C000000 		.4byte	.LVL8
 993 001a 44000000 		.4byte	.LFE32
 994 001e 0400     		.2byte	0x4
 995 0020 F3       		.byte	0xf3
 996 0021 01       		.uleb128 0x1
 997 0022 50       		.byte	0x50
 998 0023 9F       		.byte	0x9f
 999 0024 00000000 		.4byte	0
 1000 0028 00000000 		.4byte	0
 1001              	.LLST1:
 1002 002c 00000000 		.4byte	.LVL0
 1003 0030 11000000 		.4byte	.LVL1-1
 1004 0034 0100     		.2byte	0x1
 1005 0036 51       		.byte	0x51
ARM GAS  C:\Users\Jerry\AppData\Local\Temp\ccr9cius.s 			page 27


 1006 0037 11000000 		.4byte	.LVL1-1
 1007 003b 3C000000 		.4byte	.LVL7
 1008 003f 0100     		.2byte	0x1
 1009 0041 55       		.byte	0x55
 1010 0042 3C000000 		.4byte	.LVL7
 1011 0046 44000000 		.4byte	.LFE32
 1012 004a 0400     		.2byte	0x4
 1013 004c F3       		.byte	0xf3
 1014 004d 01       		.uleb128 0x1
 1015 004e 51       		.byte	0x51
 1016 004f 9F       		.byte	0x9f
 1017 0050 00000000 		.4byte	0
 1018 0054 00000000 		.4byte	0
 1019              	.LLST2:
 1020 0058 1A000000 		.4byte	.LVL2
 1021 005c 3C000000 		.4byte	.LVL8
 1022 0060 0100     		.2byte	0x1
 1023 0062 56       		.byte	0x56
 1024 0063 3C000000 		.4byte	.LVL8
 1025 0067 44000000 		.4byte	.LFE32
 1026 006b 0400     		.2byte	0x4
 1027 006d F3       		.byte	0xf3
 1028 006e 01       		.uleb128 0x1
 1029 006f 50       		.byte	0x50
 1030 0070 9F       		.byte	0x9f
 1031 0071 00000000 		.4byte	0
 1032 0075 00000000 		.4byte	0
 1033              	.LLST3:
 1034 0079 24000000 		.4byte	.LVL3
 1035 007d 3C000000 		.4byte	.LVL7
 1036 0081 0100     		.2byte	0x1
 1037 0083 55       		.byte	0x55
 1038 0084 3C000000 		.4byte	.LVL7
 1039 0088 44000000 		.4byte	.LFE32
 1040 008c 0400     		.2byte	0x4
 1041 008e F3       		.byte	0xf3
 1042 008f 01       		.uleb128 0x1
 1043 0090 51       		.byte	0x51
 1044 0091 9F       		.byte	0x9f
 1045 0092 00000000 		.4byte	0
 1046 0096 00000000 		.4byte	0
 1047              		.section	.debug_aranges,"",%progbits
 1048 0000 24000000 		.4byte	0x24
 1049 0004 0200     		.2byte	0x2
 1050 0006 00000000 		.4byte	.Ldebug_info0
 1051 000a 04       		.byte	0x4
 1052 000b 00       		.byte	0
 1053 000c 0000     		.2byte	0
 1054 000e 0000     		.2byte	0
 1055 0010 00000000 		.4byte	.LFB33
 1056 0014 2C000000 		.4byte	.LFE33-.LFB33
 1057 0018 00000000 		.4byte	.LFB32
 1058 001c 44000000 		.4byte	.LFE32-.LFB32
 1059 0020 00000000 		.4byte	0
 1060 0024 00000000 		.4byte	0
 1061              		.section	.debug_ranges,"",%progbits
 1062              	.Ldebug_ranges0:
ARM GAS  C:\Users\Jerry\AppData\Local\Temp\ccr9cius.s 			page 28


 1063 0000 00000000 		.4byte	.LFB33
 1064 0004 2C000000 		.4byte	.LFE33
 1065 0008 00000000 		.4byte	.LFB32
 1066 000c 44000000 		.4byte	.LFE32
 1067 0010 00000000 		.4byte	0
 1068 0014 00000000 		.4byte	0
 1069              		.section	.debug_line,"",%progbits
 1070              	.Ldebug_line0:
 1071 0000 B2000000 		.section	.debug_str,"MS",%progbits,1
 1071      02006000 
 1071      00000201 
 1071      FB0E0D00 
 1071      01010101 
 1072              	.LASF25:
 1073 0000 444D415F 		.ascii	"DMA_Synth_SetDstAddress\000"
 1073      53796E74 
 1073      685F5365 
 1073      74447374 
 1073      41646472 
 1074              	.LASF33:
 1075 0018 433A5C63 		.ascii	"C:\\cypress\\TalkingClock\\Talking_Clock.cydsn\000"
 1075      79707265 
 1075      73735C54 
 1075      616C6B69 
 1075      6E67436C 
 1076              	.LASF26:
 1077 0044 64737441 		.ascii	"dstAddress\000"
 1077      64647265 
 1077      737300
 1078              	.LASF29:
 1079 004f 4379446D 		.ascii	"CyDmaValidateDescriptor\000"
 1079      6156616C 
 1079      69646174 
 1079      65446573 
 1079      63726970 
 1080              	.LASF27:
 1081 0067 4379446D 		.ascii	"CyDmaSetSrcAddress\000"
 1081      61536574 
 1081      53726341 
 1081      64647265 
 1081      737300
 1082              	.LASF2:
 1083 007a 73686F72 		.ascii	"short int\000"
 1083      7420696E 
 1083      7400
 1084              	.LASF16:
 1085 0084 73697A65 		.ascii	"sizetype\000"
 1085      74797065 
 1085      00
 1086              	.LASF23:
 1087 008d 444D415F 		.ascii	"DMA_Synth_SetSrcAddress\000"
 1087      53796E74 
 1087      685F5365 
 1087      74537263 
 1087      41646472 
 1088              	.LASF17:
 1089 00a5 6379646D 		.ascii	"cydma_channel_ctl_struct\000"
ARM GAS  C:\Users\Jerry\AppData\Local\Temp\ccr9cius.s 			page 29


 1089      615F6368 
 1089      616E6E65 
 1089      6C5F6374 
 1089      6C5F7374 
 1090              	.LASF9:
 1091 00be 75696E74 		.ascii	"uint8\000"
 1091      3800
 1092              	.LASF22:
 1093 00c4 444D415F 		.ascii	"DMA_Synth_ValidateDescriptor\000"
 1093      53796E74 
 1093      685F5661 
 1093      6C696461 
 1093      74654465 
 1094              	.LASF12:
 1095 00e1 666C6F61 		.ascii	"float\000"
 1095      7400
 1096              	.LASF6:
 1097 00e7 6C6F6E67 		.ascii	"long long int\000"
 1097      206C6F6E 
 1097      6720696E 
 1097      7400
 1098              	.LASF32:
 1099 00f5 47656E65 		.ascii	"Generated_Source\\PSoC4\\DMA_Synth.c\000"
 1099      72617465 
 1099      645F536F 
 1099      75726365 
 1099      5C50536F 
 1100              	.LASF4:
 1101 0118 6C6F6E67 		.ascii	"long int\000"
 1101      20696E74 
 1101      00
 1102              	.LASF35:
 1103 0121 444D415F 		.ascii	"DMA_Synth_ChEnable\000"
 1103      53796E74 
 1103      685F4368 
 1103      456E6162 
 1103      6C6500
 1104              	.LASF28:
 1105 0134 4379446D 		.ascii	"CyDmaSetDstAddress\000"
 1105      61536574 
 1105      44737441 
 1105      64647265 
 1105      737300
 1106              	.LASF1:
 1107 0147 756E7369 		.ascii	"unsigned char\000"
 1107      676E6564 
 1107      20636861 
 1107      7200
 1108              	.LASF34:
 1109 0155 444D415F 		.ascii	"DMA_Synth_Init\000"
 1109      53796E74 
 1109      685F496E 
 1109      697400
 1110              	.LASF36:
 1111 0164 444D415F 		.ascii	"DMA_Synth_Start\000"
 1111      53796E74 
 1111      685F5374 
ARM GAS  C:\Users\Jerry\AppData\Local\Temp\ccr9cius.s 			page 30


 1111      61727400 
 1112              	.LASF0:
 1113 0174 7369676E 		.ascii	"signed char\000"
 1113      65642063 
 1113      68617200 
 1114              	.LASF7:
 1115 0180 6C6F6E67 		.ascii	"long long unsigned int\000"
 1115      206C6F6E 
 1115      6720756E 
 1115      7369676E 
 1115      65642069 
 1116              	.LASF8:
 1117 0197 756E7369 		.ascii	"unsigned int\000"
 1117      676E6564 
 1117      20696E74 
 1117      00
 1118              	.LASF15:
 1119 01a4 72656733 		.ascii	"reg32\000"
 1119      3200
 1120              	.LASF3:
 1121 01aa 73686F72 		.ascii	"short unsigned int\000"
 1121      7420756E 
 1121      7369676E 
 1121      65642069 
 1121      6E7400
 1122              	.LASF18:
 1123 01bd 73746174 		.ascii	"status\000"
 1123      757300
 1124              	.LASF21:
 1125 01c4 6379646D 		.ascii	"cydma_descriptor_ram_struct\000"
 1125      615F6465 
 1125      73637269 
 1125      70746F72 
 1125      5F72616D 
 1126              	.LASF14:
 1127 01e0 63686172 		.ascii	"char\000"
 1127      00
 1128              	.LASF19:
 1129 01e5 6379646D 		.ascii	"cydma_descriptor_struct\000"
 1129      615F6465 
 1129      73637269 
 1129      70746F72 
 1129      5F737472 
 1130              	.LASF24:
 1131 01fd 73726341 		.ascii	"srcAddress\000"
 1131      64647265 
 1131      737300
 1132              	.LASF10:
 1133 0208 75696E74 		.ascii	"uint32\000"
 1133      333200
 1134              	.LASF5:
 1135 020f 6C6F6E67 		.ascii	"long unsigned int\000"
 1135      20756E73 
 1135      69676E65 
 1135      6420696E 
 1135      7400
 1136              	.LASF11:
ARM GAS  C:\Users\Jerry\AppData\Local\Temp\ccr9cius.s 			page 31


 1137 0221 696E7433 		.ascii	"int32\000"
 1137      3200
 1138              	.LASF13:
 1139 0227 646F7562 		.ascii	"double\000"
 1139      6C6500
 1140              	.LASF31:
 1141 022e 474E5520 		.ascii	"GNU C 4.9.3 20150303 (release) [ARM/embedded-4_9-br"
 1141      4320342E 
 1141      392E3320 
 1141      32303135 
 1141      30333033 
 1142 0261 616E6368 		.ascii	"anch revision 221220] -mcpu=cortex-m0plus -mthumb -"
 1142      20726576 
 1142      6973696F 
 1142      6E203232 
 1142      31323230 
 1143 0294 67202D4F 		.ascii	"g -Os -ffunction-sections -ffat-lto-objects\000"
 1143      73202D66 
 1143      66756E63 
 1143      74696F6E 
 1143      2D736563 
 1144              	.LASF37:
 1145 02c0 444D415F 		.ascii	"DMA_Synth_initVar\000"
 1145      53796E74 
 1145      685F696E 
 1145      69745661 
 1145      7200
 1146              	.LASF30:
 1147 02d2 4379446D 		.ascii	"CyDmaChEnable\000"
 1147      61436845 
 1147      6E61626C 
 1147      6500
 1148              	.LASF38:
 1149 02e0 4379446D 		.ascii	"CyDmaEnable\000"
 1149      61456E61 
 1149      626C6500 
 1150              	.LASF20:
 1151 02ec 64657363 		.ascii	"descriptor\000"
 1151      72697074 
 1151      6F7200
 1152              		.ident	"GCC: (GNU Tools for ARM Embedded Processors) 4.9.3 20150303 (release) [ARM/embedded-4_9-br
