ARM GAS  C:\Users\Jerry\AppData\Local\Temp\cc3NmqIC.s 			page 1


   1              		.cpu cortex-m0plus
   2              		.fpu softvfp
   3              		.eabi_attribute 20, 1
   4              		.eabi_attribute 21, 1
   5              		.eabi_attribute 23, 3
   6              		.eabi_attribute 24, 1
   7              		.eabi_attribute 25, 1
   8              		.eabi_attribute 26, 1
   9              		.eabi_attribute 30, 4
  10              		.eabi_attribute 34, 0
  11              		.eabi_attribute 18, 4
  12              		.code	16
  13              		.file	"PVref_PM.c"
  14              		.text
  15              	.Ltext0:
  16              		.cfi_sections	.debug_frame
  17              		.section	.text.PVref_Sleep,"ax",%progbits
  18              		.align	1
  19              		.global	PVref_Sleep
  20              		.code	16
  21              		.thumb_func
  22              		.type	PVref_Sleep, %function
  23              	PVref_Sleep:
  24              	.LFB0:
  25              		.file 1 "Generated_Source\\PSoC4\\PVref_PM.c"
   1:Generated_Source\PSoC4/PVref_PM.c **** /***************************************************************************//**
   2:Generated_Source\PSoC4/PVref_PM.c **** * \file PVref_PM.c
   3:Generated_Source\PSoC4/PVref_PM.c **** * \version 1.0
   4:Generated_Source\PSoC4/PVref_PM.c **** *
   5:Generated_Source\PSoC4/PVref_PM.c **** * \brief
   6:Generated_Source\PSoC4/PVref_PM.c **** *  This file provides the API source code for Power Management of the
   7:Generated_Source\PSoC4/PVref_PM.c **** *  Programmable Voltage Reference component.
   8:Generated_Source\PSoC4/PVref_PM.c **** *
   9:Generated_Source\PSoC4/PVref_PM.c **** * Note:
  10:Generated_Source\PSoC4/PVref_PM.c **** *  None
  11:Generated_Source\PSoC4/PVref_PM.c **** *
  12:Generated_Source\PSoC4/PVref_PM.c **** ********************************************************************************
  13:Generated_Source\PSoC4/PVref_PM.c **** * \copyright
  14:Generated_Source\PSoC4/PVref_PM.c **** * Copyright 2016, Cypress Semiconductor Corporation. All rights reserved.
  15:Generated_Source\PSoC4/PVref_PM.c **** * You may use this file only in accordance with the license, terms, conditions,
  16:Generated_Source\PSoC4/PVref_PM.c **** * disclaimers, and limitations in the end user license agreement accompanying
  17:Generated_Source\PSoC4/PVref_PM.c **** * the software package with which this file was provided.
  18:Generated_Source\PSoC4/PVref_PM.c **** *******************************************************************************/
  19:Generated_Source\PSoC4/PVref_PM.c **** 
  20:Generated_Source\PSoC4/PVref_PM.c **** #include "PVref.h"
  21:Generated_Source\PSoC4/PVref_PM.c **** 
  22:Generated_Source\PSoC4/PVref_PM.c **** static PVref_backup_struct PVref_backup = {0u};
  23:Generated_Source\PSoC4/PVref_PM.c **** 
  24:Generated_Source\PSoC4/PVref_PM.c **** 
  25:Generated_Source\PSoC4/PVref_PM.c **** /*******************************************************************************
  26:Generated_Source\PSoC4/PVref_PM.c **** * Function Name: PVref_Sleep
  27:Generated_Source\PSoC4/PVref_PM.c **** ****************************************************************************//**
  28:Generated_Source\PSoC4/PVref_PM.c **** *
  29:Generated_Source\PSoC4/PVref_PM.c **** *  Prepares the component to enter Sleep mode.
  30:Generated_Source\PSoC4/PVref_PM.c **** *  If the reference is based on Vdda, the function will open the switch at the
  31:Generated_Source\PSoC4/PVref_PM.c **** *  bottom of the resistor tree to eliminate the current flow through the
  32:Generated_Source\PSoC4/PVref_PM.c **** *  resistor. If the reference is based on the bandgap, this function will do
ARM GAS  C:\Users\Jerry\AppData\Local\Temp\cc3NmqIC.s 			page 2


  33:Generated_Source\PSoC4/PVref_PM.c **** *  nothing.
  34:Generated_Source\PSoC4/PVref_PM.c **** *
  35:Generated_Source\PSoC4/PVref_PM.c **** * \sideeffect
  36:Generated_Source\PSoC4/PVref_PM.c **** *  If the reference is based on Vdda, it will affect all Vdda-based references
  37:Generated_Source\PSoC4/PVref_PM.c **** *  because they share the same resistor tree.
  38:Generated_Source\PSoC4/PVref_PM.c **** *
  39:Generated_Source\PSoC4/PVref_PM.c **** *******************************************************************************/
  40:Generated_Source\PSoC4/PVref_PM.c **** void PVref_Sleep(void)
  41:Generated_Source\PSoC4/PVref_PM.c **** {
  26              		.loc 1 41 0
  27              		.cfi_startproc
  42:Generated_Source\PSoC4/PVref_PM.c ****     if (0u != (PVref_PRB_REF_REG & PVref_VREF_SUPPLY_SEL))
  28              		.loc 1 42 0
  29 0000 064B     		ldr	r3, .L5
  30 0002 1A68     		ldr	r2, [r3]
  31 0004 0223     		mov	r3, #2
  32 0006 1340     		and	r3, r2
  33 0008 054A     		ldr	r2, .L5+4
  34 000a 05D0     		beq	.L2
  43:Generated_Source\PSoC4/PVref_PM.c ****     {
  44:Generated_Source\PSoC4/PVref_PM.c ****         PVref_PRB_CTRL_REG &= ~PVref_VDDA_ENABLE;
  35              		.loc 1 44 0
  36 000c 1020     		mov	r0, #16
  37 000e 0549     		ldr	r1, .L5+8
  38 0010 0B68     		ldr	r3, [r1]
  39 0012 8343     		bic	r3, r0
  40 0014 0B60     		str	r3, [r1]
  45:Generated_Source\PSoC4/PVref_PM.c ****         PVref_backup.enableState = 1u;
  41              		.loc 1 45 0
  42 0016 0123     		mov	r3, #1
  43              	.L2:
  46:Generated_Source\PSoC4/PVref_PM.c ****     }
  47:Generated_Source\PSoC4/PVref_PM.c ****     else /* The reference is based on the bandgap */
  48:Generated_Source\PSoC4/PVref_PM.c ****     {
  49:Generated_Source\PSoC4/PVref_PM.c ****         PVref_backup.enableState = 0u;
  44              		.loc 1 49 0
  45 0018 1370     		strb	r3, [r2]
  50:Generated_Source\PSoC4/PVref_PM.c ****     }
  51:Generated_Source\PSoC4/PVref_PM.c **** }
  46              		.loc 1 51 0
  47              		@ sp needed
  48 001a 7047     		bx	lr
  49              	.L6:
  50              		.align	2
  51              	.L5:
  52 001c 08023F40 		.word	1077871112
  53 0020 00000000 		.word	.LANCHOR0
  54 0024 00023F40 		.word	1077871104
  55              		.cfi_endproc
  56              	.LFE0:
  57              		.size	PVref_Sleep, .-PVref_Sleep
  58              		.section	.text.PVref_Wakeup,"ax",%progbits
  59              		.align	1
  60              		.global	PVref_Wakeup
  61              		.code	16
  62              		.thumb_func
  63              		.type	PVref_Wakeup, %function
ARM GAS  C:\Users\Jerry\AppData\Local\Temp\cc3NmqIC.s 			page 3


  64              	PVref_Wakeup:
  65              	.LFB1:
  52:Generated_Source\PSoC4/PVref_PM.c **** 
  53:Generated_Source\PSoC4/PVref_PM.c **** 
  54:Generated_Source\PSoC4/PVref_PM.c **** /*******************************************************************************
  55:Generated_Source\PSoC4/PVref_PM.c **** * Function Name: PVref_Wakeup
  56:Generated_Source\PSoC4/PVref_PM.c **** ****************************************************************************//**
  57:Generated_Source\PSoC4/PVref_PM.c **** *
  58:Generated_Source\PSoC4/PVref_PM.c **** *  Restores the component after exiting Sleep mode.
  59:Generated_Source\PSoC4/PVref_PM.c **** *  By calling this function for any Vdda-based reference, the function will
  60:Generated_Source\PSoC4/PVref_PM.c **** *  enable all Vdda-based references because they all are based on the same
  61:Generated_Source\PSoC4/PVref_PM.c **** *  resistor divider. For bandgap-based references, nothing will happen.
  62:Generated_Source\PSoC4/PVref_PM.c **** *
  63:Generated_Source\PSoC4/PVref_PM.c **** * \sideeffect
  64:Generated_Source\PSoC4/PVref_PM.c **** *  If the reference is based on Vdda, it will affect all Vdda-based references
  65:Generated_Source\PSoC4/PVref_PM.c **** *  because they share the same resistor tree.
  66:Generated_Source\PSoC4/PVref_PM.c **** *
  67:Generated_Source\PSoC4/PVref_PM.c **** *******************************************************************************/
  68:Generated_Source\PSoC4/PVref_PM.c **** void PVref_Wakeup(void)
  69:Generated_Source\PSoC4/PVref_PM.c **** {
  66              		.loc 1 69 0
  67              		.cfi_startproc
  70:Generated_Source\PSoC4/PVref_PM.c ****     if (0u != PVref_backup.enableState)
  68              		.loc 1 70 0
  69 0000 044B     		ldr	r3, .L12
  70 0002 1B78     		ldrb	r3, [r3]
  71 0004 002B     		cmp	r3, #0
  72 0006 04D0     		beq	.L7
  71:Generated_Source\PSoC4/PVref_PM.c ****     {
  72:Generated_Source\PSoC4/PVref_PM.c ****         PVref_PRB_CTRL_REG |= PVref_VDDA_ENABLE;
  73              		.loc 1 72 0
  74 0008 1021     		mov	r1, #16
  75 000a 034A     		ldr	r2, .L12+4
  76 000c 1368     		ldr	r3, [r2]
  77 000e 0B43     		orr	r3, r1
  78 0010 1360     		str	r3, [r2]
  79              	.L7:
  73:Generated_Source\PSoC4/PVref_PM.c ****     } /* Do nothing if the reference is based on the bandgap */
  74:Generated_Source\PSoC4/PVref_PM.c **** }
  80              		.loc 1 74 0
  81              		@ sp needed
  82 0012 7047     		bx	lr
  83              	.L13:
  84              		.align	2
  85              	.L12:
  86 0014 00000000 		.word	.LANCHOR0
  87 0018 00023F40 		.word	1077871104
  88              		.cfi_endproc
  89              	.LFE1:
  90              		.size	PVref_Wakeup, .-PVref_Wakeup
  91              		.bss
  92              		.set	.LANCHOR0,. + 0
  93              		.type	PVref_backup, %object
  94              		.size	PVref_backup, 1
  95              	PVref_backup:
  96 0000 00       		.space	1
  97              		.text
ARM GAS  C:\Users\Jerry\AppData\Local\Temp\cc3NmqIC.s 			page 4


  98              	.Letext0:
  99              		.file 2 "Generated_Source\\PSoC4\\cytypes.h"
 100              		.file 3 "Generated_Source\\PSoC4\\PVref.h"
 101              		.section	.debug_info,"",%progbits
 102              	.Ldebug_info0:
 103 0000 F9000000 		.4byte	0xf9
 104 0004 0400     		.2byte	0x4
 105 0006 00000000 		.4byte	.Ldebug_abbrev0
 106 000a 04       		.byte	0x4
 107 000b 01       		.uleb128 0x1
 108 000c 1F000000 		.4byte	.LASF18
 109 0010 01       		.byte	0x1
 110 0011 CB000000 		.4byte	.LASF19
 111 0015 A3010000 		.4byte	.LASF20
 112 0019 00000000 		.4byte	.Ldebug_ranges0+0
 113 001d 00000000 		.4byte	0
 114 0021 00000000 		.4byte	.Ldebug_line0
 115 0025 02       		.uleb128 0x2
 116 0026 01       		.byte	0x1
 117 0027 06       		.byte	0x6
 118 0028 97010000 		.4byte	.LASF0
 119 002c 02       		.uleb128 0x2
 120 002d 01       		.byte	0x1
 121 002e 08       		.byte	0x8
 122 002f ED000000 		.4byte	.LASF1
 123 0033 02       		.uleb128 0x2
 124 0034 02       		.byte	0x2
 125 0035 05       		.byte	0x5
 126 0036 65010000 		.4byte	.LASF2
 127 003a 02       		.uleb128 0x2
 128 003b 02       		.byte	0x2
 129 003c 07       		.byte	0x7
 130 003d 0D010000 		.4byte	.LASF3
 131 0041 02       		.uleb128 0x2
 132 0042 04       		.byte	0x4
 133 0043 05       		.byte	0x5
 134 0044 82010000 		.4byte	.LASF4
 135 0048 02       		.uleb128 0x2
 136 0049 04       		.byte	0x4
 137 004a 07       		.byte	0x7
 138 004b FB000000 		.4byte	.LASF5
 139 004f 02       		.uleb128 0x2
 140 0050 08       		.byte	0x8
 141 0051 05       		.byte	0x5
 142 0052 52010000 		.4byte	.LASF6
 143 0056 02       		.uleb128 0x2
 144 0057 08       		.byte	0x8
 145 0058 07       		.byte	0x7
 146 0059 3B010000 		.4byte	.LASF7
 147 005d 03       		.uleb128 0x3
 148 005e 04       		.byte	0x4
 149 005f 05       		.byte	0x5
 150 0060 696E7400 		.ascii	"int\000"
 151 0064 02       		.uleb128 0x2
 152 0065 04       		.byte	0x4
 153 0066 07       		.byte	0x7
 154 0067 2E010000 		.4byte	.LASF8
ARM GAS  C:\Users\Jerry\AppData\Local\Temp\cc3NmqIC.s 			page 5


 155 006b 04       		.uleb128 0x4
 156 006c 6F010000 		.4byte	.LASF9
 157 0070 02       		.byte	0x2
 158 0071 B901     		.2byte	0x1b9
 159 0073 2C000000 		.4byte	0x2c
 160 0077 04       		.uleb128 0x4
 161 0078 27010000 		.4byte	.LASF10
 162 007c 02       		.byte	0x2
 163 007d BB01     		.2byte	0x1bb
 164 007f 48000000 		.4byte	0x48
 165 0083 02       		.uleb128 0x2
 166 0084 04       		.byte	0x4
 167 0085 04       		.byte	0x4
 168 0086 C5000000 		.4byte	.LASF11
 169 008a 02       		.uleb128 0x2
 170 008b 08       		.byte	0x8
 171 008c 04       		.byte	0x4
 172 008d 20010000 		.4byte	.LASF12
 173 0091 02       		.uleb128 0x2
 174 0092 01       		.byte	0x1
 175 0093 08       		.byte	0x8
 176 0094 60010000 		.4byte	.LASF13
 177 0098 04       		.uleb128 0x4
 178 0099 00000000 		.4byte	.LASF14
 179 009d 02       		.byte	0x2
 180 009e 6502     		.2byte	0x265
 181 00a0 A4000000 		.4byte	0xa4
 182 00a4 05       		.uleb128 0x5
 183 00a5 77000000 		.4byte	0x77
 184 00a9 06       		.uleb128 0x6
 185 00aa 01       		.byte	0x1
 186 00ab 03       		.byte	0x3
 187 00ac 28       		.byte	0x28
 188 00ad BE000000 		.4byte	0xbe
 189 00b1 07       		.uleb128 0x7
 190 00b2 8B010000 		.4byte	.LASF21
 191 00b6 03       		.byte	0x3
 192 00b7 2A       		.byte	0x2a
 193 00b8 6B000000 		.4byte	0x6b
 194 00bc 00       		.byte	0
 195 00bd 00       		.byte	0
 196 00be 08       		.uleb128 0x8
 197 00bf B1000000 		.4byte	.LASF15
 198 00c3 03       		.byte	0x3
 199 00c4 2B       		.byte	0x2b
 200 00c5 A9000000 		.4byte	0xa9
 201 00c9 09       		.uleb128 0x9
 202 00ca 06000000 		.4byte	.LASF16
 203 00ce 01       		.byte	0x1
 204 00cf 28       		.byte	0x28
 205 00d0 00000000 		.4byte	.LFB0
 206 00d4 28000000 		.4byte	.LFE0-.LFB0
 207 00d8 01       		.uleb128 0x1
 208 00d9 9C       		.byte	0x9c
 209 00da 09       		.uleb128 0x9
 210 00db 12000000 		.4byte	.LASF17
 211 00df 01       		.byte	0x1
ARM GAS  C:\Users\Jerry\AppData\Local\Temp\cc3NmqIC.s 			page 6


 212 00e0 44       		.byte	0x44
 213 00e1 00000000 		.4byte	.LFB1
 214 00e5 1C000000 		.4byte	.LFE1-.LFB1
 215 00e9 01       		.uleb128 0x1
 216 00ea 9C       		.byte	0x9c
 217 00eb 0A       		.uleb128 0xa
 218 00ec 75010000 		.4byte	.LASF22
 219 00f0 01       		.byte	0x1
 220 00f1 16       		.byte	0x16
 221 00f2 BE000000 		.4byte	0xbe
 222 00f6 05       		.uleb128 0x5
 223 00f7 03       		.byte	0x3
 224 00f8 00000000 		.4byte	PVref_backup
 225 00fc 00       		.byte	0
 226              		.section	.debug_abbrev,"",%progbits
 227              	.Ldebug_abbrev0:
 228 0000 01       		.uleb128 0x1
 229 0001 11       		.uleb128 0x11
 230 0002 01       		.byte	0x1
 231 0003 25       		.uleb128 0x25
 232 0004 0E       		.uleb128 0xe
 233 0005 13       		.uleb128 0x13
 234 0006 0B       		.uleb128 0xb
 235 0007 03       		.uleb128 0x3
 236 0008 0E       		.uleb128 0xe
 237 0009 1B       		.uleb128 0x1b
 238 000a 0E       		.uleb128 0xe
 239 000b 55       		.uleb128 0x55
 240 000c 17       		.uleb128 0x17
 241 000d 11       		.uleb128 0x11
 242 000e 01       		.uleb128 0x1
 243 000f 10       		.uleb128 0x10
 244 0010 17       		.uleb128 0x17
 245 0011 00       		.byte	0
 246 0012 00       		.byte	0
 247 0013 02       		.uleb128 0x2
 248 0014 24       		.uleb128 0x24
 249 0015 00       		.byte	0
 250 0016 0B       		.uleb128 0xb
 251 0017 0B       		.uleb128 0xb
 252 0018 3E       		.uleb128 0x3e
 253 0019 0B       		.uleb128 0xb
 254 001a 03       		.uleb128 0x3
 255 001b 0E       		.uleb128 0xe
 256 001c 00       		.byte	0
 257 001d 00       		.byte	0
 258 001e 03       		.uleb128 0x3
 259 001f 24       		.uleb128 0x24
 260 0020 00       		.byte	0
 261 0021 0B       		.uleb128 0xb
 262 0022 0B       		.uleb128 0xb
 263 0023 3E       		.uleb128 0x3e
 264 0024 0B       		.uleb128 0xb
 265 0025 03       		.uleb128 0x3
 266 0026 08       		.uleb128 0x8
 267 0027 00       		.byte	0
 268 0028 00       		.byte	0
ARM GAS  C:\Users\Jerry\AppData\Local\Temp\cc3NmqIC.s 			page 7


 269 0029 04       		.uleb128 0x4
 270 002a 16       		.uleb128 0x16
 271 002b 00       		.byte	0
 272 002c 03       		.uleb128 0x3
 273 002d 0E       		.uleb128 0xe
 274 002e 3A       		.uleb128 0x3a
 275 002f 0B       		.uleb128 0xb
 276 0030 3B       		.uleb128 0x3b
 277 0031 05       		.uleb128 0x5
 278 0032 49       		.uleb128 0x49
 279 0033 13       		.uleb128 0x13
 280 0034 00       		.byte	0
 281 0035 00       		.byte	0
 282 0036 05       		.uleb128 0x5
 283 0037 35       		.uleb128 0x35
 284 0038 00       		.byte	0
 285 0039 49       		.uleb128 0x49
 286 003a 13       		.uleb128 0x13
 287 003b 00       		.byte	0
 288 003c 00       		.byte	0
 289 003d 06       		.uleb128 0x6
 290 003e 13       		.uleb128 0x13
 291 003f 01       		.byte	0x1
 292 0040 0B       		.uleb128 0xb
 293 0041 0B       		.uleb128 0xb
 294 0042 3A       		.uleb128 0x3a
 295 0043 0B       		.uleb128 0xb
 296 0044 3B       		.uleb128 0x3b
 297 0045 0B       		.uleb128 0xb
 298 0046 01       		.uleb128 0x1
 299 0047 13       		.uleb128 0x13
 300 0048 00       		.byte	0
 301 0049 00       		.byte	0
 302 004a 07       		.uleb128 0x7
 303 004b 0D       		.uleb128 0xd
 304 004c 00       		.byte	0
 305 004d 03       		.uleb128 0x3
 306 004e 0E       		.uleb128 0xe
 307 004f 3A       		.uleb128 0x3a
 308 0050 0B       		.uleb128 0xb
 309 0051 3B       		.uleb128 0x3b
 310 0052 0B       		.uleb128 0xb
 311 0053 49       		.uleb128 0x49
 312 0054 13       		.uleb128 0x13
 313 0055 38       		.uleb128 0x38
 314 0056 0B       		.uleb128 0xb
 315 0057 00       		.byte	0
 316 0058 00       		.byte	0
 317 0059 08       		.uleb128 0x8
 318 005a 16       		.uleb128 0x16
 319 005b 00       		.byte	0
 320 005c 03       		.uleb128 0x3
 321 005d 0E       		.uleb128 0xe
 322 005e 3A       		.uleb128 0x3a
 323 005f 0B       		.uleb128 0xb
 324 0060 3B       		.uleb128 0x3b
 325 0061 0B       		.uleb128 0xb
ARM GAS  C:\Users\Jerry\AppData\Local\Temp\cc3NmqIC.s 			page 8


 326 0062 49       		.uleb128 0x49
 327 0063 13       		.uleb128 0x13
 328 0064 00       		.byte	0
 329 0065 00       		.byte	0
 330 0066 09       		.uleb128 0x9
 331 0067 2E       		.uleb128 0x2e
 332 0068 00       		.byte	0
 333 0069 3F       		.uleb128 0x3f
 334 006a 19       		.uleb128 0x19
 335 006b 03       		.uleb128 0x3
 336 006c 0E       		.uleb128 0xe
 337 006d 3A       		.uleb128 0x3a
 338 006e 0B       		.uleb128 0xb
 339 006f 3B       		.uleb128 0x3b
 340 0070 0B       		.uleb128 0xb
 341 0071 27       		.uleb128 0x27
 342 0072 19       		.uleb128 0x19
 343 0073 11       		.uleb128 0x11
 344 0074 01       		.uleb128 0x1
 345 0075 12       		.uleb128 0x12
 346 0076 06       		.uleb128 0x6
 347 0077 40       		.uleb128 0x40
 348 0078 18       		.uleb128 0x18
 349 0079 9742     		.uleb128 0x2117
 350 007b 19       		.uleb128 0x19
 351 007c 00       		.byte	0
 352 007d 00       		.byte	0
 353 007e 0A       		.uleb128 0xa
 354 007f 34       		.uleb128 0x34
 355 0080 00       		.byte	0
 356 0081 03       		.uleb128 0x3
 357 0082 0E       		.uleb128 0xe
 358 0083 3A       		.uleb128 0x3a
 359 0084 0B       		.uleb128 0xb
 360 0085 3B       		.uleb128 0x3b
 361 0086 0B       		.uleb128 0xb
 362 0087 49       		.uleb128 0x49
 363 0088 13       		.uleb128 0x13
 364 0089 02       		.uleb128 0x2
 365 008a 18       		.uleb128 0x18
 366 008b 00       		.byte	0
 367 008c 00       		.byte	0
 368 008d 00       		.byte	0
 369              		.section	.debug_aranges,"",%progbits
 370 0000 24000000 		.4byte	0x24
 371 0004 0200     		.2byte	0x2
 372 0006 00000000 		.4byte	.Ldebug_info0
 373 000a 04       		.byte	0x4
 374 000b 00       		.byte	0
 375 000c 0000     		.2byte	0
 376 000e 0000     		.2byte	0
 377 0010 00000000 		.4byte	.LFB0
 378 0014 28000000 		.4byte	.LFE0-.LFB0
 379 0018 00000000 		.4byte	.LFB1
 380 001c 1C000000 		.4byte	.LFE1-.LFB1
 381 0020 00000000 		.4byte	0
 382 0024 00000000 		.4byte	0
ARM GAS  C:\Users\Jerry\AppData\Local\Temp\cc3NmqIC.s 			page 9


 383              		.section	.debug_ranges,"",%progbits
 384              	.Ldebug_ranges0:
 385 0000 00000000 		.4byte	.LFB0
 386 0004 28000000 		.4byte	.LFE0
 387 0008 00000000 		.4byte	.LFB1
 388 000c 1C000000 		.4byte	.LFE1
 389 0010 00000000 		.4byte	0
 390 0014 00000000 		.4byte	0
 391              		.section	.debug_line,"",%progbits
 392              	.Ldebug_line0:
 393 0000 7D000000 		.section	.debug_str,"MS",%progbits,1
 393      02005000 
 393      00000201 
 393      FB0E0D00 
 393      01010101 
 394              	.LASF14:
 395 0000 72656733 		.ascii	"reg32\000"
 395      3200
 396              	.LASF16:
 397 0006 50567265 		.ascii	"PVref_Sleep\000"
 397      665F536C 
 397      65657000 
 398              	.LASF17:
 399 0012 50567265 		.ascii	"PVref_Wakeup\000"
 399      665F5761 
 399      6B657570 
 399      00
 400              	.LASF18:
 401 001f 474E5520 		.ascii	"GNU C 4.9.3 20150303 (release) [ARM/embedded-4_9-br"
 401      4320342E 
 401      392E3320 
 401      32303135 
 401      30333033 
 402 0052 616E6368 		.ascii	"anch revision 221220] -mcpu=cortex-m0plus -mthumb -"
 402      20726576 
 402      6973696F 
 402      6E203232 
 402      31323230 
 403 0085 67202D4F 		.ascii	"g -Os -ffunction-sections -ffat-lto-objects\000"
 403      73202D66 
 403      66756E63 
 403      74696F6E 
 403      2D736563 
 404              	.LASF15:
 405 00b1 50567265 		.ascii	"PVref_backup_struct\000"
 405      665F6261 
 405      636B7570 
 405      5F737472 
 405      75637400 
 406              	.LASF11:
 407 00c5 666C6F61 		.ascii	"float\000"
 407      7400
 408              	.LASF19:
 409 00cb 47656E65 		.ascii	"Generated_Source\\PSoC4\\PVref_PM.c\000"
 409      72617465 
 409      645F536F 
 409      75726365 
ARM GAS  C:\Users\Jerry\AppData\Local\Temp\cc3NmqIC.s 			page 10


 409      5C50536F 
 410              	.LASF1:
 411 00ed 756E7369 		.ascii	"unsigned char\000"
 411      676E6564 
 411      20636861 
 411      7200
 412              	.LASF5:
 413 00fb 6C6F6E67 		.ascii	"long unsigned int\000"
 413      20756E73 
 413      69676E65 
 413      6420696E 
 413      7400
 414              	.LASF3:
 415 010d 73686F72 		.ascii	"short unsigned int\000"
 415      7420756E 
 415      7369676E 
 415      65642069 
 415      6E7400
 416              	.LASF12:
 417 0120 646F7562 		.ascii	"double\000"
 417      6C6500
 418              	.LASF10:
 419 0127 75696E74 		.ascii	"uint32\000"
 419      333200
 420              	.LASF8:
 421 012e 756E7369 		.ascii	"unsigned int\000"
 421      676E6564 
 421      20696E74 
 421      00
 422              	.LASF7:
 423 013b 6C6F6E67 		.ascii	"long long unsigned int\000"
 423      206C6F6E 
 423      6720756E 
 423      7369676E 
 423      65642069 
 424              	.LASF6:
 425 0152 6C6F6E67 		.ascii	"long long int\000"
 425      206C6F6E 
 425      6720696E 
 425      7400
 426              	.LASF13:
 427 0160 63686172 		.ascii	"char\000"
 427      00
 428              	.LASF2:
 429 0165 73686F72 		.ascii	"short int\000"
 429      7420696E 
 429      7400
 430              	.LASF9:
 431 016f 75696E74 		.ascii	"uint8\000"
 431      3800
 432              	.LASF22:
 433 0175 50567265 		.ascii	"PVref_backup\000"
 433      665F6261 
 433      636B7570 
 433      00
 434              	.LASF4:
 435 0182 6C6F6E67 		.ascii	"long int\000"
ARM GAS  C:\Users\Jerry\AppData\Local\Temp\cc3NmqIC.s 			page 11


 435      20696E74 
 435      00
 436              	.LASF21:
 437 018b 656E6162 		.ascii	"enableState\000"
 437      6C655374 
 437      61746500 
 438              	.LASF0:
 439 0197 7369676E 		.ascii	"signed char\000"
 439      65642063 
 439      68617200 
 440              	.LASF20:
 441 01a3 433A5C63 		.ascii	"C:\\cypress\\TalkingClock\\Talking_Clock.cydsn\000"
 441      79707265 
 441      73735C54 
 441      616C6B69 
 441      6E67436C 
 442              		.ident	"GCC: (GNU Tools for ARM Embedded Processors) 4.9.3 20150303 (release) [ARM/embedded-4_9-br
