--------------- Rebuild Started: 02/20/2017 16:21:22 Project: Talking_Clock, Configuration: ARM GCC 4.9-2015-q1-update Release ---------------
cydsfit.exe -.appdatapath "C:\Users\Jerry\AppData\Local\Cypress Semiconductor\PSoC Creator\4.0" -.fdsnotice -.fdswarpdepfile=warp_dependencies.txt -.fdselabdepfile=elab_dependencies.txt -.fdsbldfile=generated_files.txt -.fdsreffile=referenced_files.txt -p C:\cypress\TalkingClock\Talking_Clock.cydsn\Talking_Clock.cyprj -d CY8C4A45LQI-483 -s C:\cypress\TalkingClock\Talking_Clock.cydsn\Generated_Source\PSoC4 -- -yv2 -q10 -ygs -o2 -v3 -.fftcfgtype=LE
ADD: fit.M0032: warning: Clock Warning: (LFCLK should be derived from WCO for the WDT timers to generate accurate RTC clock.).
 * C:\cypress\TalkingClock\Talking_Clock.cydsn\Talking_Clock.cydwr (RTC_Sel)
Elaborating Design...
ADD: sdb.M0061: information: Info from component: VDAC_Synth. The UAB_VDAC_v1_10 component (VDAC_Synth) is a prototype component. It has not been tested to production quality and care should be taken if used in a shipping product.
 * C:\cypress\TalkingClock\Talking_Clock.cydsn\TopDesign\TopDesign.cysch (Instance:VDAC_Synth)
ADD: pft.M0074: information: A (re)build is required to use the analog device editor. Unable to load the necessary information from the cyfit file. Partial/wrong data will be displayed until this has been resolved.
 * C:\cypress\TalkingClock\Talking_Clock.cydsn\Talking_Clock.cydwr ()
HDL Generation...
Synthesis...
Tech Mapping...
Analog Placement...
Analog Routing...
Analog Code Generation...
Digital Placement...
Digital Routing...
Info: pft.M0077: There is no timing information available for the selected device. Static timing checks will not be applied and digital routing will not be timing-driven. (App=cydsfit)
Bitstream Generation...
Bitstream Verification...
Static timing analysis...
API Generation...
DEL: pft.M0074: information: A (re)build is required to use the analog device editor. Unable to load the necessary information from the cyfit file. Partial/wrong data will be displayed until this has been resolved.
 * C:\cypress\TalkingClock\Talking_Clock.cydsn\Talking_Clock.cydwr ()
Dependency Generation...
Cleanup...
arm-none-eabi-gcc.exe -mcpu=cortex-m0plus -mthumb -I. -IGenerated_Source\PSoC4 -Wa,-alh=.\CortexM0p\ARM_GCC_493\Release/main.lst -g -D NDEBUG -Wall -ffunction-sections -Os -ffat-lto-objects -c main.c -o .\CortexM0p\ARM_GCC_493\Release\main.o
arm-none-eabi-gcc.exe -mcpu=cortex-m0plus -mthumb -I. -IGenerated_Source\PSoC4 -Wa,-alh=.\CortexM0p\ARM_GCC_493\Release/lpc_synth.lst -g -D NDEBUG -Wall -ffunction-sections -Os -ffat-lto-objects -c lpc_synth.c -o .\CortexM0p\ARM_GCC_493\Release\lpc_synth.o
arm-none-eabi-gcc.exe -mcpu=cortex-m0plus -mthumb -I. -IGenerated_Source\PSoC4 -Wa,-alh=.\CortexM0p\ARM_GCC_493\Release/iprintf.lst -g -D NDEBUG -Wall -ffunction-sections -Os -ffat-lto-objects -c iprintf.c -o .\CortexM0p\ARM_GCC_493\Release\iprintf.o
arm-none-eabi-gcc.exe -mcpu=cortex-m0plus -mthumb -I. -IGenerated_Source\PSoC4 -Wa,-alh=.\CortexM0p\ARM_GCC_493\Release/temperature.lst -g -D NDEBUG -Wall -ffunction-sections -Os -ffat-lto-objects -c temperature.c -o .\CortexM0p\ARM_GCC_493\Release\temperature.o
arm-none-eabi-gcc.exe -mcpu=cortex-m0plus -mthumb -I. -IGenerated_Source\PSoC4 -Wa,-alh=.\CortexM0p\ARM_GCC_493\Release/custom_synth.lst -g -D NDEBUG -Wall -ffunction-sections -Os -ffat-lto-objects -c custom_synth.c -o .\CortexM0p\ARM_GCC_493\Release\custom_synth.o
arm-none-eabi-gcc.exe -mcpu=cortex-m0plus -mthumb -I. -IGenerated_Source\PSoC4 -Wa,-alh=.\CortexM0p\ARM_GCC_493\Release/cyfitter_cfg.lst -g -D NDEBUG -Wall -ffunction-sections -Os -ffat-lto-objects -c Generated_Source\PSoC4\cyfitter_cfg.c -o .\CortexM0p\ARM_GCC_493\Release\cyfitter_cfg.o
arm-none-eabi-gcc.exe -mcpu=cortex-m0plus -mthumb -I. -IGenerated_Source\PSoC4 -Wa,-alh=.\CortexM0p\ARM_GCC_493\Release/cymetadata.lst -g -D NDEBUG -Wall -ffunction-sections -Os -ffat-lto-objects -c Generated_Source\PSoC4\cymetadata.c -o .\CortexM0p\ARM_GCC_493\Release\cymetadata.o
arm-none-eabi-gcc.exe -mcpu=cortex-m0plus -mthumb -I. -IGenerated_Source\PSoC4 -Wa,-alh=.\CortexM0p\ARM_GCC_493\Release/Cm0plusStart.lst -g -D NDEBUG -Wall -ffunction-sections -Os -ffat-lto-objects -c Generated_Source\PSoC4\Cm0plusStart.c -o .\CortexM0p\ARM_GCC_493\Release\Cm0plusStart.o
arm-none-eabi-gcc.exe -mcpu=cortex-m0plus -mthumb -I. -IGenerated_Source\PSoC4 -Wa,-alh=.\CortexM0p\ARM_GCC_493\Release/CyFlash.lst -g -D NDEBUG -Wall -ffunction-sections -Os -ffat-lto-objects -c Generated_Source\PSoC4\CyFlash.c -o .\CortexM0p\ARM_GCC_493\Release\CyFlash.o
arm-none-eabi-gcc.exe -mcpu=cortex-m0plus -mthumb -I. -IGenerated_Source\PSoC4 -Wa,-alh=.\CortexM0p\ARM_GCC_493\Release/CyLib.lst -g -D NDEBUG -Wall -ffunction-sections -Os -ffat-lto-objects -c Generated_Source\PSoC4\CyLib.c -o .\CortexM0p\ARM_GCC_493\Release\CyLib.o
arm-none-eabi-gcc.exe -mcpu=cortex-m0plus -mthumb -I. -IGenerated_Source\PSoC4 -Wa,-alh=.\CortexM0p\ARM_GCC_493\Release/cyPm.lst -g -D NDEBUG -Wall -ffunction-sections -Os -ffat-lto-objects -c Generated_Source\PSoC4\cyPm.c -o .\CortexM0p\ARM_GCC_493\Release\cyPm.o
arm-none-eabi-gcc.exe -mcpu=cortex-m0plus -mthumb -I. -IGenerated_Source\PSoC4 -Wa,-alh=.\CortexM0p\ARM_GCC_493\Release/cyutils.lst -g -D NDEBUG -Wall -ffunction-sections -Os -ffat-lto-objects -c Generated_Source\PSoC4\cyutils.c -o .\CortexM0p\ARM_GCC_493\Release\cyutils.o
arm-none-eabi-gcc.exe -mcpu=cortex-m0plus -mthumb -I. -IGenerated_Source\PSoC4 -Wa,-alh=.\CortexM0p\ARM_GCC_493\Release/CyDMA.lst -g -D NDEBUG -Wall -ffunction-sections -Os -ffat-lto-objects -c Generated_Source\PSoC4\CyDMA.c -o .\CortexM0p\ARM_GCC_493\Release\CyDMA.o
arm-none-eabi-gcc.exe -mcpu=cortex-m0plus -mthumb -I. -IGenerated_Source\PSoC4 -Wa,-alh=.\CortexM0p\ARM_GCC_493\Release/CyLFClk.lst -g -D NDEBUG -Wall -ffunction-sections -Os -ffat-lto-objects -c Generated_Source\PSoC4\CyLFClk.c -o .\CortexM0p\ARM_GCC_493\Release\CyLFClk.o
arm-none-eabi-gcc.exe -mcpu=cortex-m0plus -mthumb -I. -IGenerated_Source\PSoC4 -Wa,-alh=.\CortexM0p\ARM_GCC_493\Release/UART.lst -g -D NDEBUG -Wall -ffunction-sections -Os -ffat-lto-objects -c Generated_Source\PSoC4\UART.c -o .\CortexM0p\ARM_GCC_493\Release\UART.o
arm-none-eabi-gcc.exe -mcpu=cortex-m0plus -mthumb -I. -IGenerated_Source\PSoC4 -Wa,-alh=.\CortexM0p\ARM_GCC_493\Release/UART_SPI_UART.lst -g -D NDEBUG -Wall -ffunction-sections -Os -ffat-lto-objects -c Generated_Source\PSoC4\UART_SPI_UART.c -o .\CortexM0p\ARM_GCC_493\Release\UART_SPI_UART.o
arm-none-eabi-gcc.exe -mcpu=cortex-m0plus -mthumb -I. -IGenerated_Source\PSoC4 -Wa,-alh=.\CortexM0p\ARM_GCC_493\Release/UART_SPI_UART_INT.lst -g -D NDEBUG -Wall -ffunction-sections -Os -ffat-lto-objects -c Generated_Source\PSoC4\UART_SPI_UART_INT.c -o .\CortexM0p\ARM_GCC_493\Release\UART_SPI_UART_INT.o
arm-none-eabi-gcc.exe -mcpu=cortex-m0plus -mthumb -I. -IGenerated_Source\PSoC4 -Wa,-alh=.\CortexM0p\ARM_GCC_493\Release/UART_PM.lst -g -D NDEBUG -Wall -ffunction-sections -Os -ffat-lto-objects -c Generated_Source\PSoC4\UART_PM.c -o .\CortexM0p\ARM_GCC_493\Release\UART_PM.o
arm-none-eabi-gcc.exe -mcpu=cortex-m0plus -mthumb -I. -IGenerated_Source\PSoC4 -Wa,-alh=.\CortexM0p\ARM_GCC_493\Release/UART_UART.lst -g -D NDEBUG -Wall -ffunction-sections -Os -ffat-lto-objects -c Generated_Source\PSoC4\UART_UART.c -o .\CortexM0p\ARM_GCC_493\Release\UART_UART.o
arm-none-eabi-gcc.exe -mcpu=cortex-m0plus -mthumb -I. -IGenerated_Source\PSoC4 -Wa,-alh=.\CortexM0p\ARM_GCC_493\Release/UART_BOOT.lst -g -D NDEBUG -Wall -ffunction-sections -Os -ffat-lto-objects -c Generated_Source\PSoC4\UART_BOOT.c -o .\CortexM0p\ARM_GCC_493\Release\UART_BOOT.o
arm-none-eabi-gcc.exe -mcpu=cortex-m0plus -mthumb -I. -IGenerated_Source\PSoC4 -Wa,-alh=.\CortexM0p\ARM_GCC_493\Release/UART_UART_BOOT.lst -g -D NDEBUG -Wall -ffunction-sections -Os -ffat-lto-objects -c Generated_Source\PSoC4\UART_UART_BOOT.c -o .\CortexM0p\ARM_GCC_493\Release\UART_UART_BOOT.o
arm-none-eabi-gcc.exe -mcpu=cortex-m0plus -mthumb -I. -IGenerated_Source\PSoC4 -Wa,-alh=.\CortexM0p\ARM_GCC_493\Release/UART_SCBCLK.lst -g -D NDEBUG -Wall -ffunction-sections -Os -ffat-lto-objects -c Generated_Source\PSoC4\UART_SCBCLK.c -o .\CortexM0p\ARM_GCC_493\Release\UART_SCBCLK.o
arm-none-eabi-gcc.exe -mcpu=cortex-m0plus -mthumb -I. -IGenerated_Source\PSoC4 -Wa,-alh=.\CortexM0p\ARM_GCC_493\Release/UART_tx.lst -g -D NDEBUG -Wall -ffunction-sections -Os -ffat-lto-objects -c Generated_Source\PSoC4\UART_tx.c -o .\CortexM0p\ARM_GCC_493\Release\UART_tx.o
arm-none-eabi-gcc.exe -mcpu=cortex-m0plus -mthumb -I. -IGenerated_Source\PSoC4 -Wa,-alh=.\CortexM0p\ARM_GCC_493\Release/UART_tx_PM.lst -g -D NDEBUG -Wall -ffunction-sections -Os -ffat-lto-objects -c Generated_Source\PSoC4\UART_tx_PM.c -o .\CortexM0p\ARM_GCC_493\Release\UART_tx_PM.o
arm-none-eabi-gcc.exe -mcpu=cortex-m0plus -mthumb -I. -IGenerated_Source\PSoC4 -Wa,-alh=.\CortexM0p\ARM_GCC_493\Release/UART_rx.lst -g -D NDEBUG -Wall -ffunction-sections -Os -ffat-lto-objects -c Generated_Source\PSoC4\UART_rx.c -o .\CortexM0p\ARM_GCC_493\Release\UART_rx.o
arm-none-eabi-gcc.exe -mcpu=cortex-m0plus -mthumb -I. -IGenerated_Source\PSoC4 -Wa,-alh=.\CortexM0p\ARM_GCC_493\Release/UART_rx_PM.lst -g -D NDEBUG -Wall -ffunction-sections -Os -ffat-lto-objects -c Generated_Source\PSoC4\UART_rx_PM.c -o .\CortexM0p\ARM_GCC_493\Release\UART_rx_PM.o
arm-none-eabi-gcc.exe -mcpu=cortex-m0plus -mthumb -I. -IGenerated_Source\PSoC4 -Wa,-alh=.\CortexM0p\ARM_GCC_493\Release/DMA_Synth.lst -g -D NDEBUG -Wall -ffunction-sections -Os -ffat-lto-objects -c Generated_Source\PSoC4\DMA_Synth.c -o .\CortexM0p\ARM_GCC_493\Release\DMA_Synth.o
arm-none-eabi-gcc.exe -mcpu=cortex-m0plus -mthumb -I. -IGenerated_Source\PSoC4 -Wa,-alh=.\CortexM0p\ARM_GCC_493\Release/Timer_Synth.lst -g -D NDEBUG -Wall -ffunction-sections -Os -ffat-lto-objects -c Generated_Source\PSoC4\Timer_Synth.c -o .\CortexM0p\ARM_GCC_493\Release\Timer_Synth.o
arm-none-eabi-gcc.exe -mcpu=cortex-m0plus -mthumb -I. -IGenerated_Source\PSoC4 -Wa,-alh=.\CortexM0p\ARM_GCC_493\Release/Timer_Synth_PM.lst -g -D NDEBUG -Wall -ffunction-sections -Os -ffat-lto-objects -c Generated_Source\PSoC4\Timer_Synth_PM.c -o .\CortexM0p\ARM_GCC_493\Release\Timer_Synth_PM.o
arm-none-eabi-gcc.exe -mcpu=cortex-m0plus -mthumb -I. -IGenerated_Source\PSoC4 -Wa,-alh=.\CortexM0p\ARM_GCC_493\Release/Clock_Synth.lst -g -D NDEBUG -Wall -ffunction-sections -Os -ffat-lto-objects -c Generated_Source\PSoC4\Clock_Synth.c -o .\CortexM0p\ARM_GCC_493\Release\Clock_Synth.o
arm-none-eabi-gcc.exe -mcpu=cortex-m0plus -mthumb -I. -IGenerated_Source\PSoC4 -Wa,-alh=.\CortexM0p\ARM_GCC_493\Release/VDAC_Synth.lst -g -D NDEBUG -Wall -ffunction-sections -Os -ffat-lto-objects -c Generated_Source\PSoC4\VDAC_Synth.c -o .\CortexM0p\ARM_GCC_493\Release\VDAC_Synth.o
arm-none-eabi-gcc.exe -mcpu=cortex-m0plus -mthumb -I. -IGenerated_Source\PSoC4 -Wa,-alh=.\CortexM0p\ARM_GCC_493\Release/VDAC_Synth_PM.lst -g -D NDEBUG -Wall -ffunction-sections -Os -ffat-lto-objects -c Generated_Source\PSoC4\VDAC_Synth_PM.c -o .\CortexM0p\ARM_GCC_493\Release\VDAC_Synth_PM.o
arm-none-eabi-gcc.exe -mcpu=cortex-m0plus -mthumb -I. -IGenerated_Source\PSoC4 -Wa,-alh=.\CortexM0p\ARM_GCC_493\Release/Pin_Synth_Out.lst -g -D NDEBUG -Wall -ffunction-sections -Os -ffat-lto-objects -c Generated_Source\PSoC4\Pin_Synth_Out.c -o .\CortexM0p\ARM_GCC_493\Release\Pin_Synth_Out.o
arm-none-eabi-gcc.exe -mcpu=cortex-m0plus -mthumb -I. -IGenerated_Source\PSoC4 -Wa,-alh=.\CortexM0p\ARM_GCC_493\Release/Pin_Synth_Out_PM.lst -g -D NDEBUG -Wall -ffunction-sections -Os -ffat-lto-objects -c Generated_Source\PSoC4\Pin_Synth_Out_PM.c -o .\CortexM0p\ARM_GCC_493\Release\Pin_Synth_Out_PM.o
arm-none-eabi-gcc.exe -mcpu=cortex-m0plus -mthumb -I. -IGenerated_Source\PSoC4 -Wa,-alh=.\CortexM0p\ARM_GCC_493\Release/VDAC_Synth_internalClock.lst -g -D NDEBUG -Wall -ffunction-sections -Os -ffat-lto-objects -c Generated_Source\PSoC4\VDAC_Synth_internalClock.c -o .\CortexM0p\ARM_GCC_493\Release\VDAC_Synth_internalClock.o
arm-none-eabi-gcc.exe -mcpu=cortex-m0plus -mthumb -I. -IGenerated_Source\PSoC4 -Wa,-alh=.\CortexM0p\ARM_GCC_493\Release/VDAC_Synth_UAB.lst -g -D NDEBUG -Wall -ffunction-sections -Os -ffat-lto-objects -c Generated_Source\PSoC4\VDAC_Synth_UAB.c -o .\CortexM0p\ARM_GCC_493\Release\VDAC_Synth_UAB.o
arm-none-eabi-gcc.exe -mcpu=cortex-m0plus -mthumb -I. -IGenerated_Source\PSoC4 -Wa,-alh=.\CortexM0p\ARM_GCC_493\Release/VDAC_Synth_UAB_CyUAB.lst -g -D NDEBUG -Wall -ffunction-sections -Os -ffat-lto-objects -c Generated_Source\PSoC4\VDAC_Synth_UAB_CyUAB.c -o .\CortexM0p\ARM_GCC_493\Release\VDAC_Synth_UAB_CyUAB.o
arm-none-eabi-gcc.exe -mcpu=cortex-m0plus -mthumb -I. -IGenerated_Source\PSoC4 -Wa,-alh=.\CortexM0p\ARM_GCC_493\Release/VDAC_Synth_OUTBUFFER.lst -g -D NDEBUG -Wall -ffunction-sections -Os -ffat-lto-objects -c Generated_Source\PSoC4\VDAC_Synth_OUTBUFFER.c -o .\CortexM0p\ARM_GCC_493\Release\VDAC_Synth_OUTBUFFER.o
arm-none-eabi-gcc.exe -mcpu=cortex-m0plus -mthumb -I. -IGenerated_Source\PSoC4 -Wa,-alh=.\CortexM0p\ARM_GCC_493\Release/VDAC_Synth_OUTBUFFER_PM.lst -g -D NDEBUG -Wall -ffunction-sections -Os -ffat-lto-objects -c Generated_Source\PSoC4\VDAC_Synth_OUTBUFFER_PM.c -o .\CortexM0p\ARM_GCC_493\Release\VDAC_Synth_OUTBUFFER_PM.o
arm-none-eabi-gcc.exe -mcpu=cortex-m0plus -mthumb -I. -IGenerated_Source\PSoC4 -Wa,-alh=.\CortexM0p\ARM_GCC_493\Release/isr_Synth.lst -g -D NDEBUG -Wall -ffunction-sections -Os -ffat-lto-objects -c Generated_Source\PSoC4\isr_Synth.c -o .\CortexM0p\ARM_GCC_493\Release\isr_Synth.o
arm-none-eabi-gcc.exe -mcpu=cortex-m0plus -mthumb -I. -IGenerated_Source\PSoC4 -Wa,-alh=.\CortexM0p\ARM_GCC_493\Release/RTC.lst -g -D NDEBUG -Wall -ffunction-sections -Os -ffat-lto-objects -c Generated_Source\PSoC4\RTC.c -o .\CortexM0p\ARM_GCC_493\Release\RTC.o
arm-none-eabi-gcc.exe -mcpu=cortex-m0plus -mthumb -I. -IGenerated_Source\PSoC4 -Wa,-alh=.\CortexM0p\ARM_GCC_493\Release/UART_SCB_IRQ.lst -g -D NDEBUG -Wall -ffunction-sections -Os -ffat-lto-objects -c Generated_Source\PSoC4\UART_SCB_IRQ.c -o .\CortexM0p\ARM_GCC_493\Release\UART_SCB_IRQ.o
arm-none-eabi-gcc.exe -mcpu=cortex-m0plus -mthumb -I. -IGenerated_Source\PSoC4 -Wa,-alh=.\CortexM0p\ARM_GCC_493\Release/CapSense_Control.lst -g -D NDEBUG -Wall -ffunction-sections -Os -ffat-lto-objects -c Generated_Source\PSoC4\CapSense_Control.c -o .\CortexM0p\ARM_GCC_493\Release\CapSense_Control.o
arm-none-eabi-gcc.exe -mcpu=cortex-m0plus -mthumb -I. -IGenerated_Source\PSoC4 -Wa,-alh=.\CortexM0p\ARM_GCC_493\Release/CapSense_Processing.lst -g -D NDEBUG -Wall -ffunction-sections -Os -ffat-lto-objects -c Generated_Source\PSoC4\CapSense_Processing.c -o .\CortexM0p\ARM_GCC_493\Release\CapSense_Processing.o
arm-none-eabi-gcc.exe -mcpu=cortex-m0plus -mthumb -I. -IGenerated_Source\PSoC4 -Wa,-alh=.\CortexM0p\ARM_GCC_493\Release/CapSense_Structure.lst -g -D NDEBUG -Wall -ffunction-sections -Os -ffat-lto-objects -c Generated_Source\PSoC4\CapSense_Structure.c -o .\CortexM0p\ARM_GCC_493\Release\CapSense_Structure.o
arm-none-eabi-gcc.exe -mcpu=cortex-m0plus -mthumb -I. -IGenerated_Source\PSoC4 -Wa,-alh=.\CortexM0p\ARM_GCC_493\Release/CapSense_Tuner.lst -g -D NDEBUG -Wall -ffunction-sections -Os -ffat-lto-objects -c Generated_Source\PSoC4\CapSense_Tuner.c -o .\CortexM0p\ARM_GCC_493\Release\CapSense_Tuner.o
arm-none-eabi-gcc.exe -mcpu=cortex-m0plus -mthumb -I. -IGenerated_Source\PSoC4 -Wa,-alh=.\CortexM0p\ARM_GCC_493\Release/CapSense_Filter.lst -g -D NDEBUG -Wall -ffunction-sections -Os -ffat-lto-objects -c Generated_Source\PSoC4\CapSense_Filter.c -o .\CortexM0p\ARM_GCC_493\Release\CapSense_Filter.o
arm-none-eabi-gcc.exe -mcpu=cortex-m0plus -mthumb -I. -IGenerated_Source\PSoC4 -Wa,-alh=.\CortexM0p\ARM_GCC_493\Release/CapSense_Sensing.lst -g -D NDEBUG -Wall -ffunction-sections -Os -ffat-lto-objects -c Generated_Source\PSoC4\CapSense_Sensing.c -o .\CortexM0p\ARM_GCC_493\Release\CapSense_Sensing.o
arm-none-eabi-gcc.exe -mcpu=cortex-m0plus -mthumb -I. -IGenerated_Source\PSoC4 -Wa,-alh=.\CortexM0p\ARM_GCC_493\Release/CapSense_INT.lst -g -D NDEBUG -Wall -ffunction-sections -Os -ffat-lto-objects -c Generated_Source\PSoC4\CapSense_INT.c -o .\CortexM0p\ARM_GCC_493\Release\CapSense_INT.o
arm-none-eabi-gcc.exe -mcpu=cortex-m0plus -mthumb -I. -IGenerated_Source\PSoC4 -Wa,-alh=.\CortexM0p\ARM_GCC_493\Release/CapSense_SensingCSD_LL.lst -g -D NDEBUG -Wall -ffunction-sections -Os -ffat-lto-objects -c Generated_Source\PSoC4\CapSense_SensingCSD_LL.c -o .\CortexM0p\ARM_GCC_493\Release\CapSense_SensingCSD_LL.o
arm-none-eabi-gcc.exe -mcpu=cortex-m0plus -mthumb -I. -IGenerated_Source\PSoC4 -Wa,-alh=.\CortexM0p\ARM_GCC_493\Release/CapSense_ISR.lst -g -D NDEBUG -Wall -ffunction-sections -Os -ffat-lto-objects -c Generated_Source\PSoC4\CapSense_ISR.c -o .\CortexM0p\ARM_GCC_493\Release\CapSense_ISR.o
arm-none-eabi-gcc.exe -mcpu=cortex-m0plus -mthumb -I. -IGenerated_Source\PSoC4 -Wa,-alh=.\CortexM0p\ARM_GCC_493\Release/Thermistor.lst -g -D NDEBUG -Wall -ffunction-sections -Os -ffat-lto-objects -c Generated_Source\PSoC4\Thermistor.c -o .\CortexM0p\ARM_GCC_493\Release\Thermistor.o
arm-none-eabi-gcc.exe -mcpu=cortex-m0plus -mthumb -I. -IGenerated_Source\PSoC4 -Wa,-alh=.\CortexM0p\ARM_GCC_493\Release/Pin_Vlow.lst -g -D NDEBUG -Wall -ffunction-sections -Os -ffat-lto-objects -c Generated_Source\PSoC4\Pin_Vlow.c -o .\CortexM0p\ARM_GCC_493\Release\Pin_Vlow.o
arm-none-eabi-gcc.exe -mcpu=cortex-m0plus -mthumb -I. -IGenerated_Source\PSoC4 -Wa,-alh=.\CortexM0p\ARM_GCC_493\Release/Pin_Vlow_PM.lst -g -D NDEBUG -Wall -ffunction-sections -Os -ffat-lto-objects -c Generated_Source\PSoC4\Pin_Vlow_PM.c -o .\CortexM0p\ARM_GCC_493\Release\Pin_Vlow_PM.o
arm-none-eabi-gcc.exe -mcpu=cortex-m0plus -mthumb -I. -IGenerated_Source\PSoC4 -Wa,-alh=.\CortexM0p\ARM_GCC_493\Release/Pin_Vtherm.lst -g -D NDEBUG -Wall -ffunction-sections -Os -ffat-lto-objects -c Generated_Source\PSoC4\Pin_Vtherm.c -o .\CortexM0p\ARM_GCC_493\Release\Pin_Vtherm.o
arm-none-eabi-gcc.exe -mcpu=cortex-m0plus -mthumb -I. -IGenerated_Source\PSoC4 -Wa,-alh=.\CortexM0p\ARM_GCC_493\Release/Pin_Vtherm_PM.lst -g -D NDEBUG -Wall -ffunction-sections -Os -ffat-lto-objects -c Generated_Source\PSoC4\Pin_Vtherm_PM.c -o .\CortexM0p\ARM_GCC_493\Release\Pin_Vtherm_PM.o
arm-none-eabi-gcc.exe -mcpu=cortex-m0plus -mthumb -I. -IGenerated_Source\PSoC4 -Wa,-alh=.\CortexM0p\ARM_GCC_493\Release/Pin_Vhi.lst -g -D NDEBUG -Wall -ffunction-sections -Os -ffat-lto-objects -c Generated_Source\PSoC4\Pin_Vhi.c -o .\CortexM0p\ARM_GCC_493\Release\Pin_Vhi.o
arm-none-eabi-gcc.exe -mcpu=cortex-m0plus -mthumb -I. -IGenerated_Source\PSoC4 -Wa,-alh=.\CortexM0p\ARM_GCC_493\Release/Pin_Vhi_PM.lst -g -D NDEBUG -Wall -ffunction-sections -Os -ffat-lto-objects -c Generated_Source\PSoC4\Pin_Vhi_PM.c -o .\CortexM0p\ARM_GCC_493\Release\Pin_Vhi_PM.o
arm-none-eabi-gcc.exe -mcpu=cortex-m0plus -mthumb -I. -IGenerated_Source\PSoC4 -Wa,-alh=.\CortexM0p\ARM_GCC_493\Release/PVref.lst -g -D NDEBUG -Wall -ffunction-sections -Os -ffat-lto-objects -c Generated_Source\PSoC4\PVref.c -o .\CortexM0p\ARM_GCC_493\Release\PVref.o
arm-none-eabi-gcc.exe -mcpu=cortex-m0plus -mthumb -I. -IGenerated_Source\PSoC4 -Wa,-alh=.\CortexM0p\ARM_GCC_493\Release/PVref_PM.lst -g -D NDEBUG -Wall -ffunction-sections -Os -ffat-lto-objects -c Generated_Source\PSoC4\PVref_PM.c -o .\CortexM0p\ARM_GCC_493\Release\PVref_PM.o
arm-none-eabi-gcc.exe -mcpu=cortex-m0plus -mthumb -I. -IGenerated_Source\PSoC4 -Wa,-alh=.\CortexM0p\ARM_GCC_493\Release/VrefBuffer.lst -g -D NDEBUG -Wall -ffunction-sections -Os -ffat-lto-objects -c Generated_Source\PSoC4\VrefBuffer.c -o .\CortexM0p\ARM_GCC_493\Release\VrefBuffer.o
arm-none-eabi-gcc.exe -mcpu=cortex-m0plus -mthumb -I. -IGenerated_Source\PSoC4 -Wa,-alh=.\CortexM0p\ARM_GCC_493\Release/VrefBuffer_PM.lst -g -D NDEBUG -Wall -ffunction-sections -Os -ffat-lto-objects -c Generated_Source\PSoC4\VrefBuffer_PM.c -o .\CortexM0p\ARM_GCC_493\Release\VrefBuffer_PM.o
arm-none-eabi-gcc.exe -mcpu=cortex-m0plus -mthumb -I. -IGenerated_Source\PSoC4 -Wa,-alh=.\CortexM0p\ARM_GCC_493\Release/Pin_Vref.lst -g -D NDEBUG -Wall -ffunction-sections -Os -ffat-lto-objects -c Generated_Source\PSoC4\Pin_Vref.c -o .\CortexM0p\ARM_GCC_493\Release\Pin_Vref.o
arm-none-eabi-gcc.exe -mcpu=cortex-m0plus -mthumb -I. -IGenerated_Source\PSoC4 -Wa,-alh=.\CortexM0p\ARM_GCC_493\Release/Pin_Vref_PM.lst -g -D NDEBUG -Wall -ffunction-sections -Os -ffat-lto-objects -c Generated_Source\PSoC4\Pin_Vref_PM.c -o .\CortexM0p\ARM_GCC_493\Release\Pin_Vref_PM.o
arm-none-eabi-gcc.exe -mcpu=cortex-m0plus -mthumb -I. -IGenerated_Source\PSoC4 -Wa,-alh=.\CortexM0p\ARM_GCC_493\Release/ADC.lst -g -D NDEBUG -Wall -ffunction-sections -Os -ffat-lto-objects -c Generated_Source\PSoC4\ADC.c -o .\CortexM0p\ARM_GCC_493\Release\ADC.o
arm-none-eabi-gcc.exe -mcpu=cortex-m0plus -mthumb -I. -IGenerated_Source\PSoC4 -Wa,-alh=.\CortexM0p\ARM_GCC_493\Release/ADC_PM.lst -g -D NDEBUG -Wall -ffunction-sections -Os -ffat-lto-objects -c Generated_Source\PSoC4\ADC_PM.c -o .\CortexM0p\ARM_GCC_493\Release\ADC_PM.o
arm-none-eabi-gcc.exe -mcpu=cortex-m0plus -mthumb -I. -IGenerated_Source\PSoC4 -Wa,-alh=.\CortexM0p\ARM_GCC_493\Release/ADC_INIT.lst -g -D NDEBUG -Wall -ffunction-sections -Os -ffat-lto-objects -c Generated_Source\PSoC4\ADC_INIT.c -o .\CortexM0p\ARM_GCC_493\Release\ADC_INIT.o
arm-none-eabi-gcc.exe -mcpu=cortex-m0plus -mthumb -I. -IGenerated_Source\PSoC4 -Wa,-alh=.\CortexM0p\ARM_GCC_493\Release/ADC_INT.lst -g -D NDEBUG -Wall -ffunction-sections -Os -ffat-lto-objects -c Generated_Source\PSoC4\ADC_INT.c -o .\CortexM0p\ARM_GCC_493\Release\ADC_INT.o
arm-none-eabi-gcc.exe -mcpu=cortex-m0plus -mthumb -I. -IGenerated_Source\PSoC4 -Wa,-alh=.\CortexM0p\ARM_GCC_493\Release/ADC_intSarClock.lst -g -D NDEBUG -Wall -ffunction-sections -Os -ffat-lto-objects -c Generated_Source\PSoC4\ADC_intSarClock.c -o .\CortexM0p\ARM_GCC_493\Release\ADC_intSarClock.o
arm-none-eabi-gcc.exe -mcpu=cortex-m0plus -mthumb -I. -IGenerated_Source\PSoC4 -Wa,-alh=.\CortexM0p\ARM_GCC_493\Release/ADC_IRQ.lst -g -D NDEBUG -Wall -ffunction-sections -Os -ffat-lto-objects -c Generated_Source\PSoC4\ADC_IRQ.c -o .\CortexM0p\ARM_GCC_493\Release\ADC_IRQ.o
arm-none-eabi-gcc.exe -mcpu=cortex-m0plus -mthumb -I. -IGenerated_Source\PSoC4 -Wa,-alh=.\CortexM0p\ARM_GCC_493\Release/ADC_intUabClock.lst -g -D NDEBUG -Wall -ffunction-sections -Os -ffat-lto-objects -c Generated_Source\PSoC4\ADC_intUabClock.c -o .\CortexM0p\ARM_GCC_493\Release\ADC_intUabClock.o
arm-none-eabi-as.exe -mcpu=cortex-m0plus -mthumb -I. -IGenerated_Source\PSoC4 -alh=.\CortexM0p\ARM_GCC_493\Release/CyBootAsmGnu.lst -g -W -o .\CortexM0p\ARM_GCC_493\Release\CyBootAsmGnu.o Generated_Source\PSoC4\CyBootAsmGnu.s
arm-none-eabi-ar.exe -rs .\CortexM0p\ARM_GCC_493\Release\Talking_Clock.a .\CortexM0p\ARM_GCC_493\Release\cyfitter_cfg.o .\CortexM0p\ARM_GCC_493\Release\CyFlash.o .\CortexM0p\ARM_GCC_493\Release\CyLib.o .\CortexM0p\ARM_GCC_493\Release\cyPm.o .\CortexM0p\ARM_GCC_493\Release\cyutils.o .\CortexM0p\ARM_GCC_493\Release\CyDMA.o .\CortexM0p\ARM_GCC_493\Release\CyLFClk.o .\CortexM0p\ARM_GCC_493\Release\UART.o .\CortexM0p\ARM_GCC_493\Release\UART_SPI_UART.o .\CortexM0p\ARM_GCC_493\Release\UART_SPI_UART_INT.o .\CortexM0p\ARM_GCC_493\Release\UART_PM.o .\CortexM0p\ARM_GCC_493\Release\UART_UART.o .\CortexM0p\ARM_GCC_493\Release\UART_BOOT.o .\CortexM0p\ARM_GCC_493\Release\UART_UART_BOOT.o .\CortexM0p\ARM_GCC_493\Release\UART_SCBCLK.o .\CortexM0p\ARM_GCC_493\Release\UART_tx.o .\CortexM0p\ARM_GCC_493\Release\UART_tx_PM.o .\CortexM0p\ARM_GCC_493\Release\UART_rx.o .\CortexM0p\ARM_GCC_493\Release\UART_rx_PM.o .\CortexM0p\ARM_GCC_493\Release\DMA_Synth.o .\CortexM0p\ARM_GCC_493\Release\Timer_Synth.o .\CortexM0p\ARM_GCC_493\Release\Timer_Synth_PM.o .\CortexM0p\ARM_GCC_493\Release\Clock_Synth.o .\CortexM0p\ARM_GCC_493\Release\VDAC_Synth.o .\CortexM0p\ARM_GCC_493\Release\VDAC_Synth_PM.o .\CortexM0p\ARM_GCC_493\Release\Pin_Synth_Out.o .\CortexM0p\ARM_GCC_493\Release\Pin_Synth_Out_PM.o .\CortexM0p\ARM_GCC_493\Release\VDAC_Synth_internalClock.o .\CortexM0p\ARM_GCC_493\Release\VDAC_Synth_UAB.o .\CortexM0p\ARM_GCC_493\Release\VDAC_Synth_UAB_CyUAB.o .\CortexM0p\ARM_GCC_493\Release\VDAC_Synth_OUTBUFFER.o .\CortexM0p\ARM_GCC_493\Release\VDAC_Synth_OUTBUFFER_PM.o .\CortexM0p\ARM_GCC_493\Release\isr_Synth.o .\CortexM0p\ARM_GCC_493\Release\RTC.o .\CortexM0p\ARM_GCC_493\Release\UART_SCB_IRQ.o .\CortexM0p\ARM_GCC_493\Release\CapSense_Control.o .\CortexM0p\ARM_GCC_493\Release\CapSense_Processing.o .\CortexM0p\ARM_GCC_493\Release\CapSense_Structure.o .\CortexM0p\ARM_GCC_493\Release\CapSense_Tuner.o .\CortexM0p\ARM_GCC_493\Release\CapSense_Filter.o .\CortexM0p\ARM_GCC_493\Release\CapSense_Sensing.o .\CortexM0p\ARM_GCC_493\Release\CapSense_INT.o .\CortexM0p\ARM_GCC_493\Release\CapSense_SensingCSD_LL.o .\CortexM0p\ARM_GCC_493\Release\CapSense_ISR.o .\CortexM0p\ARM_GCC_493\Release\Thermistor.o .\CortexM0p\ARM_GCC_493\Release\Pin_Vlow.o .\CortexM0p\ARM_GCC_493\Release\Pin_Vlow_PM.o .\CortexM0p\ARM_GCC_493\Release\Pin_Vtherm.o .\CortexM0p\ARM_GCC_493\Release\Pin_Vtherm_PM.o .\CortexM0p\ARM_GCC_493\Release\Pin_Vhi.o .\CortexM0p\ARM_GCC_493\Release\Pin_Vhi_PM.o .\CortexM0p\ARM_GCC_493\Release\PVref.o .\CortexM0p\ARM_GCC_493\Release\PVref_PM.o .\CortexM0p\ARM_GCC_493\Release\VrefBuffer.o .\CortexM0p\ARM_GCC_493\Release\VrefBuffer_PM.o .\CortexM0p\ARM_GCC_493\Release\Pin_Vref.o .\CortexM0p\ARM_GCC_493\Release\Pin_Vref_PM.o .\CortexM0p\ARM_GCC_493\Release\ADC.o .\CortexM0p\ARM_GCC_493\Release\ADC_PM.o .\CortexM0p\ARM_GCC_493\Release\ADC_INIT.o .\CortexM0p\ARM_GCC_493\Release\ADC_INT.o .\CortexM0p\ARM_GCC_493\Release\ADC_intSarClock.o .\CortexM0p\ARM_GCC_493\Release\ADC_IRQ.o .\CortexM0p\ARM_GCC_493\Release\ADC_intUabClock.o .\CortexM0p\ARM_GCC_493\Release\CyBootAsmGnu.o
arm-none-eabi-ar.exe: creating .\CortexM0p\ARM_GCC_493\Release\Talking_Clock.a
arm-none-eabi-gcc.exe -Wl,--start-group -o .\CortexM0p\ARM_GCC_493\Release\Talking_Clock.elf .\CortexM0p\ARM_GCC_493\Release\main.o .\CortexM0p\ARM_GCC_493\Release\lpc_synth.o .\CortexM0p\ARM_GCC_493\Release\iprintf.o .\CortexM0p\ARM_GCC_493\Release\temperature.o .\CortexM0p\ARM_GCC_493\Release\custom_synth.o .\CortexM0p\ARM_GCC_493\Release\cymetadata.o .\CortexM0p\ARM_GCC_493\Release\Cm0plusStart.o .\CortexM0p\ARM_GCC_493\Release\Talking_Clock.a "C:\Program Files (x86)\Cypress\PSoC Creator\4.0\PSoC Creator\psoc\content\cycomponentlibrary\CyComponentLibrary.cylib\CapSense_P4_v3_10\PSoC4\Library\Capsense_P4Library_GCCp.a" -mcpu=cortex-m0plus -mthumb -g -ffunction-sections -Os -ffat-lto-objects -L Generated_Source\PSoC4 -Wl,-Map,.\CortexM0p\ARM_GCC_493\Release/Talking_Clock.map -T C:\cypress\TalkingClock\Talking_Clock.cydsn\Generated_Source\PSoC4\cm0plusgcc.ld -specs=nano.specs -Wl,--gc-sections -Wl,--end-group
cyelftool.exe -C C:\cypress\TalkingClock\Talking_Clock.cydsn\CortexM0p\ARM_GCC_493\Release\Talking_Clock.elf --flash_row_size 128 --flash_size 32768
cyelftool.exe -S C:\cypress\TalkingClock\Talking_Clock.cydsn\CortexM0p\ARM_GCC_493\Release\Talking_Clock.elf
Flash used: 28806 of 32768 bytes (87,9 %).
SRAM used: 2328 of 4096 bytes (56,8 %). Stack: 1024 bytes. Heap: 128 bytes.
--------------- Rebuild Succeeded: 02/20/2017 16:22:10 ---------------
